[0.014s] Invoking command in '/home/ryung/Desktop/strider_ws/build/controller_interfaces': CMAKE_PREFIX_PATH=/opt/ros/humble /usr/bin/cmake /home/ryung/Desktop/strider_ws/src/Controller/controller_interfaces -DCMAKE_INSTALL_PREFIX=/home/ryung/Desktop/strider_ws/install/controller_interfaces
[0.171s] -- The C compiler identification is GNU 11.4.0
[0.264s] -- The CXX compiler identification is GNU 11.4.0
[0.271s] -- Detecting C compiler ABI info
[0.318s] -- Detecting C compiler ABI info - done
[0.325s] -- Check for working C compiler: /usr/bin/cc - skipped
[0.325s] -- Detecting C compile features
[0.326s] -- Detecting C compile features - done
[0.328s] -- Detecting CXX compiler ABI info
[0.373s] -- Detecting CXX compiler ABI info - done
[0.378s] -- Check for working CXX compiler: /usr/bin/c++ - skipped
[0.378s] -- Detecting CXX compile features
[0.378s] -- Detecting CXX compile features - done
[0.381s] -- Found ament_cmake: 1.3.11 (/opt/ros/humble/share/ament_cmake/cmake)
[0.522s] -- Found Python3: /usr/bin/python3 (found version "3.10.12") found components: Interpreter 
[0.595s] -- Found rosidl_default_generators: 1.2.0 (/opt/ros/humble/share/rosidl_default_generators/cmake)
[0.598s] -- Using all available rosidl_typesupport_c: rosidl_typesupport_fastrtps_c;rosidl_typesupport_introspection_c
[0.603s] -- Found rosidl_adapter: 3.1.6 (/opt/ros/humble/share/rosidl_adapter/cmake)
[0.655s] -- Using all available rosidl_typesupport_cpp: rosidl_typesupport_fastrtps_cpp;rosidl_typesupport_introspection_cpp
[0.809s] -- Found Python3: /usr/bin/python3 (found version "3.10.12") found components: Interpreter Development Development.Module Development.Embed 
[0.860s] -- Found Python3: /usr/bin/python3 (found version "3.10.12") found components: Interpreter 
[1.003s] -- Found ament_cmake_ros: 0.10.0 (/opt/ros/humble/share/ament_cmake_ros/cmake)
[1.166s] -- Using all available rosidl_typesupport_c: rosidl_typesupport_fastrtps_c;rosidl_typesupport_introspection_c
[1.364s] -- Using all available rosidl_typesupport_cpp: rosidl_typesupport_fastrtps_cpp;rosidl_typesupport_introspection_cpp
[1.385s] -- Found PythonInterp: /usr/bin/python3 (found suitable version "3.10.12", minimum required is "3.6") 
[1.386s] -- Found python_cmake_module: 0.10.0 (/opt/ros/humble/share/python_cmake_module/cmake)
[1.409s] -- Found PythonLibs: /usr/lib/x86_64-linux-gnu/libpython3.10.so (found suitable version "3.10.12", minimum required is "3.5") 
[1.409s] -- Using PYTHON_EXECUTABLE: /usr/bin/python3
[1.409s] -- Using PYTHON_INCLUDE_DIRS: /usr/include/python3.10
[1.409s] -- Using PYTHON_LIBRARIES: /usr/lib/x86_64-linux-gnu/libpython3.10.so
[1.429s] -- Found PythonExtra: .so  
[1.464s] -- Configuring done
[1.487s] -- Generating done
[1.496s] -- Build files have been written to: /home/ryung/Desktop/strider_ws/build/controller_interfaces
[1.497s] Invoked command in '/home/ryung/Desktop/strider_ws/build/controller_interfaces' returned '0': CMAKE_PREFIX_PATH=/opt/ros/humble /usr/bin/cmake /home/ryung/Desktop/strider_ws/src/Controller/controller_interfaces -DCMAKE_INSTALL_PREFIX=/home/ryung/Desktop/strider_ws/install/controller_interfaces
[1.498s] Invoking command in '/home/ryung/Desktop/strider_ws/build/controller_interfaces': CMAKE_PREFIX_PATH=/opt/ros/humble /usr/bin/cmake --build /home/ryung/Desktop/strider_ws/build/controller_interfaces -- -j16 -l16
[1.524s] [  2%] [34m[1mGenerating C code for ROS interfaces[0m
[1.539s] [  2%] Built target ament_cmake_python_copy_controller_interfaces
[1.539s] [  5%] [34m[1mGenerating C++ code for ROS interfaces[0m
[1.783s] running egg_info
[1.783s] creating controller_interfaces.egg-info
[1.784s] writing controller_interfaces.egg-info/PKG-INFO
[1.784s] writing dependency_links to controller_interfaces.egg-info/dependency_links.txt
[1.784s] writing top-level names to controller_interfaces.egg-info/top_level.txt
[1.785s] writing manifest file 'controller_interfaces.egg-info/SOURCES.txt'
[1.787s] reading manifest file 'controller_interfaces.egg-info/SOURCES.txt'
[1.787s] writing manifest file 'controller_interfaces.egg-info/SOURCES.txt'
[1.824s] [  5%] Built target ament_cmake_python_build_controller_interfaces_egg
[2.162s] [  5%] Built target controller_interfaces__cpp
[2.184s] [  7%] [34m[1mGenerating C++ type support for eProsima Fast-RTPS[0m
[2.185s] [ 10%] [34m[1mGenerating C++ introspection for ROS interfaces[0m
[2.190s] [ 12%] [34m[1mGenerating C++ type support dispatch for ROS interfaces[0m
[2.306s] [ 15%] [32mBuilding C object CMakeFiles/controller_interfaces__rosidl_generator_c.dir/rosidl_generator_c/controller_interfaces/msg/detail/controller_output__functions.c.o[0m
[2.310s] [ 17%] [32mBuilding C object CMakeFiles/controller_interfaces__rosidl_generator_c.dir/rosidl_generator_c/controller_interfaces/msg/detail/controller_debug_val__functions.c.o[0m
[2.459s] [ 20%] [32m[1mLinking C shared library libcontroller_interfaces__rosidl_generator_c.so[0m
[2.548s] [ 20%] Built target controller_interfaces__rosidl_generator_c
[2.573s] [ 23%] [34m[1mGenerating C introspection for ROS interfaces[0m
[2.590s] [ 25%] [34m[1mGenerating C type support dispatch for ROS interfaces[0m
[2.590s] [ 28%] [34m[1mGenerating C type support for eProsima Fast-RTPS[0m
[2.885s] [ 30%] [32mBuilding CXX object CMakeFiles/controller_interfaces__rosidl_typesupport_cpp.dir/rosidl_typesupport_cpp/controller_interfaces/msg/controller_debug_val__type_support.cpp.o[0m
[2.901s] [ 33%] [32mBuilding CXX object CMakeFiles/controller_interfaces__rosidl_typesupport_cpp.dir/rosidl_typesupport_cpp/controller_interfaces/msg/controller_output__type_support.cpp.o[0m
[3.263s] [ 35%] [32mBuilding C object CMakeFiles/controller_interfaces__rosidl_typesupport_introspection_c.dir/rosidl_typesupport_introspection_c/controller_interfaces/msg/detail/controller_output__type_support.c.o[0m
[3.276s] [ 38%] [32mBuilding C object CMakeFiles/controller_interfaces__rosidl_typesupport_introspection_c.dir/rosidl_typesupport_introspection_c/controller_interfaces/msg/detail/controller_debug_val__type_support.c.o[0m
[3.278s] [ 41%] [32m[1mLinking CXX shared library libcontroller_interfaces__rosidl_typesupport_cpp.so[0m
[3.363s] [ 41%] Built target controller_interfaces__rosidl_typesupport_cpp
[3.470s] [ 43%] [32m[1mLinking C shared library libcontroller_interfaces__rosidl_typesupport_introspection_c.so[0m
[3.537s] [ 43%] Built target controller_interfaces__rosidl_typesupport_introspection_c
[3.635s] [ 46%] [32mBuilding CXX object CMakeFiles/controller_interfaces__rosidl_typesupport_fastrtps_cpp.dir/rosidl_typesupport_fastrtps_cpp/controller_interfaces/msg/detail/dds_fastrtps/controller_output__type_support.cpp.o[0m
[3.647s] [ 48%] [32mBuilding CXX object CMakeFiles/controller_interfaces__rosidl_typesupport_fastrtps_cpp.dir/rosidl_typesupport_fastrtps_cpp/controller_interfaces/msg/detail/dds_fastrtps/controller_debug_val__type_support.cpp.o[0m
[3.796s] [ 51%] [32mBuilding CXX object CMakeFiles/controller_interfaces__rosidl_typesupport_introspection_cpp.dir/rosidl_typesupport_introspection_cpp/controller_interfaces/msg/detail/controller_output__type_support.cpp.o[0m
[3.804s] [ 53%] [32mBuilding CXX object CMakeFiles/controller_interfaces__rosidl_typesupport_introspection_cpp.dir/rosidl_typesupport_introspection_cpp/controller_interfaces/msg/detail/controller_debug_val__type_support.cpp.o[0m
[3.871s] [ 56%] [32mBuilding CXX object CMakeFiles/controller_interfaces__rosidl_typesupport_c.dir/rosidl_typesupport_c/controller_interfaces/msg/controller_output__type_support.cpp.o[0m
[3.876s] [ 58%] [32mBuilding CXX object CMakeFiles/controller_interfaces__rosidl_typesupport_c.dir/rosidl_typesupport_c/controller_interfaces/msg/controller_debug_val__type_support.cpp.o[0m
[3.925s] [ 61%] [32m[1mLinking CXX shared library libcontroller_interfaces__rosidl_typesupport_c.so[0m
[3.964s] [ 64%] [32mBuilding CXX object CMakeFiles/controller_interfaces__rosidl_typesupport_fastrtps_c.dir/rosidl_typesupport_fastrtps_c/controller_interfaces/msg/detail/controller_debug_val__type_support_c.cpp.o[0m
[3.965s] [ 66%] [32mBuilding CXX object CMakeFiles/controller_interfaces__rosidl_typesupport_fastrtps_c.dir/rosidl_typesupport_fastrtps_c/controller_interfaces/msg/detail/controller_output__type_support_c.cpp.o[0m
[3.969s] [ 66%] Built target controller_interfaces__rosidl_typesupport_c
[4.093s] [ 69%] [32m[1mLinking CXX shared library libcontroller_interfaces__rosidl_typesupport_fastrtps_cpp.so[0m
[4.149s] [ 71%] [32m[1mLinking CXX shared library libcontroller_interfaces__rosidl_typesupport_introspection_cpp.so[0m
[4.168s] [ 71%] Built target controller_interfaces__rosidl_typesupport_fastrtps_cpp
[4.206s] [ 71%] Built target controller_interfaces__rosidl_typesupport_introspection_cpp
[4.242s] [ 74%] [32m[1mLinking CXX shared library libcontroller_interfaces__rosidl_typesupport_fastrtps_c.so[0m
[4.293s] [ 74%] Built target controller_interfaces__rosidl_typesupport_fastrtps_c
[4.308s] [ 74%] Built target controller_interfaces
[4.327s] [ 76%] [34m[1mGenerating Python code for ROS interfaces[0m
[4.848s] [ 76%] Built target controller_interfaces__py
[4.860s] [ 79%] [32mBuilding C object CMakeFiles/controller_interfaces__rosidl_generator_py.dir/rosidl_generator_py/controller_interfaces/msg/_controller_output_s.c.o[0m
[4.862s] [ 82%] [32mBuilding C object CMakeFiles/controller_interfaces__rosidl_generator_py.dir/rosidl_generator_py/controller_interfaces/msg/_controller_debug_val_s.c.o[0m
[4.972s] [ 84%] [32m[1mLinking C shared library rosidl_generator_py/controller_interfaces/libcontroller_interfaces__rosidl_generator_py.so[0m
[4.997s] [ 84%] Built target controller_interfaces__rosidl_generator_py
[5.009s] [ 87%] [32mBuilding C object CMakeFiles/controller_interfaces__rosidl_typesupport_introspection_c__pyext.dir/rosidl_generator_py/controller_interfaces/_controller_interfaces_s.ep.rosidl_typesupport_introspection_c.c.o[0m
[5.012s] [ 89%] [32mBuilding C object CMakeFiles/controller_interfaces__rosidl_typesupport_c__pyext.dir/rosidl_generator_py/controller_interfaces/_controller_interfaces_s.ep.rosidl_typesupport_c.c.o[0m
[5.012s] [ 92%] [32mBuilding C object CMakeFiles/controller_interfaces__rosidl_typesupport_fastrtps_c__pyext.dir/rosidl_generator_py/controller_interfaces/_controller_interfaces_s.ep.rosidl_typesupport_fastrtps_c.c.o[0m
[5.070s] [ 94%] [32m[1mLinking C shared library rosidl_generator_py/controller_interfaces/controller_interfaces_s__rosidl_typesupport_c.cpython-310-x86_64-linux-gnu.so[0m
[5.070s] [ 97%] [32m[1mLinking C shared library rosidl_generator_py/controller_interfaces/controller_interfaces_s__rosidl_typesupport_introspection_c.cpython-310-x86_64-linux-gnu.so[0m
[5.090s] [ 97%] Built target controller_interfaces__rosidl_typesupport_c__pyext
[5.091s] [ 97%] Built target controller_interfaces__rosidl_typesupport_introspection_c__pyext
[5.103s] [100%] [32m[1mLinking C shared library rosidl_generator_py/controller_interfaces/controller_interfaces_s__rosidl_typesupport_fastrtps_c.cpython-310-x86_64-linux-gnu.so[0m
[5.123s] [100%] Built target controller_interfaces__rosidl_typesupport_fastrtps_c__pyext
[5.129s] Invoked command in '/home/ryung/Desktop/strider_ws/build/controller_interfaces' returned '0': CMAKE_PREFIX_PATH=/opt/ros/humble /usr/bin/cmake --build /home/ryung/Desktop/strider_ws/build/controller_interfaces -- -j16 -l16
[5.131s] Invoking command in '/home/ryung/Desktop/strider_ws/build/controller_interfaces': CMAKE_PREFIX_PATH=/opt/ros/humble /usr/bin/cmake --install /home/ryung/Desktop/strider_ws/build/controller_interfaces
[5.137s] -- Install configuration: ""
[5.137s] -- Installing: /home/ryung/Desktop/strider_ws/install/controller_interfaces/share/ament_index/resource_index/rosidl_interfaces/controller_interfaces
[5.137s] -- Installing: /home/ryung/Desktop/strider_ws/install/controller_interfaces/include/controller_interfaces/controller_interfaces
[5.137s] -- Installing: /home/ryung/Desktop/strider_ws/install/controller_interfaces/include/controller_interfaces/controller_interfaces/msg
[5.137s] -- Installing: /home/ryung/Desktop/strider_ws/install/controller_interfaces/include/controller_interfaces/controller_interfaces/msg/controller_output.h
[5.138s] -- Installing: /home/ryung/Desktop/strider_ws/install/controller_interfaces/include/controller_interfaces/controller_interfaces/msg/controller_debug_val.h
[5.138s] -- Installing: /home/ryung/Desktop/strider_ws/install/controller_interfaces/include/controller_interfaces/controller_interfaces/msg/detail
[5.138s] -- Installing: /home/ryung/Desktop/strider_ws/install/controller_interfaces/include/controller_interfaces/controller_interfaces/msg/detail/controller_debug_val__functions.c
[5.138s] -- Installing: /home/ryung/Desktop/strider_ws/install/controller_interfaces/include/controller_interfaces/controller_interfaces/msg/detail/controller_output__struct.h
[5.138s] -- Installing: /home/ryung/Desktop/strider_ws/install/controller_interfaces/include/controller_interfaces/controller_interfaces/msg/detail/controller_output__functions.h
[5.138s] -- Installing: /home/ryung/Desktop/strider_ws/install/controller_interfaces/include/controller_interfaces/controller_interfaces/msg/detail/controller_debug_val__type_support.h
[5.138s] -- Installing: /home/ryung/Desktop/strider_ws/install/controller_interfaces/include/controller_interfaces/controller_interfaces/msg/detail/controller_debug_val__struct.h
[5.138s] -- Installing: /home/ryung/Desktop/strider_ws/install/controller_interfaces/include/controller_interfaces/controller_interfaces/msg/detail/controller_output__functions.c
[5.138s] -- Installing: /home/ryung/Desktop/strider_ws/install/controller_interfaces/include/controller_interfaces/controller_interfaces/msg/detail/controller_debug_val__functions.h
[5.138s] -- Installing: /home/ryung/Desktop/strider_ws/install/controller_interfaces/include/controller_interfaces/controller_interfaces/msg/detail/controller_output__type_support.h
[5.138s] -- Installing: /home/ryung/Desktop/strider_ws/install/controller_interfaces/include/controller_interfaces/controller_interfaces/msg/rosidl_generator_c__visibility_control.h
[5.138s] -- Installing: /home/ryung/Desktop/strider_ws/install/controller_interfaces/share/controller_interfaces/environment/library_path.sh
[5.139s] -- Installing: /home/ryung/Desktop/strider_ws/install/controller_interfaces/share/controller_interfaces/environment/library_path.dsv
[5.139s] -- Installing: /home/ryung/Desktop/strider_ws/install/controller_interfaces/lib/libcontroller_interfaces__rosidl_generator_c.so
[5.139s] -- Set runtime path of "/home/ryung/Desktop/strider_ws/install/controller_interfaces/lib/libcontroller_interfaces__rosidl_generator_c.so" to ""
[5.139s] -- Up-to-date: /home/ryung/Desktop/strider_ws/install/controller_interfaces/include/controller_interfaces/controller_interfaces
[5.139s] -- Up-to-date: /home/ryung/Desktop/strider_ws/install/controller_interfaces/include/controller_interfaces/controller_interfaces/msg
[5.139s] -- Installing: /home/ryung/Desktop/strider_ws/install/controller_interfaces/include/controller_interfaces/controller_interfaces/msg/rosidl_typesupport_fastrtps_c__visibility_control.h
[5.139s] -- Up-to-date: /home/ryung/Desktop/strider_ws/install/controller_interfaces/include/controller_interfaces/controller_interfaces/msg/detail
[5.139s] -- Installing: /home/ryung/Desktop/strider_ws/install/controller_interfaces/include/controller_interfaces/controller_interfaces/msg/detail/controller_output__rosidl_typesupport_fastrtps_c.h
[5.139s] -- Installing: /home/ryung/Desktop/strider_ws/install/controller_interfaces/include/controller_interfaces/controller_interfaces/msg/detail/controller_debug_val__rosidl_typesupport_fastrtps_c.h
[5.140s] -- Installing: /home/ryung/Desktop/strider_ws/install/controller_interfaces/lib/libcontroller_interfaces__rosidl_typesupport_fastrtps_c.so
[5.140s] -- Set runtime path of "/home/ryung/Desktop/strider_ws/install/controller_interfaces/lib/libcontroller_interfaces__rosidl_typesupport_fastrtps_c.so" to ""
[5.140s] -- Up-to-date: /home/ryung/Desktop/strider_ws/install/controller_interfaces/include/controller_interfaces/controller_interfaces
[5.140s] -- Up-to-date: /home/ryung/Desktop/strider_ws/install/controller_interfaces/include/controller_interfaces/controller_interfaces/msg
[5.140s] -- Installing: /home/ryung/Desktop/strider_ws/install/controller_interfaces/include/controller_interfaces/controller_interfaces/msg/rosidl_typesupport_introspection_c__visibility_control.h
[5.140s] -- Up-to-date: /home/ryung/Desktop/strider_ws/install/controller_interfaces/include/controller_interfaces/controller_interfaces/msg/detail
[5.140s] -- Installing: /home/ryung/Desktop/strider_ws/install/controller_interfaces/include/controller_interfaces/controller_interfaces/msg/detail/controller_output__type_support.c
[5.140s] -- Installing: /home/ryung/Desktop/strider_ws/install/controller_interfaces/include/controller_interfaces/controller_interfaces/msg/detail/controller_debug_val__type_support.c
[5.140s] -- Installing: /home/ryung/Desktop/strider_ws/install/controller_interfaces/include/controller_interfaces/controller_interfaces/msg/detail/controller_output__rosidl_typesupport_introspection_c.h
[5.140s] -- Installing: /home/ryung/Desktop/strider_ws/install/controller_interfaces/include/controller_interfaces/controller_interfaces/msg/detail/controller_debug_val__rosidl_typesupport_introspection_c.h
[5.140s] -- Installing: /home/ryung/Desktop/strider_ws/install/controller_interfaces/lib/libcontroller_interfaces__rosidl_typesupport_introspection_c.so
[5.140s] -- Set runtime path of "/home/ryung/Desktop/strider_ws/install/controller_interfaces/lib/libcontroller_interfaces__rosidl_typesupport_introspection_c.so" to ""
[5.140s] -- Installing: /home/ryung/Desktop/strider_ws/install/controller_interfaces/lib/libcontroller_interfaces__rosidl_typesupport_c.so
[5.140s] -- Set runtime path of "/home/ryung/Desktop/strider_ws/install/controller_interfaces/lib/libcontroller_interfaces__rosidl_typesupport_c.so" to ""
[5.140s] -- Up-to-date: /home/ryung/Desktop/strider_ws/install/controller_interfaces/include/controller_interfaces/controller_interfaces
[5.140s] -- Up-to-date: /home/ryung/Desktop/strider_ws/install/controller_interfaces/include/controller_interfaces/controller_interfaces/msg
[5.140s] -- Installing: /home/ryung/Desktop/strider_ws/install/controller_interfaces/include/controller_interfaces/controller_interfaces/msg/controller_output.hpp
[5.141s] -- Installing: /home/ryung/Desktop/strider_ws/install/controller_interfaces/include/controller_interfaces/controller_interfaces/msg/controller_debug_val.hpp
[5.141s] -- Installing: /home/ryung/Desktop/strider_ws/install/controller_interfaces/include/controller_interfaces/controller_interfaces/msg/rosidl_generator_cpp__visibility_control.hpp
[5.141s] -- Up-to-date: /home/ryung/Desktop/strider_ws/install/controller_interfaces/include/controller_interfaces/controller_interfaces/msg/detail
[5.141s] -- Installing: /home/ryung/Desktop/strider_ws/install/controller_interfaces/include/controller_interfaces/controller_interfaces/msg/detail/controller_debug_val__builder.hpp
[5.141s] -- Installing: /home/ryung/Desktop/strider_ws/install/controller_interfaces/include/controller_interfaces/controller_interfaces/msg/detail/controller_debug_val__struct.hpp
[5.141s] -- Installing: /home/ryung/Desktop/strider_ws/install/controller_interfaces/include/controller_interfaces/controller_interfaces/msg/detail/controller_output__struct.hpp
[5.141s] -- Installing: /home/ryung/Desktop/strider_ws/install/controller_interfaces/include/controller_interfaces/controller_interfaces/msg/detail/controller_output__traits.hpp
[5.141s] -- Installing: /home/ryung/Desktop/strider_ws/install/controller_interfaces/include/controller_interfaces/controller_interfaces/msg/detail/controller_output__type_support.hpp
[5.141s] -- Installing: /home/ryung/Desktop/strider_ws/install/controller_interfaces/include/controller_interfaces/controller_interfaces/msg/detail/controller_debug_val__type_support.hpp
[5.141s] -- Installing: /home/ryung/Desktop/strider_ws/install/controller_interfaces/include/controller_interfaces/controller_interfaces/msg/detail/controller_debug_val__traits.hpp
[5.141s] -- Installing: /home/ryung/Desktop/strider_ws/install/controller_interfaces/include/controller_interfaces/controller_interfaces/msg/detail/controller_output__builder.hpp
[5.141s] -- Up-to-date: /home/ryung/Desktop/strider_ws/install/controller_interfaces/include/controller_interfaces/controller_interfaces
[5.141s] -- Up-to-date: /home/ryung/Desktop/strider_ws/install/controller_interfaces/include/controller_interfaces/controller_interfaces/msg
[5.141s] -- Installing: /home/ryung/Desktop/strider_ws/install/controller_interfaces/include/controller_interfaces/controller_interfaces/msg/rosidl_typesupport_fastrtps_cpp__visibility_control.h
[5.141s] -- Up-to-date: /home/ryung/Desktop/strider_ws/install/controller_interfaces/include/controller_interfaces/controller_interfaces/msg/detail
[5.141s] -- Installing: /home/ryung/Desktop/strider_ws/install/controller_interfaces/include/controller_interfaces/controller_interfaces/msg/detail/controller_output__rosidl_typesupport_fastrtps_cpp.hpp
[5.141s] -- Installing: /home/ryung/Desktop/strider_ws/install/controller_interfaces/include/controller_interfaces/controller_interfaces/msg/detail/controller_debug_val__rosidl_typesupport_fastrtps_cpp.hpp
[5.141s] -- Installing: /home/ryung/Desktop/strider_ws/install/controller_interfaces/include/controller_interfaces/controller_interfaces/msg/detail/dds_fastrtps
[5.141s] -- Installing: /home/ryung/Desktop/strider_ws/install/controller_interfaces/lib/libcontroller_interfaces__rosidl_typesupport_fastrtps_cpp.so
[5.141s] -- Set runtime path of "/home/ryung/Desktop/strider_ws/install/controller_interfaces/lib/libcontroller_interfaces__rosidl_typesupport_fastrtps_cpp.so" to ""
[5.141s] -- Up-to-date: /home/ryung/Desktop/strider_ws/install/controller_interfaces/include/controller_interfaces/controller_interfaces
[5.141s] -- Up-to-date: /home/ryung/Desktop/strider_ws/install/controller_interfaces/include/controller_interfaces/controller_interfaces/msg
[5.141s] -- Up-to-date: /home/ryung/Desktop/strider_ws/install/controller_interfaces/include/controller_interfaces/controller_interfaces/msg/detail
[5.142s] -- Installing: /home/ryung/Desktop/strider_ws/install/controller_interfaces/include/controller_interfaces/controller_interfaces/msg/detail/controller_debug_val__rosidl_typesupport_introspection_cpp.hpp
[5.142s] -- Installing: /home/ryung/Desktop/strider_ws/install/controller_interfaces/include/controller_interfaces/controller_interfaces/msg/detail/controller_debug_val__type_support.cpp
[5.142s] -- Installing: /home/ryung/Desktop/strider_ws/install/controller_interfaces/include/controller_interfaces/controller_interfaces/msg/detail/controller_output__type_support.cpp
[5.142s] -- Installing: /home/ryung/Desktop/strider_ws/install/controller_interfaces/include/controller_interfaces/controller_interfaces/msg/detail/controller_output__rosidl_typesupport_introspection_cpp.hpp
[5.142s] -- Installing: /home/ryung/Desktop/strider_ws/install/controller_interfaces/lib/libcontroller_interfaces__rosidl_typesupport_introspection_cpp.so
[5.142s] -- Set runtime path of "/home/ryung/Desktop/strider_ws/install/controller_interfaces/lib/libcontroller_interfaces__rosidl_typesupport_introspection_cpp.so" to ""
[5.142s] -- Installing: /home/ryung/Desktop/strider_ws/install/controller_interfaces/lib/libcontroller_interfaces__rosidl_typesupport_cpp.so
[5.142s] -- Set runtime path of "/home/ryung/Desktop/strider_ws/install/controller_interfaces/lib/libcontroller_interfaces__rosidl_typesupport_cpp.so" to ""
[5.142s] -- Installing: /home/ryung/Desktop/strider_ws/install/controller_interfaces/share/controller_interfaces/environment/pythonpath.sh
[5.142s] -- Installing: /home/ryung/Desktop/strider_ws/install/controller_interfaces/share/controller_interfaces/environment/pythonpath.dsv
[5.142s] -- Installing: /home/ryung/Desktop/strider_ws/install/controller_interfaces/local/lib/python3.10/dist-packages/controller_interfaces-0.0.0-py3.10.egg-info
[5.142s] -- Installing: /home/ryung/Desktop/strider_ws/install/controller_interfaces/local/lib/python3.10/dist-packages/controller_interfaces-0.0.0-py3.10.egg-info/SOURCES.txt
[5.142s] -- Installing: /home/ryung/Desktop/strider_ws/install/controller_interfaces/local/lib/python3.10/dist-packages/controller_interfaces-0.0.0-py3.10.egg-info/top_level.txt
[5.142s] -- Installing: /home/ryung/Desktop/strider_ws/install/controller_interfaces/local/lib/python3.10/dist-packages/controller_interfaces-0.0.0-py3.10.egg-info/PKG-INFO
[5.142s] -- Installing: /home/ryung/Desktop/strider_ws/install/controller_interfaces/local/lib/python3.10/dist-packages/controller_interfaces-0.0.0-py3.10.egg-info/dependency_links.txt
[5.142s] -- Installing: /home/ryung/Desktop/strider_ws/install/controller_interfaces/local/lib/python3.10/dist-packages/controller_interfaces
[5.142s] -- Installing: /home/ryung/Desktop/strider_ws/install/controller_interfaces/local/lib/python3.10/dist-packages/controller_interfaces/_controller_interfaces_s.ep.rosidl_typesupport_introspection_c.c
[5.142s] -- Installing: /home/ryung/Desktop/strider_ws/install/controller_interfaces/local/lib/python3.10/dist-packages/controller_interfaces/controller_interfaces_s__rosidl_typesupport_introspection_c.cpython-310-x86_64-linux-gnu.so
[5.142s] -- Installing: /home/ryung/Desktop/strider_ws/install/controller_interfaces/local/lib/python3.10/dist-packages/controller_interfaces/msg
[5.142s] -- Installing: /home/ryung/Desktop/strider_ws/install/controller_interfaces/local/lib/python3.10/dist-packages/controller_interfaces/msg/_controller_debug_val.py
[5.142s] -- Installing: /home/ryung/Desktop/strider_ws/install/controller_interfaces/local/lib/python3.10/dist-packages/controller_interfaces/msg/_controller_debug_val_s.c
[5.142s] -- Installing: /home/ryung/Desktop/strider_ws/install/controller_interfaces/local/lib/python3.10/dist-packages/controller_interfaces/msg/_controller_output.py
[5.143s] -- Installing: /home/ryung/Desktop/strider_ws/install/controller_interfaces/local/lib/python3.10/dist-packages/controller_interfaces/msg/__init__.py
[5.143s] -- Installing: /home/ryung/Desktop/strider_ws/install/controller_interfaces/local/lib/python3.10/dist-packages/controller_interfaces/msg/_controller_output_s.c
[5.143s] -- Installing: /home/ryung/Desktop/strider_ws/install/controller_interfaces/local/lib/python3.10/dist-packages/controller_interfaces/controller_interfaces_s__rosidl_typesupport_fastrtps_c.cpython-310-x86_64-linux-gnu.so
[5.143s] -- Installing: /home/ryung/Desktop/strider_ws/install/controller_interfaces/local/lib/python3.10/dist-packages/controller_interfaces/libcontroller_interfaces__rosidl_generator_py.so
[5.143s] -- Installing: /home/ryung/Desktop/strider_ws/install/controller_interfaces/local/lib/python3.10/dist-packages/controller_interfaces/_controller_interfaces_s.ep.rosidl_typesupport_fastrtps_c.c
[5.143s] -- Installing: /home/ryung/Desktop/strider_ws/install/controller_interfaces/local/lib/python3.10/dist-packages/controller_interfaces/controller_interfaces_s__rosidl_typesupport_c.cpython-310-x86_64-linux-gnu.so
[5.143s] -- Installing: /home/ryung/Desktop/strider_ws/install/controller_interfaces/local/lib/python3.10/dist-packages/controller_interfaces/__init__.py
[5.143s] -- Installing: /home/ryung/Desktop/strider_ws/install/controller_interfaces/local/lib/python3.10/dist-packages/controller_interfaces/_controller_interfaces_s.ep.rosidl_typesupport_c.c
[5.170s] Listing '/home/ryung/Desktop/strider_ws/install/controller_interfaces/local/lib/python3.10/dist-packages/controller_interfaces'...
[5.170s] Compiling '/home/ryung/Desktop/strider_ws/install/controller_interfaces/local/lib/python3.10/dist-packages/controller_interfaces/__init__.py'...
[5.170s] Listing '/home/ryung/Desktop/strider_ws/install/controller_interfaces/local/lib/python3.10/dist-packages/controller_interfaces/msg'...
[5.170s] Compiling '/home/ryung/Desktop/strider_ws/install/controller_interfaces/local/lib/python3.10/dist-packages/controller_interfaces/msg/__init__.py'...
[5.170s] Compiling '/home/ryung/Desktop/strider_ws/install/controller_interfaces/local/lib/python3.10/dist-packages/controller_interfaces/msg/_controller_debug_val.py'...
[5.170s] Compiling '/home/ryung/Desktop/strider_ws/install/controller_interfaces/local/lib/python3.10/dist-packages/controller_interfaces/msg/_controller_output.py'...
[5.174s] -- Installing: /home/ryung/Desktop/strider_ws/install/controller_interfaces/local/lib/python3.10/dist-packages/controller_interfaces/controller_interfaces_s__rosidl_typesupport_fastrtps_c.cpython-310-x86_64-linux-gnu.so
[5.175s] -- Set runtime path of "/home/ryung/Desktop/strider_ws/install/controller_interfaces/local/lib/python3.10/dist-packages/controller_interfaces/controller_interfaces_s__rosidl_typesupport_fastrtps_c.cpython-310-x86_64-linux-gnu.so" to ""
[5.175s] -- Installing: /home/ryung/Desktop/strider_ws/install/controller_interfaces/local/lib/python3.10/dist-packages/controller_interfaces/controller_interfaces_s__rosidl_typesupport_introspection_c.cpython-310-x86_64-linux-gnu.so
[5.175s] -- Set runtime path of "/home/ryung/Desktop/strider_ws/install/controller_interfaces/local/lib/python3.10/dist-packages/controller_interfaces/controller_interfaces_s__rosidl_typesupport_introspection_c.cpython-310-x86_64-linux-gnu.so" to ""
[5.175s] -- Installing: /home/ryung/Desktop/strider_ws/install/controller_interfaces/local/lib/python3.10/dist-packages/controller_interfaces/controller_interfaces_s__rosidl_typesupport_c.cpython-310-x86_64-linux-gnu.so
[5.175s] -- Set runtime path of "/home/ryung/Desktop/strider_ws/install/controller_interfaces/local/lib/python3.10/dist-packages/controller_interfaces/controller_interfaces_s__rosidl_typesupport_c.cpython-310-x86_64-linux-gnu.so" to ""
[5.175s] -- Installing: /home/ryung/Desktop/strider_ws/install/controller_interfaces/lib/libcontroller_interfaces__rosidl_generator_py.so
[5.176s] -- Set runtime path of "/home/ryung/Desktop/strider_ws/install/controller_interfaces/lib/libcontroller_interfaces__rosidl_generator_py.so" to ""
[5.176s] -- Installing: /home/ryung/Desktop/strider_ws/install/controller_interfaces/share/controller_interfaces/msg/ControllerOutput.idl
[5.177s] -- Installing: /home/ryung/Desktop/strider_ws/install/controller_interfaces/share/controller_interfaces/msg/ControllerDebugVal.idl
[5.177s] -- Installing: /home/ryung/Desktop/strider_ws/install/controller_interfaces/share/controller_interfaces/msg/ControllerOutput.msg
[5.177s] -- Installing: /home/ryung/Desktop/strider_ws/install/controller_interfaces/share/controller_interfaces/msg/ControllerDebugVal.msg
[5.177s] -- Up-to-date: /home/ryung/Desktop/strider_ws/install/controller_interfaces/include
[5.177s] -- Up-to-date: /home/ryung/Desktop/strider_ws/install/controller_interfaces/include/controller_interfaces
[5.177s] -- Installing: /home/ryung/Desktop/strider_ws/install/controller_interfaces/include/controller_interfaces/msg
[5.177s] -- Installing: /home/ryung/Desktop/strider_ws/install/controller_interfaces/include/controller_interfaces/msg/controller_output.hpp
[5.177s] -- Installing: /home/ryung/Desktop/strider_ws/install/controller_interfaces/include/controller_interfaces/msg/controller_debug_val.hpp
[5.177s] -- Installing: /home/ryung/Desktop/strider_ws/install/controller_interfaces/include/controller_interfaces/msg/rosidl_generator_cpp__visibility_control.hpp
[5.177s] -- Installing: /home/ryung/Desktop/strider_ws/install/controller_interfaces/include/controller_interfaces/msg/detail
[5.178s] -- Installing: /home/ryung/Desktop/strider_ws/install/controller_interfaces/include/controller_interfaces/msg/detail/controller_debug_val__builder.hpp
[5.178s] -- Installing: /home/ryung/Desktop/strider_ws/install/controller_interfaces/include/controller_interfaces/msg/detail/controller_debug_val__struct.hpp
[5.178s] -- Installing: /home/ryung/Desktop/strider_ws/install/controller_interfaces/include/controller_interfaces/msg/detail/controller_output__struct.hpp
[5.178s] -- Installing: /home/ryung/Desktop/strider_ws/install/controller_interfaces/include/controller_interfaces/msg/detail/controller_output__traits.hpp
[5.178s] -- Installing: /home/ryung/Desktop/strider_ws/install/controller_interfaces/include/controller_interfaces/msg/detail/controller_output__type_support.hpp
[5.178s] -- Installing: /home/ryung/Desktop/strider_ws/install/controller_interfaces/include/controller_interfaces/msg/detail/controller_debug_val__type_support.hpp
[5.178s] -- Installing: /home/ryung/Desktop/strider_ws/install/controller_interfaces/include/controller_interfaces/msg/detail/controller_debug_val__traits.hpp
[5.178s] -- Installing: /home/ryung/Desktop/strider_ws/install/controller_interfaces/include/controller_interfaces/msg/detail/controller_output__builder.hpp
[5.178s] -- Installing: /home/ryung/Desktop/strider_ws/install/controller_interfaces/share/ament_index/resource_index/package_run_dependencies/controller_interfaces
[5.178s] -- Installing: /home/ryung/Desktop/strider_ws/install/controller_interfaces/share/ament_index/resource_index/parent_prefix_path/controller_interfaces
[5.178s] -- Installing: /home/ryung/Desktop/strider_ws/install/controller_interfaces/share/controller_interfaces/environment/ament_prefix_path.sh
[5.178s] -- Installing: /home/ryung/Desktop/strider_ws/install/controller_interfaces/share/controller_interfaces/environment/ament_prefix_path.dsv
[5.178s] -- Installing: /home/ryung/Desktop/strider_ws/install/controller_interfaces/share/controller_interfaces/environment/path.sh
[5.179s] -- Installing: /home/ryung/Desktop/strider_ws/install/controller_interfaces/share/controller_interfaces/environment/path.dsv
[5.179s] -- Installing: /home/ryung/Desktop/strider_ws/install/controller_interfaces/share/controller_interfaces/local_setup.bash
[5.179s] -- Installing: /home/ryung/Desktop/strider_ws/install/controller_interfaces/share/controller_interfaces/local_setup.sh
[5.179s] -- Installing: /home/ryung/Desktop/strider_ws/install/controller_interfaces/share/controller_interfaces/local_setup.zsh
[5.179s] -- Installing: /home/ryung/Desktop/strider_ws/install/controller_interfaces/share/controller_interfaces/local_setup.dsv
[5.179s] -- Installing: /home/ryung/Desktop/strider_ws/install/controller_interfaces/share/controller_interfaces/package.dsv
[5.179s] -- Installing: /home/ryung/Desktop/strider_ws/install/controller_interfaces/share/ament_index/resource_index/packages/controller_interfaces
[5.179s] -- Installing: /home/ryung/Desktop/strider_ws/install/controller_interfaces/share/controller_interfaces/cmake/export_controller_interfaces__rosidl_generator_cExport.cmake
[5.179s] -- Installing: /home/ryung/Desktop/strider_ws/install/controller_interfaces/share/controller_interfaces/cmake/export_controller_interfaces__rosidl_generator_cExport-noconfig.cmake
[5.179s] -- Installing: /home/ryung/Desktop/strider_ws/install/controller_interfaces/share/controller_interfaces/cmake/export_controller_interfaces__rosidl_typesupport_fastrtps_cExport.cmake
[5.179s] -- Installing: /home/ryung/Desktop/strider_ws/install/controller_interfaces/share/controller_interfaces/cmake/export_controller_interfaces__rosidl_typesupport_fastrtps_cExport-noconfig.cmake
[5.179s] -- Installing: /home/ryung/Desktop/strider_ws/install/controller_interfaces/share/controller_interfaces/cmake/controller_interfaces__rosidl_typesupport_introspection_cExport.cmake
[5.179s] -- Installing: /home/ryung/Desktop/strider_ws/install/controller_interfaces/share/controller_interfaces/cmake/controller_interfaces__rosidl_typesupport_introspection_cExport-noconfig.cmake
[5.179s] -- Installing: /home/ryung/Desktop/strider_ws/install/controller_interfaces/share/controller_interfaces/cmake/controller_interfaces__rosidl_typesupport_cExport.cmake
[5.179s] -- Installing: /home/ryung/Desktop/strider_ws/install/controller_interfaces/share/controller_interfaces/cmake/controller_interfaces__rosidl_typesupport_cExport-noconfig.cmake
[5.179s] -- Installing: /home/ryung/Desktop/strider_ws/install/controller_interfaces/share/controller_interfaces/cmake/export_controller_interfaces__rosidl_generator_cppExport.cmake
[5.179s] -- Installing: /home/ryung/Desktop/strider_ws/install/controller_interfaces/share/controller_interfaces/cmake/export_controller_interfaces__rosidl_typesupport_fastrtps_cppExport.cmake
[5.179s] -- Installing: /home/ryung/Desktop/strider_ws/install/controller_interfaces/share/controller_interfaces/cmake/export_controller_interfaces__rosidl_typesupport_fastrtps_cppExport-noconfig.cmake
[5.180s] -- Installing: /home/ryung/Desktop/strider_ws/install/controller_interfaces/share/controller_interfaces/cmake/controller_interfaces__rosidl_typesupport_introspection_cppExport.cmake
[5.180s] -- Installing: /home/ryung/Desktop/strider_ws/install/controller_interfaces/share/controller_interfaces/cmake/controller_interfaces__rosidl_typesupport_introspection_cppExport-noconfig.cmake
[5.181s] -- Installing: /home/ryung/Desktop/strider_ws/install/controller_interfaces/share/controller_interfaces/cmake/controller_interfaces__rosidl_typesupport_cppExport.cmake
[5.181s] -- Installing: /home/ryung/Desktop/strider_ws/install/controller_interfaces/share/controller_interfaces/cmake/controller_interfaces__rosidl_typesupport_cppExport-noconfig.cmake
[5.181s] -- Installing: /home/ryung/Desktop/strider_ws/install/controller_interfaces/share/controller_interfaces/cmake/export_controller_interfaces__rosidl_generator_pyExport.cmake
[5.181s] -- Installing: /home/ryung/Desktop/strider_ws/install/controller_interfaces/share/controller_interfaces/cmake/export_controller_interfaces__rosidl_generator_pyExport-noconfig.cmake
[5.181s] -- Installing: /home/ryung/Desktop/strider_ws/install/controller_interfaces/share/controller_interfaces/cmake/rosidl_cmake-extras.cmake
[5.182s] -- Installing: /home/ryung/Desktop/strider_ws/install/controller_interfaces/share/controller_interfaces/cmake/ament_cmake_export_include_directories-extras.cmake
[5.182s] -- Installing: /home/ryung/Desktop/strider_ws/install/controller_interfaces/share/controller_interfaces/cmake/ament_cmake_export_libraries-extras.cmake
[5.182s] -- Installing: /home/ryung/Desktop/strider_ws/install/controller_interfaces/share/controller_interfaces/cmake/ament_cmake_export_targets-extras.cmake
[5.182s] -- Installing: /home/ryung/Desktop/strider_ws/install/controller_interfaces/share/controller_interfaces/cmake/rosidl_cmake_export_typesupport_targets-extras.cmake
[5.182s] -- Installing: /home/ryung/Desktop/strider_ws/install/controller_interfaces/share/controller_interfaces/cmake/ament_cmake_export_dependencies-extras.cmake
[5.182s] -- Installing: /home/ryung/Desktop/strider_ws/install/controller_interfaces/share/controller_interfaces/cmake/rosidl_cmake_export_typesupport_libraries-extras.cmake
[5.182s] -- Installing: /home/ryung/Desktop/strider_ws/install/controller_interfaces/share/controller_interfaces/cmake/controller_interfacesConfig.cmake
[5.182s] -- Installing: /home/ryung/Desktop/strider_ws/install/controller_interfaces/share/controller_interfaces/cmake/controller_interfacesConfig-version.cmake
[5.183s] -- Installing: /home/ryung/Desktop/strider_ws/install/controller_interfaces/share/controller_interfaces/package.xml
[5.183s] Invoked command in '/home/ryung/Desktop/strider_ws/build/controller_interfaces' returned '0': CMAKE_PREFIX_PATH=/opt/ros/humble /usr/bin/cmake --install /home/ryung/Desktop/strider_ws/build/controller_interfaces
