[0.008s] Invoking command in '/home/ryung/Desktop/strider_ws/build/sbus_receiver': AMENT_PREFIX_PATH=/home/ryung/Desktop/strider_ws/install/watchdog_interfaces:/home/ryung/Desktop/strider_ws/install/sbus_interfaces:${AMENT_PREFIX_PATH} CMAKE_PREFIX_PATH=/home/ryung/Desktop/strider_ws/install/watchdog_interfaces:/home/ryung/Desktop/strider_ws/install/sbus_interfaces:/opt/ros/humble LD_LIBRARY_PATH=/home/ryung/Desktop/strider_ws/install/watchdog_interfaces/lib:/home/ryung/Desktop/strider_ws/install/sbus_interfaces/lib:${LD_LIBRARY_PATH} PYTHONPATH=/home/ryung/Desktop/strider_ws/install/watchdog_interfaces/local/lib/python3.10/dist-packages:/home/ryung/Desktop/strider_ws/install/sbus_interfaces/local/lib/python3.10/dist-packages:${PYTHONPATH} /usr/bin/cmake /home/ryung/Desktop/strider_ws/src/SBUS/sbus_receiver -DCMAKE_INSTALL_PREFIX=/home/ryung/Desktop/strider_ws/install/sbus_receiver
[0.040s] -- The C compiler identification is GNU 11.4.0
[0.094s] -- The CXX compiler identification is GNU 11.4.0
[0.100s] -- Detecting C compiler ABI info
[0.161s] -- Detecting C compiler ABI info - done
[0.169s] -- Check for working C compiler: /usr/bin/cc - skipped
[0.169s] -- Detecting C compile features
[0.169s] -- Detecting C compile features - done
[0.172s] -- Detecting CXX compiler ABI info
[0.229s] -- Detecting CXX compiler ABI info - done
[0.237s] -- Check for working CXX compiler: /usr/bin/c++ - skipped
[0.238s] -- Detecting CXX compile features
[0.238s] -- Detecting CXX compile features - done
[0.240s] -- Found ament_cmake: 1.3.11 (/opt/ros/humble/share/ament_cmake/cmake)
[0.395s] -- Found Python3: /usr/bin/python3 (found version "3.10.12") found components: Interpreter 
[0.465s] -- Found rclcpp_components: 16.0.11 (/opt/ros/humble/share/rclcpp_components/cmake)
[0.501s] -- Found rosidl_generator_c: 3.1.6 (/opt/ros/humble/share/rosidl_generator_c/cmake)
[0.503s] -- Found rosidl_adapter: 3.1.6 (/opt/ros/humble/share/rosidl_adapter/cmake)
[0.508s] -- Found rosidl_generator_cpp: 3.1.6 (/opt/ros/humble/share/rosidl_generator_cpp/cmake)
[0.521s] -- Using all available rosidl_typesupport_c: rosidl_typesupport_fastrtps_c;rosidl_typesupport_introspection_c
[0.534s] -- Using all available rosidl_typesupport_cpp: rosidl_typesupport_fastrtps_cpp;rosidl_typesupport_introspection_cpp
[0.593s] -- Found rmw_implementation_cmake: 6.1.2 (/opt/ros/humble/share/rmw_implementation_cmake/cmake)
[0.595s] -- Found rmw_fastrtps_cpp: 6.2.7 (/opt/ros/humble/share/rmw_fastrtps_cpp/cmake)
[0.656s] -- Found OpenSSL: /usr/lib/x86_64-linux-gnu/libcrypto.so (found version "3.0.2")  
[0.681s] -- Found FastRTPS: /opt/ros/humble/include  
[0.712s] -- Using RMW implementation 'rmw_fastrtps_cpp' as default
[0.717s] -- Looking for pthread.h
[0.761s] -- Looking for pthread.h - found
[0.761s] -- Performing Test CMAKE_HAVE_LIBC_PTHREAD
[0.813s] -- Performing Test CMAKE_HAVE_LIBC_PTHREAD - Success
[0.814s] -- Found Threads: TRUE  
[0.845s] -- Found sbus_interfaces: 0.0.0 (/home/ryung/Desktop/strider_ws/install/sbus_interfaces/share/sbus_interfaces/cmake)
[0.851s] -- Found watchdog_interfaces: 0.0.0 (/home/ryung/Desktop/strider_ws/install/watchdog_interfaces/share/watchdog_interfaces/cmake)
[0.917s] -- Configuring done
[0.923s] -- Generating done
[0.926s] -- Build files have been written to: /home/ryung/Desktop/strider_ws/build/sbus_receiver
[0.932s] Invoked command in '/home/ryung/Desktop/strider_ws/build/sbus_receiver' returned '0': AMENT_PREFIX_PATH=/home/ryung/Desktop/strider_ws/install/watchdog_interfaces:/home/ryung/Desktop/strider_ws/install/sbus_interfaces:${AMENT_PREFIX_PATH} CMAKE_PREFIX_PATH=/home/ryung/Desktop/strider_ws/install/watchdog_interfaces:/home/ryung/Desktop/strider_ws/install/sbus_interfaces:/opt/ros/humble LD_LIBRARY_PATH=/home/ryung/Desktop/strider_ws/install/watchdog_interfaces/lib:/home/ryung/Desktop/strider_ws/install/sbus_interfaces/lib:${LD_LIBRARY_PATH} PYTHONPATH=/home/ryung/Desktop/strider_ws/install/watchdog_interfaces/local/lib/python3.10/dist-packages:/home/ryung/Desktop/strider_ws/install/sbus_interfaces/local/lib/python3.10/dist-packages:${PYTHONPATH} /usr/bin/cmake /home/ryung/Desktop/strider_ws/src/SBUS/sbus_receiver -DCMAKE_INSTALL_PREFIX=/home/ryung/Desktop/strider_ws/install/sbus_receiver
[0.933s] Invoking command in '/home/ryung/Desktop/strider_ws/build/sbus_receiver': AMENT_PREFIX_PATH=/home/ryung/Desktop/strider_ws/install/watchdog_interfaces:/home/ryung/Desktop/strider_ws/install/sbus_interfaces:${AMENT_PREFIX_PATH} CMAKE_PREFIX_PATH=/home/ryung/Desktop/strider_ws/install/watchdog_interfaces:/home/ryung/Desktop/strider_ws/install/sbus_interfaces:/opt/ros/humble LD_LIBRARY_PATH=/home/ryung/Desktop/strider_ws/install/watchdog_interfaces/lib:/home/ryung/Desktop/strider_ws/install/sbus_interfaces/lib:${LD_LIBRARY_PATH} PYTHONPATH=/home/ryung/Desktop/strider_ws/install/watchdog_interfaces/local/lib/python3.10/dist-packages:/home/ryung/Desktop/strider_ws/install/sbus_interfaces/local/lib/python3.10/dist-packages:${PYTHONPATH} /usr/bin/cmake --build /home/ryung/Desktop/strider_ws/build/sbus_receiver -- -j16 -l16
[0.968s] [ 50%] [32mBuilding CXX object CMakeFiles/sbus_worker.dir/src/sbus_worker.cpp.o[0m
[4.305s] [100%] [32m[1mLinking CXX executable sbus_worker[0m
[4.459s] [100%] Built target sbus_worker
[4.466s] Invoked command in '/home/ryung/Desktop/strider_ws/build/sbus_receiver' returned '0': AMENT_PREFIX_PATH=/home/ryung/Desktop/strider_ws/install/watchdog_interfaces:/home/ryung/Desktop/strider_ws/install/sbus_interfaces:${AMENT_PREFIX_PATH} CMAKE_PREFIX_PATH=/home/ryung/Desktop/strider_ws/install/watchdog_interfaces:/home/ryung/Desktop/strider_ws/install/sbus_interfaces:/opt/ros/humble LD_LIBRARY_PATH=/home/ryung/Desktop/strider_ws/install/watchdog_interfaces/lib:/home/ryung/Desktop/strider_ws/install/sbus_interfaces/lib:${LD_LIBRARY_PATH} PYTHONPATH=/home/ryung/Desktop/strider_ws/install/watchdog_interfaces/local/lib/python3.10/dist-packages:/home/ryung/Desktop/strider_ws/install/sbus_interfaces/local/lib/python3.10/dist-packages:${PYTHONPATH} /usr/bin/cmake --build /home/ryung/Desktop/strider_ws/build/sbus_receiver -- -j16 -l16
[4.467s] Invoking command in '/home/ryung/Desktop/strider_ws/build/sbus_receiver': AMENT_PREFIX_PATH=/home/ryung/Desktop/strider_ws/install/watchdog_interfaces:/home/ryung/Desktop/strider_ws/install/sbus_interfaces:${AMENT_PREFIX_PATH} CMAKE_PREFIX_PATH=/home/ryung/Desktop/strider_ws/install/watchdog_interfaces:/home/ryung/Desktop/strider_ws/install/sbus_interfaces:/opt/ros/humble LD_LIBRARY_PATH=/home/ryung/Desktop/strider_ws/install/watchdog_interfaces/lib:/home/ryung/Desktop/strider_ws/install/sbus_interfaces/lib:${LD_LIBRARY_PATH} PYTHONPATH=/home/ryung/Desktop/strider_ws/install/watchdog_interfaces/local/lib/python3.10/dist-packages:/home/ryung/Desktop/strider_ws/install/sbus_interfaces/local/lib/python3.10/dist-packages:${PYTHONPATH} /usr/bin/cmake --install /home/ryung/Desktop/strider_ws/build/sbus_receiver
[4.475s] -- Install configuration: ""
[4.475s] -- Installing: /home/ryung/Desktop/strider_ws/install/sbus_receiver/lib/sbus_receiver/sbus_worker
[4.476s] -- Set runtime path of "/home/ryung/Desktop/strider_ws/install/sbus_receiver/lib/sbus_receiver/sbus_worker" to ""
[4.476s] -- Installing: /home/ryung/Desktop/strider_ws/install/sbus_receiver/include/
[4.476s] -- Installing: /home/ryung/Desktop/strider_ws/install/sbus_receiver/include//sbus_worker.hpp
[4.476s] -- Installing: /home/ryung/Desktop/strider_ws/install/sbus_receiver/share/ament_index/resource_index/package_run_dependencies/sbus_receiver
[4.477s] -- Installing: /home/ryung/Desktop/strider_ws/install/sbus_receiver/share/ament_index/resource_index/parent_prefix_path/sbus_receiver
[4.477s] -- Installing: /home/ryung/Desktop/strider_ws/install/sbus_receiver/share/sbus_receiver/environment/ament_prefix_path.sh
[4.477s] -- Installing: /home/ryung/Desktop/strider_ws/install/sbus_receiver/share/sbus_receiver/environment/ament_prefix_path.dsv
[4.477s] -- Installing: /home/ryung/Desktop/strider_ws/install/sbus_receiver/share/sbus_receiver/environment/path.sh
[4.477s] -- Installing: /home/ryung/Desktop/strider_ws/install/sbus_receiver/share/sbus_receiver/environment/path.dsv
[4.477s] -- Installing: /home/ryung/Desktop/strider_ws/install/sbus_receiver/share/sbus_receiver/local_setup.bash
[4.477s] -- Installing: /home/ryung/Desktop/strider_ws/install/sbus_receiver/share/sbus_receiver/local_setup.sh
[4.478s] -- Installing: /home/ryung/Desktop/strider_ws/install/sbus_receiver/share/sbus_receiver/local_setup.zsh
[4.478s] -- Installing: /home/ryung/Desktop/strider_ws/install/sbus_receiver/share/sbus_receiver/local_setup.dsv
[4.478s] -- Installing: /home/ryung/Desktop/strider_ws/install/sbus_receiver/share/sbus_receiver/package.dsv
[4.478s] -- Installing: /home/ryung/Desktop/strider_ws/install/sbus_receiver/share/ament_index/resource_index/packages/sbus_receiver
[4.478s] -- Installing: /home/ryung/Desktop/strider_ws/install/sbus_receiver/share/sbus_receiver/cmake/sbus_receiverConfig.cmake
[4.478s] -- Installing: /home/ryung/Desktop/strider_ws/install/sbus_receiver/share/sbus_receiver/cmake/sbus_receiverConfig-version.cmake
[4.478s] -- Installing: /home/ryung/Desktop/strider_ws/install/sbus_receiver/share/sbus_receiver/package.xml
[4.481s] Invoked command in '/home/ryung/Desktop/strider_ws/build/sbus_receiver' returned '0': AMENT_PREFIX_PATH=/home/ryung/Desktop/strider_ws/install/watchdog_interfaces:/home/ryung/Desktop/strider_ws/install/sbus_interfaces:${AMENT_PREFIX_PATH} CMAKE_PREFIX_PATH=/home/ryung/Desktop/strider_ws/install/watchdog_interfaces:/home/ryung/Desktop/strider_ws/install/sbus_interfaces:/opt/ros/humble LD_LIBRARY_PATH=/home/ryung/Desktop/strider_ws/install/watchdog_interfaces/lib:/home/ryung/Desktop/strider_ws/install/sbus_interfaces/lib:${LD_LIBRARY_PATH} PYTHONPATH=/home/ryung/Desktop/strider_ws/install/watchdog_interfaces/local/lib/python3.10/dist-packages:/home/ryung/Desktop/strider_ws/install/sbus_interfaces/local/lib/python3.10/dist-packages:${PYTHONPATH} /usr/bin/cmake --install /home/ryung/Desktop/strider_ws/build/sbus_receiver
