[0.014s] Invoking command in '/home/ryung/Desktop/strider_ws/build/mocap_interfaces': CMAKE_PREFIX_PATH=/opt/ros/humble /usr/bin/cmake /home/ryung/Desktop/strider_ws/src/MoCap/mocap_interfaces -DCMAKE_INSTALL_PREFIX=/home/ryung/Desktop/strider_ws/install/mocap_interfaces
[0.166s] -- The C compiler identification is GNU 11.4.0
[0.262s] -- The CXX compiler identification is GNU 11.4.0
[0.267s] -- Detecting C compiler ABI info
[0.311s] -- Detecting C compiler ABI info - done
[0.316s] -- Check for working C compiler: /usr/bin/cc - skipped
[0.316s] -- Detecting C compile features
[0.317s] -- Detecting C compile features - done
[0.320s] -- Detecting CXX compiler ABI info
[0.372s] -- Detecting CXX compiler ABI info - done
[0.379s] -- Check for working CXX compiler: /usr/bin/c++ - skipped
[0.379s] -- Detecting CXX compile features
[0.379s] -- Detecting CXX compile features - done
[0.380s] -- Found ament_cmake: 1.3.11 (/opt/ros/humble/share/ament_cmake/cmake)
[0.516s] -- Found Python3: /usr/bin/python3 (found version "3.10.12") found components: Interpreter 
[0.591s] -- Found rosidl_default_generators: 1.2.0 (/opt/ros/humble/share/rosidl_default_generators/cmake)
[0.594s] -- Using all available rosidl_typesupport_c: rosidl_typesupport_fastrtps_c;rosidl_typesupport_introspection_c
[0.599s] -- Found rosidl_adapter: 3.1.6 (/opt/ros/humble/share/rosidl_adapter/cmake)
[0.652s] -- Using all available rosidl_typesupport_cpp: rosidl_typesupport_fastrtps_cpp;rosidl_typesupport_introspection_cpp
[0.814s] -- Found Python3: /usr/bin/python3 (found version "3.10.12") found components: Interpreter Development Development.Module Development.Embed 
[0.864s] -- Found Python3: /usr/bin/python3 (found version "3.10.12") found components: Interpreter 
[1.006s] -- Found ament_cmake_ros: 0.10.0 (/opt/ros/humble/share/ament_cmake_ros/cmake)
[1.173s] -- Using all available rosidl_typesupport_c: rosidl_typesupport_fastrtps_c;rosidl_typesupport_introspection_c
[1.373s] -- Using all available rosidl_typesupport_cpp: rosidl_typesupport_fastrtps_cpp;rosidl_typesupport_introspection_cpp
[1.393s] -- Found PythonInterp: /usr/bin/python3 (found suitable version "3.10.12", minimum required is "3.6") 
[1.394s] -- Found python_cmake_module: 0.10.0 (/opt/ros/humble/share/python_cmake_module/cmake)
[1.418s] -- Found PythonLibs: /usr/lib/x86_64-linux-gnu/libpython3.10.so (found suitable version "3.10.12", minimum required is "3.5") 
[1.418s] -- Using PYTHON_EXECUTABLE: /usr/bin/python3
[1.418s] -- Using PYTHON_INCLUDE_DIRS: /usr/include/python3.10
[1.418s] -- Using PYTHON_LIBRARIES: /usr/lib/x86_64-linux-gnu/libpython3.10.so
[1.437s] -- Found PythonExtra: .so  
[1.465s] -- Configuring done
[1.479s] -- Generating done
[1.486s] -- Build files have been written to: /home/ryung/Desktop/strider_ws/build/mocap_interfaces
[1.491s] Invoked command in '/home/ryung/Desktop/strider_ws/build/mocap_interfaces' returned '0': CMAKE_PREFIX_PATH=/opt/ros/humble /usr/bin/cmake /home/ryung/Desktop/strider_ws/src/MoCap/mocap_interfaces -DCMAKE_INSTALL_PREFIX=/home/ryung/Desktop/strider_ws/install/mocap_interfaces
[1.492s] Invoking command in '/home/ryung/Desktop/strider_ws/build/mocap_interfaces': CMAKE_PREFIX_PATH=/opt/ros/humble /usr/bin/cmake --build /home/ryung/Desktop/strider_ws/build/mocap_interfaces -- -j16 -l16
[1.517s] [  3%] [34m[1mGenerating C code for ROS interfaces[0m
[1.525s] [  6%] [34m[1mGenerating C++ code for ROS interfaces[0m
[1.530s] [  6%] Built target ament_cmake_python_copy_mocap_interfaces
[1.796s] running egg_info
[1.797s] creating mocap_interfaces.egg-info
[1.797s] writing mocap_interfaces.egg-info/PKG-INFO
[1.797s] writing dependency_links to mocap_interfaces.egg-info/dependency_links.txt
[1.797s] writing top-level names to mocap_interfaces.egg-info/top_level.txt
[1.797s] writing manifest file 'mocap_interfaces.egg-info/SOURCES.txt'
[1.800s] reading manifest file 'mocap_interfaces.egg-info/SOURCES.txt'
[1.800s] writing manifest file 'mocap_interfaces.egg-info/SOURCES.txt'
[1.842s] [  6%] Built target ament_cmake_python_build_mocap_interfaces_egg
[1.858s] [  6%] Built target mocap_interfaces__cpp
[1.869s] [  9%] [34m[1mGenerating C++ introspection for ROS interfaces[0m
[1.875s] [ 12%] [34m[1mGenerating C++ type support for eProsima Fast-RTPS[0m
[1.877s] [ 16%] [34m[1mGenerating C++ type support dispatch for ROS interfaces[0m
[1.922s] [ 19%] [32mBuilding C object CMakeFiles/mocap_interfaces__rosidl_generator_c.dir/rosidl_generator_c/mocap_interfaces/msg/detail/mocap_measured__functions.c.o[0m
[2.058s] [ 22%] [32m[1mLinking C shared library libmocap_interfaces__rosidl_generator_c.so[0m
[2.128s] [ 22%] Built target mocap_interfaces__rosidl_generator_c
[2.153s] [ 25%] [34m[1mGenerating C introspection for ROS interfaces[0m
[2.153s] [ 29%] [34m[1mGenerating C type support dispatch for ROS interfaces[0m
[2.162s] [ 32%] [34m[1mGenerating C type support for eProsima Fast-RTPS[0m
[2.225s] [ 35%] [32mBuilding CXX object CMakeFiles/mocap_interfaces__rosidl_typesupport_introspection_cpp.dir/rosidl_typesupport_introspection_cpp/mocap_interfaces/msg/detail/mocap_measured__type_support.cpp.o[0m
[2.455s] [ 38%] [32mBuilding CXX object CMakeFiles/mocap_interfaces__rosidl_typesupport_cpp.dir/rosidl_typesupport_cpp/mocap_interfaces/msg/mocap_measured__type_support.cpp.o[0m
[2.534s] [ 41%] [32mBuilding CXX object CMakeFiles/mocap_interfaces__rosidl_typesupport_fastrtps_c.dir/rosidl_typesupport_fastrtps_c/mocap_interfaces/msg/detail/mocap_measured__type_support_c.cpp.o[0m
[2.561s] [ 45%] [32mBuilding C object CMakeFiles/mocap_interfaces__rosidl_typesupport_introspection_c.dir/rosidl_typesupport_introspection_c/mocap_interfaces/msg/detail/mocap_measured__type_support.c.o[0m
[2.645s] [ 48%] [32mBuilding CXX object CMakeFiles/mocap_interfaces__rosidl_typesupport_c.dir/rosidl_typesupport_c/mocap_interfaces/msg/mocap_measured__type_support.cpp.o[0m
[2.683s] [ 51%] [32m[1mLinking C shared library libmocap_interfaces__rosidl_typesupport_introspection_c.so[0m
[2.710s] [ 54%] [32mBuilding CXX object CMakeFiles/mocap_interfaces__rosidl_typesupport_fastrtps_cpp.dir/rosidl_typesupport_fastrtps_cpp/mocap_interfaces/msg/detail/dds_fastrtps/mocap_measured__type_support.cpp.o[0m
[2.740s] [ 54%] Built target mocap_interfaces__rosidl_typesupport_introspection_c
[2.755s] [ 58%] [32m[1mLinking CXX shared library libmocap_interfaces__rosidl_typesupport_c.so[0m
[2.861s] [ 58%] Built target mocap_interfaces__rosidl_typesupport_c
[3.485s] [ 61%] [32m[1mLinking CXX shared library libmocap_interfaces__rosidl_typesupport_cpp.so[0m
[3.494s] [ 64%] [32m[1mLinking CXX shared library libmocap_interfaces__rosidl_typesupport_introspection_cpp.so[0m
[3.556s] [ 67%] [32m[1mLinking CXX shared library libmocap_interfaces__rosidl_typesupport_fastrtps_c.so[0m
[3.575s] [ 67%] Built target mocap_interfaces__rosidl_typesupport_cpp
[3.654s] [ 70%] [32m[1mLinking CXX shared library libmocap_interfaces__rosidl_typesupport_fastrtps_cpp.so[0m
[3.671s] [ 70%] Built target mocap_interfaces__rosidl_typesupport_introspection_cpp
[3.707s] [ 70%] Built target mocap_interfaces__rosidl_typesupport_fastrtps_c
[3.777s] [ 70%] Built target mocap_interfaces__rosidl_typesupport_fastrtps_cpp
[3.797s] [ 70%] Built target mocap_interfaces
[3.824s] [ 74%] [34m[1mGenerating Python code for ROS interfaces[0m
[4.132s] [ 74%] Built target mocap_interfaces__py
[4.150s] [ 77%] [32mBuilding C object CMakeFiles/mocap_interfaces__rosidl_generator_py.dir/rosidl_generator_py/mocap_interfaces/msg/_mocap_measured_s.c.o[0m
[4.255s] [ 80%] [32m[1mLinking C shared library rosidl_generator_py/mocap_interfaces/libmocap_interfaces__rosidl_generator_py.so[0m
[4.283s] [ 80%] Built target mocap_interfaces__rosidl_generator_py
[4.295s] [ 83%] [32mBuilding C object CMakeFiles/mocap_interfaces__rosidl_typesupport_introspection_c__pyext.dir/rosidl_generator_py/mocap_interfaces/_mocap_interfaces_s.ep.rosidl_typesupport_introspection_c.c.o[0m
[4.295s] [ 87%] [32mBuilding C object CMakeFiles/mocap_interfaces__rosidl_typesupport_c__pyext.dir/rosidl_generator_py/mocap_interfaces/_mocap_interfaces_s.ep.rosidl_typesupport_c.c.o[0m
[4.297s] [ 90%] [32mBuilding C object CMakeFiles/mocap_interfaces__rosidl_typesupport_fastrtps_c__pyext.dir/rosidl_generator_py/mocap_interfaces/_mocap_interfaces_s.ep.rosidl_typesupport_fastrtps_c.c.o[0m
[4.358s] [ 93%] [32m[1mLinking C shared library rosidl_generator_py/mocap_interfaces/mocap_interfaces_s__rosidl_typesupport_introspection_c.cpython-310-x86_64-linux-gnu.so[0m
[4.377s] [ 96%] [32m[1mLinking C shared library rosidl_generator_py/mocap_interfaces/mocap_interfaces_s__rosidl_typesupport_c.cpython-310-x86_64-linux-gnu.so[0m
[4.382s] [100%] [32m[1mLinking C shared library rosidl_generator_py/mocap_interfaces/mocap_interfaces_s__rosidl_typesupport_fastrtps_c.cpython-310-x86_64-linux-gnu.so[0m
[4.383s] [100%] Built target mocap_interfaces__rosidl_typesupport_introspection_c__pyext
[4.400s] [100%] Built target mocap_interfaces__rosidl_typesupport_c__pyext
[4.407s] [100%] Built target mocap_interfaces__rosidl_typesupport_fastrtps_c__pyext
[4.421s] Invoked command in '/home/ryung/Desktop/strider_ws/build/mocap_interfaces' returned '0': CMAKE_PREFIX_PATH=/opt/ros/humble /usr/bin/cmake --build /home/ryung/Desktop/strider_ws/build/mocap_interfaces -- -j16 -l16
[4.423s] Invoking command in '/home/ryung/Desktop/strider_ws/build/mocap_interfaces': CMAKE_PREFIX_PATH=/opt/ros/humble /usr/bin/cmake --install /home/ryung/Desktop/strider_ws/build/mocap_interfaces
[4.431s] -- Install configuration: ""
[4.431s] -- Installing: /home/ryung/Desktop/strider_ws/install/mocap_interfaces/share/ament_index/resource_index/rosidl_interfaces/mocap_interfaces
[4.431s] -- Installing: /home/ryung/Desktop/strider_ws/install/mocap_interfaces/include/mocap_interfaces/mocap_interfaces
[4.431s] -- Installing: /home/ryung/Desktop/strider_ws/install/mocap_interfaces/include/mocap_interfaces/mocap_interfaces/msg
[4.431s] -- Installing: /home/ryung/Desktop/strider_ws/install/mocap_interfaces/include/mocap_interfaces/mocap_interfaces/msg/mocap_measured.h
[4.431s] -- Installing: /home/ryung/Desktop/strider_ws/install/mocap_interfaces/include/mocap_interfaces/mocap_interfaces/msg/detail
[4.431s] -- Installing: /home/ryung/Desktop/strider_ws/install/mocap_interfaces/include/mocap_interfaces/mocap_interfaces/msg/detail/mocap_measured__functions.c
[4.431s] -- Installing: /home/ryung/Desktop/strider_ws/install/mocap_interfaces/include/mocap_interfaces/mocap_interfaces/msg/detail/mocap_measured__functions.h
[4.431s] -- Installing: /home/ryung/Desktop/strider_ws/install/mocap_interfaces/include/mocap_interfaces/mocap_interfaces/msg/detail/mocap_measured__type_support.h
[4.431s] -- Installing: /home/ryung/Desktop/strider_ws/install/mocap_interfaces/include/mocap_interfaces/mocap_interfaces/msg/detail/mocap_measured__struct.h
[4.431s] -- Installing: /home/ryung/Desktop/strider_ws/install/mocap_interfaces/include/mocap_interfaces/mocap_interfaces/msg/rosidl_generator_c__visibility_control.h
[4.432s] -- Installing: /home/ryung/Desktop/strider_ws/install/mocap_interfaces/share/mocap_interfaces/environment/library_path.sh
[4.432s] -- Installing: /home/ryung/Desktop/strider_ws/install/mocap_interfaces/share/mocap_interfaces/environment/library_path.dsv
[4.432s] -- Installing: /home/ryung/Desktop/strider_ws/install/mocap_interfaces/lib/libmocap_interfaces__rosidl_generator_c.so
[4.432s] -- Set runtime path of "/home/ryung/Desktop/strider_ws/install/mocap_interfaces/lib/libmocap_interfaces__rosidl_generator_c.so" to ""
[4.432s] -- Up-to-date: /home/ryung/Desktop/strider_ws/install/mocap_interfaces/include/mocap_interfaces/mocap_interfaces
[4.432s] -- Up-to-date: /home/ryung/Desktop/strider_ws/install/mocap_interfaces/include/mocap_interfaces/mocap_interfaces/msg
[4.432s] -- Installing: /home/ryung/Desktop/strider_ws/install/mocap_interfaces/include/mocap_interfaces/mocap_interfaces/msg/rosidl_typesupport_fastrtps_c__visibility_control.h
[4.432s] -- Up-to-date: /home/ryung/Desktop/strider_ws/install/mocap_interfaces/include/mocap_interfaces/mocap_interfaces/msg/detail
[4.432s] -- Installing: /home/ryung/Desktop/strider_ws/install/mocap_interfaces/include/mocap_interfaces/mocap_interfaces/msg/detail/mocap_measured__rosidl_typesupport_fastrtps_c.h
[4.432s] -- Installing: /home/ryung/Desktop/strider_ws/install/mocap_interfaces/lib/libmocap_interfaces__rosidl_typesupport_fastrtps_c.so
[4.432s] -- Set runtime path of "/home/ryung/Desktop/strider_ws/install/mocap_interfaces/lib/libmocap_interfaces__rosidl_typesupport_fastrtps_c.so" to ""
[4.432s] -- Up-to-date: /home/ryung/Desktop/strider_ws/install/mocap_interfaces/include/mocap_interfaces/mocap_interfaces
[4.432s] -- Up-to-date: /home/ryung/Desktop/strider_ws/install/mocap_interfaces/include/mocap_interfaces/mocap_interfaces/msg
[4.432s] -- Installing: /home/ryung/Desktop/strider_ws/install/mocap_interfaces/include/mocap_interfaces/mocap_interfaces/msg/rosidl_typesupport_introspection_c__visibility_control.h
[4.432s] -- Up-to-date: /home/ryung/Desktop/strider_ws/install/mocap_interfaces/include/mocap_interfaces/mocap_interfaces/msg/detail
[4.432s] -- Installing: /home/ryung/Desktop/strider_ws/install/mocap_interfaces/include/mocap_interfaces/mocap_interfaces/msg/detail/mocap_measured__type_support.c
[4.432s] -- Installing: /home/ryung/Desktop/strider_ws/install/mocap_interfaces/include/mocap_interfaces/mocap_interfaces/msg/detail/mocap_measured__rosidl_typesupport_introspection_c.h
[4.432s] -- Installing: /home/ryung/Desktop/strider_ws/install/mocap_interfaces/lib/libmocap_interfaces__rosidl_typesupport_introspection_c.so
[4.432s] -- Set runtime path of "/home/ryung/Desktop/strider_ws/install/mocap_interfaces/lib/libmocap_interfaces__rosidl_typesupport_introspection_c.so" to ""
[4.432s] -- Installing: /home/ryung/Desktop/strider_ws/install/mocap_interfaces/lib/libmocap_interfaces__rosidl_typesupport_c.so
[4.432s] -- Set runtime path of "/home/ryung/Desktop/strider_ws/install/mocap_interfaces/lib/libmocap_interfaces__rosidl_typesupport_c.so" to ""
[4.432s] -- Up-to-date: /home/ryung/Desktop/strider_ws/install/mocap_interfaces/include/mocap_interfaces/mocap_interfaces
[4.433s] -- Up-to-date: /home/ryung/Desktop/strider_ws/install/mocap_interfaces/include/mocap_interfaces/mocap_interfaces/msg
[4.433s] -- Installing: /home/ryung/Desktop/strider_ws/install/mocap_interfaces/include/mocap_interfaces/mocap_interfaces/msg/rosidl_generator_cpp__visibility_control.hpp
[4.433s] -- Up-to-date: /home/ryung/Desktop/strider_ws/install/mocap_interfaces/include/mocap_interfaces/mocap_interfaces/msg/detail
[4.433s] -- Installing: /home/ryung/Desktop/strider_ws/install/mocap_interfaces/include/mocap_interfaces/mocap_interfaces/msg/detail/mocap_measured__type_support.hpp
[4.435s] -- Installing: /home/ryung/Desktop/strider_ws/install/mocap_interfaces/include/mocap_interfaces/mocap_interfaces/msg/detail/mocap_measured__struct.hpp
[4.435s] -- Installing: /home/ryung/Desktop/strider_ws/install/mocap_interfaces/include/mocap_interfaces/mocap_interfaces/msg/detail/mocap_measured__traits.hpp
[4.436s] -- Installing: /home/ryung/Desktop/strider_ws/install/mocap_interfaces/include/mocap_interfaces/mocap_interfaces/msg/detail/mocap_measured__builder.hpp
[4.436s] -- Installing: /home/ryung/Desktop/strider_ws/install/mocap_interfaces/include/mocap_interfaces/mocap_interfaces/msg/mocap_measured.hpp
[4.436s] -- Up-to-date: /home/ryung/Desktop/strider_ws/install/mocap_interfaces/include/mocap_interfaces/mocap_interfaces
[4.436s] -- Up-to-date: /home/ryung/Desktop/strider_ws/install/mocap_interfaces/include/mocap_interfaces/mocap_interfaces/msg
[4.436s] -- Installing: /home/ryung/Desktop/strider_ws/install/mocap_interfaces/include/mocap_interfaces/mocap_interfaces/msg/rosidl_typesupport_fastrtps_cpp__visibility_control.h
[4.436s] -- Up-to-date: /home/ryung/Desktop/strider_ws/install/mocap_interfaces/include/mocap_interfaces/mocap_interfaces/msg/detail
[4.436s] -- Installing: /home/ryung/Desktop/strider_ws/install/mocap_interfaces/include/mocap_interfaces/mocap_interfaces/msg/detail/dds_fastrtps
[4.436s] -- Installing: /home/ryung/Desktop/strider_ws/install/mocap_interfaces/include/mocap_interfaces/mocap_interfaces/msg/detail/mocap_measured__rosidl_typesupport_fastrtps_cpp.hpp
[4.436s] -- Installing: /home/ryung/Desktop/strider_ws/install/mocap_interfaces/lib/libmocap_interfaces__rosidl_typesupport_fastrtps_cpp.so
[4.436s] -- Set runtime path of "/home/ryung/Desktop/strider_ws/install/mocap_interfaces/lib/libmocap_interfaces__rosidl_typesupport_fastrtps_cpp.so" to ""
[4.436s] -- Up-to-date: /home/ryung/Desktop/strider_ws/install/mocap_interfaces/include/mocap_interfaces/mocap_interfaces
[4.436s] -- Up-to-date: /home/ryung/Desktop/strider_ws/install/mocap_interfaces/include/mocap_interfaces/mocap_interfaces/msg
[4.436s] -- Up-to-date: /home/ryung/Desktop/strider_ws/install/mocap_interfaces/include/mocap_interfaces/mocap_interfaces/msg/detail
[4.437s] -- Installing: /home/ryung/Desktop/strider_ws/install/mocap_interfaces/include/mocap_interfaces/mocap_interfaces/msg/detail/mocap_measured__type_support.cpp
[4.437s] -- Installing: /home/ryung/Desktop/strider_ws/install/mocap_interfaces/include/mocap_interfaces/mocap_interfaces/msg/detail/mocap_measured__rosidl_typesupport_introspection_cpp.hpp
[4.437s] -- Installing: /home/ryung/Desktop/strider_ws/install/mocap_interfaces/lib/libmocap_interfaces__rosidl_typesupport_introspection_cpp.so
[4.437s] -- Set runtime path of "/home/ryung/Desktop/strider_ws/install/mocap_interfaces/lib/libmocap_interfaces__rosidl_typesupport_introspection_cpp.so" to ""
[4.437s] -- Installing: /home/ryung/Desktop/strider_ws/install/mocap_interfaces/lib/libmocap_interfaces__rosidl_typesupport_cpp.so
[4.437s] -- Set runtime path of "/home/ryung/Desktop/strider_ws/install/mocap_interfaces/lib/libmocap_interfaces__rosidl_typesupport_cpp.so" to ""
[4.437s] -- Installing: /home/ryung/Desktop/strider_ws/install/mocap_interfaces/share/mocap_interfaces/environment/pythonpath.sh
[4.437s] -- Installing: /home/ryung/Desktop/strider_ws/install/mocap_interfaces/share/mocap_interfaces/environment/pythonpath.dsv
[4.437s] -- Installing: /home/ryung/Desktop/strider_ws/install/mocap_interfaces/local/lib/python3.10/dist-packages/mocap_interfaces-0.0.0-py3.10.egg-info
[4.437s] -- Installing: /home/ryung/Desktop/strider_ws/install/mocap_interfaces/local/lib/python3.10/dist-packages/mocap_interfaces-0.0.0-py3.10.egg-info/SOURCES.txt
[4.437s] -- Installing: /home/ryung/Desktop/strider_ws/install/mocap_interfaces/local/lib/python3.10/dist-packages/mocap_interfaces-0.0.0-py3.10.egg-info/top_level.txt
[4.437s] -- Installing: /home/ryung/Desktop/strider_ws/install/mocap_interfaces/local/lib/python3.10/dist-packages/mocap_interfaces-0.0.0-py3.10.egg-info/PKG-INFO
[4.437s] -- Installing: /home/ryung/Desktop/strider_ws/install/mocap_interfaces/local/lib/python3.10/dist-packages/mocap_interfaces-0.0.0-py3.10.egg-info/dependency_links.txt
[4.438s] -- Installing: /home/ryung/Desktop/strider_ws/install/mocap_interfaces/local/lib/python3.10/dist-packages/mocap_interfaces
[4.438s] -- Installing: /home/ryung/Desktop/strider_ws/install/mocap_interfaces/local/lib/python3.10/dist-packages/mocap_interfaces/msg
[4.438s] -- Installing: /home/ryung/Desktop/strider_ws/install/mocap_interfaces/local/lib/python3.10/dist-packages/mocap_interfaces/msg/_mocap_measured.py
[4.438s] -- Installing: /home/ryung/Desktop/strider_ws/install/mocap_interfaces/local/lib/python3.10/dist-packages/mocap_interfaces/msg/_mocap_measured_s.c
[4.438s] -- Installing: /home/ryung/Desktop/strider_ws/install/mocap_interfaces/local/lib/python3.10/dist-packages/mocap_interfaces/msg/__init__.py
[4.438s] -- Installing: /home/ryung/Desktop/strider_ws/install/mocap_interfaces/local/lib/python3.10/dist-packages/mocap_interfaces/mocap_interfaces_s__rosidl_typesupport_fastrtps_c.cpython-310-x86_64-linux-gnu.so
[4.438s] -- Installing: /home/ryung/Desktop/strider_ws/install/mocap_interfaces/local/lib/python3.10/dist-packages/mocap_interfaces/libmocap_interfaces__rosidl_generator_py.so
[4.438s] -- Installing: /home/ryung/Desktop/strider_ws/install/mocap_interfaces/local/lib/python3.10/dist-packages/mocap_interfaces/_mocap_interfaces_s.ep.rosidl_typesupport_fastrtps_c.c
[4.438s] -- Installing: /home/ryung/Desktop/strider_ws/install/mocap_interfaces/local/lib/python3.10/dist-packages/mocap_interfaces/mocap_interfaces_s__rosidl_typesupport_introspection_c.cpython-310-x86_64-linux-gnu.so
[4.438s] -- Installing: /home/ryung/Desktop/strider_ws/install/mocap_interfaces/local/lib/python3.10/dist-packages/mocap_interfaces/_mocap_interfaces_s.ep.rosidl_typesupport_c.c
[4.438s] -- Installing: /home/ryung/Desktop/strider_ws/install/mocap_interfaces/local/lib/python3.10/dist-packages/mocap_interfaces/_mocap_interfaces_s.ep.rosidl_typesupport_introspection_c.c
[4.438s] -- Installing: /home/ryung/Desktop/strider_ws/install/mocap_interfaces/local/lib/python3.10/dist-packages/mocap_interfaces/mocap_interfaces_s__rosidl_typesupport_c.cpython-310-x86_64-linux-gnu.so
[4.439s] -- Installing: /home/ryung/Desktop/strider_ws/install/mocap_interfaces/local/lib/python3.10/dist-packages/mocap_interfaces/__init__.py
[4.469s] Listing '/home/ryung/Desktop/strider_ws/install/mocap_interfaces/local/lib/python3.10/dist-packages/mocap_interfaces'...
[4.469s] Compiling '/home/ryung/Desktop/strider_ws/install/mocap_interfaces/local/lib/python3.10/dist-packages/mocap_interfaces/__init__.py'...
[4.469s] Listing '/home/ryung/Desktop/strider_ws/install/mocap_interfaces/local/lib/python3.10/dist-packages/mocap_interfaces/msg'...
[4.470s] Compiling '/home/ryung/Desktop/strider_ws/install/mocap_interfaces/local/lib/python3.10/dist-packages/mocap_interfaces/msg/__init__.py'...
[4.470s] Compiling '/home/ryung/Desktop/strider_ws/install/mocap_interfaces/local/lib/python3.10/dist-packages/mocap_interfaces/msg/_mocap_measured.py'...
[4.473s] -- Installing: /home/ryung/Desktop/strider_ws/install/mocap_interfaces/local/lib/python3.10/dist-packages/mocap_interfaces/mocap_interfaces_s__rosidl_typesupport_fastrtps_c.cpython-310-x86_64-linux-gnu.so
[4.474s] -- Set runtime path of "/home/ryung/Desktop/strider_ws/install/mocap_interfaces/local/lib/python3.10/dist-packages/mocap_interfaces/mocap_interfaces_s__rosidl_typesupport_fastrtps_c.cpython-310-x86_64-linux-gnu.so" to ""
[4.474s] -- Installing: /home/ryung/Desktop/strider_ws/install/mocap_interfaces/local/lib/python3.10/dist-packages/mocap_interfaces/mocap_interfaces_s__rosidl_typesupport_introspection_c.cpython-310-x86_64-linux-gnu.so
[4.474s] -- Set runtime path of "/home/ryung/Desktop/strider_ws/install/mocap_interfaces/local/lib/python3.10/dist-packages/mocap_interfaces/mocap_interfaces_s__rosidl_typesupport_introspection_c.cpython-310-x86_64-linux-gnu.so" to ""
[4.474s] -- Installing: /home/ryung/Desktop/strider_ws/install/mocap_interfaces/local/lib/python3.10/dist-packages/mocap_interfaces/mocap_interfaces_s__rosidl_typesupport_c.cpython-310-x86_64-linux-gnu.so
[4.474s] -- Set runtime path of "/home/ryung/Desktop/strider_ws/install/mocap_interfaces/local/lib/python3.10/dist-packages/mocap_interfaces/mocap_interfaces_s__rosidl_typesupport_c.cpython-310-x86_64-linux-gnu.so" to ""
[4.474s] -- Installing: /home/ryung/Desktop/strider_ws/install/mocap_interfaces/lib/libmocap_interfaces__rosidl_generator_py.so
[4.474s] -- Set runtime path of "/home/ryung/Desktop/strider_ws/install/mocap_interfaces/lib/libmocap_interfaces__rosidl_generator_py.so" to ""
[4.474s] -- Installing: /home/ryung/Desktop/strider_ws/install/mocap_interfaces/share/mocap_interfaces/msg/MocapMeasured.idl
[4.474s] -- Installing: /home/ryung/Desktop/strider_ws/install/mocap_interfaces/share/mocap_interfaces/msg/MocapMeasured.msg
[4.475s] -- Installing: /home/ryung/Desktop/strider_ws/install/mocap_interfaces/share/ament_index/resource_index/package_run_dependencies/mocap_interfaces
[4.475s] -- Installing: /home/ryung/Desktop/strider_ws/install/mocap_interfaces/share/ament_index/resource_index/parent_prefix_path/mocap_interfaces
[4.475s] -- Installing: /home/ryung/Desktop/strider_ws/install/mocap_interfaces/share/mocap_interfaces/environment/ament_prefix_path.sh
[4.475s] -- Installing: /home/ryung/Desktop/strider_ws/install/mocap_interfaces/share/mocap_interfaces/environment/ament_prefix_path.dsv
[4.475s] -- Installing: /home/ryung/Desktop/strider_ws/install/mocap_interfaces/share/mocap_interfaces/environment/path.sh
[4.475s] -- Installing: /home/ryung/Desktop/strider_ws/install/mocap_interfaces/share/mocap_interfaces/environment/path.dsv
[4.475s] -- Installing: /home/ryung/Desktop/strider_ws/install/mocap_interfaces/share/mocap_interfaces/local_setup.bash
[4.475s] -- Installing: /home/ryung/Desktop/strider_ws/install/mocap_interfaces/share/mocap_interfaces/local_setup.sh
[4.475s] -- Installing: /home/ryung/Desktop/strider_ws/install/mocap_interfaces/share/mocap_interfaces/local_setup.zsh
[4.475s] -- Installing: /home/ryung/Desktop/strider_ws/install/mocap_interfaces/share/mocap_interfaces/local_setup.dsv
[4.475s] -- Installing: /home/ryung/Desktop/strider_ws/install/mocap_interfaces/share/mocap_interfaces/package.dsv
[4.476s] -- Installing: /home/ryung/Desktop/strider_ws/install/mocap_interfaces/share/ament_index/resource_index/packages/mocap_interfaces
[4.476s] -- Installing: /home/ryung/Desktop/strider_ws/install/mocap_interfaces/share/mocap_interfaces/cmake/export_mocap_interfaces__rosidl_generator_cExport.cmake
[4.476s] -- Installing: /home/ryung/Desktop/strider_ws/install/mocap_interfaces/share/mocap_interfaces/cmake/export_mocap_interfaces__rosidl_generator_cExport-noconfig.cmake
[4.476s] -- Installing: /home/ryung/Desktop/strider_ws/install/mocap_interfaces/share/mocap_interfaces/cmake/export_mocap_interfaces__rosidl_typesupport_fastrtps_cExport.cmake
[4.476s] -- Installing: /home/ryung/Desktop/strider_ws/install/mocap_interfaces/share/mocap_interfaces/cmake/export_mocap_interfaces__rosidl_typesupport_fastrtps_cExport-noconfig.cmake
[4.476s] -- Installing: /home/ryung/Desktop/strider_ws/install/mocap_interfaces/share/mocap_interfaces/cmake/mocap_interfaces__rosidl_typesupport_introspection_cExport.cmake
[4.476s] -- Installing: /home/ryung/Desktop/strider_ws/install/mocap_interfaces/share/mocap_interfaces/cmake/mocap_interfaces__rosidl_typesupport_introspection_cExport-noconfig.cmake
[4.486s] -- Installing: /home/ryung/Desktop/strider_ws/install/mocap_interfaces/share/mocap_interfaces/cmake/mocap_interfaces__rosidl_typesupport_cExport.cmake
[4.486s] -- Installing: /home/ryung/Desktop/strider_ws/install/mocap_interfaces/share/mocap_interfaces/cmake/mocap_interfaces__rosidl_typesupport_cExport-noconfig.cmake
[4.486s] -- Installing: /home/ryung/Desktop/strider_ws/install/mocap_interfaces/share/mocap_interfaces/cmake/export_mocap_interfaces__rosidl_generator_cppExport.cmake
[4.486s] -- Installing: /home/ryung/Desktop/strider_ws/install/mocap_interfaces/share/mocap_interfaces/cmake/export_mocap_interfaces__rosidl_typesupport_fastrtps_cppExport.cmake
[4.487s] -- Installing: /home/ryung/Desktop/strider_ws/install/mocap_interfaces/share/mocap_interfaces/cmake/export_mocap_interfaces__rosidl_typesupport_fastrtps_cppExport-noconfig.cmake
[4.487s] -- Installing: /home/ryung/Desktop/strider_ws/install/mocap_interfaces/share/mocap_interfaces/cmake/mocap_interfaces__rosidl_typesupport_introspection_cppExport.cmake
[4.487s] -- Installing: /home/ryung/Desktop/strider_ws/install/mocap_interfaces/share/mocap_interfaces/cmake/mocap_interfaces__rosidl_typesupport_introspection_cppExport-noconfig.cmake
[4.487s] -- Installing: /home/ryung/Desktop/strider_ws/install/mocap_interfaces/share/mocap_interfaces/cmake/mocap_interfaces__rosidl_typesupport_cppExport.cmake
[4.487s] -- Installing: /home/ryung/Desktop/strider_ws/install/mocap_interfaces/share/mocap_interfaces/cmake/mocap_interfaces__rosidl_typesupport_cppExport-noconfig.cmake
[4.488s] -- Installing: /home/ryung/Desktop/strider_ws/install/mocap_interfaces/share/mocap_interfaces/cmake/export_mocap_interfaces__rosidl_generator_pyExport.cmake
[4.488s] -- Installing: /home/ryung/Desktop/strider_ws/install/mocap_interfaces/share/mocap_interfaces/cmake/export_mocap_interfaces__rosidl_generator_pyExport-noconfig.cmake
[4.488s] -- Installing: /home/ryung/Desktop/strider_ws/install/mocap_interfaces/share/mocap_interfaces/cmake/rosidl_cmake-extras.cmake
[4.488s] -- Installing: /home/ryung/Desktop/strider_ws/install/mocap_interfaces/share/mocap_interfaces/cmake/ament_cmake_export_include_directories-extras.cmake
[4.488s] -- Installing: /home/ryung/Desktop/strider_ws/install/mocap_interfaces/share/mocap_interfaces/cmake/ament_cmake_export_libraries-extras.cmake
[4.488s] -- Installing: /home/ryung/Desktop/strider_ws/install/mocap_interfaces/share/mocap_interfaces/cmake/ament_cmake_export_targets-extras.cmake
[4.489s] -- Installing: /home/ryung/Desktop/strider_ws/install/mocap_interfaces/share/mocap_interfaces/cmake/rosidl_cmake_export_typesupport_targets-extras.cmake
[4.489s] -- Installing: /home/ryung/Desktop/strider_ws/install/mocap_interfaces/share/mocap_interfaces/cmake/ament_cmake_export_dependencies-extras.cmake
[4.489s] -- Installing: /home/ryung/Desktop/strider_ws/install/mocap_interfaces/share/mocap_interfaces/cmake/rosidl_cmake_export_typesupport_libraries-extras.cmake
[4.489s] -- Installing: /home/ryung/Desktop/strider_ws/install/mocap_interfaces/share/mocap_interfaces/cmake/mocap_interfacesConfig.cmake
[4.489s] -- Installing: /home/ryung/Desktop/strider_ws/install/mocap_interfaces/share/mocap_interfaces/cmake/mocap_interfacesConfig-version.cmake
[4.489s] -- Installing: /home/ryung/Desktop/strider_ws/install/mocap_interfaces/share/mocap_interfaces/package.xml
[4.499s] Invoked command in '/home/ryung/Desktop/strider_ws/build/mocap_interfaces' returned '0': CMAKE_PREFIX_PATH=/opt/ros/humble /usr/bin/cmake --install /home/ryung/Desktop/strider_ws/build/mocap_interfaces
