[0.014s] Invoking command in '/home/ryung/Desktop/strider_ws/build/sbus_interfaces': CMAKE_PREFIX_PATH=/opt/ros/humble /usr/bin/cmake /home/ryung/Desktop/strider_ws/src/SBUS/sbus_interfaces -DCMAKE_INSTALL_PREFIX=/home/ryung/Desktop/strider_ws/install/sbus_interfaces
[0.169s] -- The C compiler identification is GNU 11.4.0
[0.263s] -- The CXX compiler identification is GNU 11.4.0
[0.270s] -- Detecting C compiler ABI info
[0.314s] -- Detecting C compiler ABI info - done
[0.320s] -- Check for working C compiler: /usr/bin/cc - skipped
[0.320s] -- Detecting C compile features
[0.320s] -- Detecting C compile features - done
[0.322s] -- Detecting CXX compiler ABI info
[0.379s] -- Detecting CXX compiler ABI info - done
[0.384s] -- Check for working CXX compiler: /usr/bin/c++ - skipped
[0.384s] -- Detecting CXX compile features
[0.384s] -- Detecting CXX compile features - done
[0.385s] -- Found ament_cmake: 1.3.11 (/opt/ros/humble/share/ament_cmake/cmake)
[0.521s] -- Found Python3: /usr/bin/python3 (found version "3.10.12") found components: Interpreter 
[0.594s] -- Found rosidl_default_generators: 1.2.0 (/opt/ros/humble/share/rosidl_default_generators/cmake)
[0.597s] -- Using all available rosidl_typesupport_c: rosidl_typesupport_fastrtps_c;rosidl_typesupport_introspection_c
[0.602s] -- Found rosidl_adapter: 3.1.6 (/opt/ros/humble/share/rosidl_adapter/cmake)
[0.654s] -- Using all available rosidl_typesupport_cpp: rosidl_typesupport_fastrtps_cpp;rosidl_typesupport_introspection_cpp
[0.803s] -- Found Python3: /usr/bin/python3 (found version "3.10.12") found components: Interpreter Development Development.Module Development.Embed 
[0.847s] -- Found Python3: /usr/bin/python3 (found version "3.10.12") found components: Interpreter 
[1.003s] -- Found ament_cmake_ros: 0.10.0 (/opt/ros/humble/share/ament_cmake_ros/cmake)
[1.163s] -- Using all available rosidl_typesupport_c: rosidl_typesupport_fastrtps_c;rosidl_typesupport_introspection_c
[1.358s] -- Using all available rosidl_typesupport_cpp: rosidl_typesupport_fastrtps_cpp;rosidl_typesupport_introspection_cpp
[1.378s] -- Found PythonInterp: /usr/bin/python3 (found suitable version "3.10.12", minimum required is "3.6") 
[1.379s] -- Found python_cmake_module: 0.10.0 (/opt/ros/humble/share/python_cmake_module/cmake)
[1.408s] -- Found PythonLibs: /usr/lib/x86_64-linux-gnu/libpython3.10.so (found suitable version "3.10.12", minimum required is "3.5") 
[1.408s] -- Using PYTHON_EXECUTABLE: /usr/bin/python3
[1.408s] -- Using PYTHON_INCLUDE_DIRS: /usr/include/python3.10
[1.408s] -- Using PYTHON_LIBRARIES: /usr/lib/x86_64-linux-gnu/libpython3.10.so
[1.427s] -- Found PythonExtra: .so  
[1.463s] -- Configuring done
[1.480s] -- Generating done
[1.486s] -- Build files have been written to: /home/ryung/Desktop/strider_ws/build/sbus_interfaces
[1.491s] Invoked command in '/home/ryung/Desktop/strider_ws/build/sbus_interfaces' returned '0': CMAKE_PREFIX_PATH=/opt/ros/humble /usr/bin/cmake /home/ryung/Desktop/strider_ws/src/SBUS/sbus_interfaces -DCMAKE_INSTALL_PREFIX=/home/ryung/Desktop/strider_ws/install/sbus_interfaces
[1.492s] Invoking command in '/home/ryung/Desktop/strider_ws/build/sbus_interfaces': CMAKE_PREFIX_PATH=/opt/ros/humble /usr/bin/cmake --build /home/ryung/Desktop/strider_ws/build/sbus_interfaces -- -j16 -l16
[1.514s] [  2%] [34m[1mGenerating C code for ROS interfaces[0m
[1.523s] [  5%] [34m[1mGenerating C++ code for ROS interfaces[0m
[1.538s] [  5%] Built target ament_cmake_python_copy_sbus_interfaces
[1.880s] running egg_info
[1.880s] creating sbus_interfaces.egg-info
[1.880s] writing sbus_interfaces.egg-info/PKG-INFO
[1.880s] writing dependency_links to sbus_interfaces.egg-info/dependency_links.txt
[1.881s] writing top-level names to sbus_interfaces.egg-info/top_level.txt
[1.881s] writing manifest file 'sbus_interfaces.egg-info/SOURCES.txt'
[1.883s] reading manifest file 'sbus_interfaces.egg-info/SOURCES.txt'
[1.883s] writing manifest file 'sbus_interfaces.egg-info/SOURCES.txt'
[1.924s] [  5%] Built target sbus_interfaces__cpp
[1.928s] [  5%] Built target ament_cmake_python_build_sbus_interfaces_egg
[1.943s] [  7%] [34m[1mGenerating C++ type support for eProsima Fast-RTPS[0m
[1.947s] [ 10%] [34m[1mGenerating C++ introspection for ROS interfaces[0m
[1.975s] [ 12%] [34m[1mGenerating C++ type support dispatch for ROS interfaces[0m
[1.987s] [ 15%] [32mBuilding C object CMakeFiles/sbus_interfaces__rosidl_generator_c.dir/rosidl_generator_c/sbus_interfaces/msg/detail/sbus_signal__functions.c.o[0m
[2.000s] [ 17%] [32mBuilding C object CMakeFiles/sbus_interfaces__rosidl_generator_c.dir/rosidl_generator_c/sbus_interfaces/msg/detail/kill_cmd__functions.c.o[0m
[2.077s] [ 20%] [32m[1mLinking C shared library libsbus_interfaces__rosidl_generator_c.so[0m
[2.147s] [ 20%] Built target sbus_interfaces__rosidl_generator_c
[2.170s] [ 23%] [34m[1mGenerating C type support for eProsima Fast-RTPS[0m
[2.175s] [ 25%] [34m[1mGenerating C introspection for ROS interfaces[0m
[2.180s] [ 28%] [34m[1mGenerating C type support dispatch for ROS interfaces[0m
[2.369s] [ 30%] [32mBuilding CXX object CMakeFiles/sbus_interfaces__rosidl_typesupport_fastrtps_cpp.dir/rosidl_typesupport_fastrtps_cpp/sbus_interfaces/msg/detail/dds_fastrtps/sbus_signal__type_support.cpp.o[0m
[2.372s] [ 33%] [32mBuilding CXX object CMakeFiles/sbus_interfaces__rosidl_typesupport_fastrtps_cpp.dir/rosidl_typesupport_fastrtps_cpp/sbus_interfaces/msg/detail/dds_fastrtps/kill_cmd__type_support.cpp.o[0m
[2.534s] [ 35%] [32mBuilding CXX object CMakeFiles/sbus_interfaces__rosidl_typesupport_introspection_cpp.dir/rosidl_typesupport_introspection_cpp/sbus_interfaces/msg/detail/sbus_signal__type_support.cpp.o[0m
[2.549s] [ 38%] [32mBuilding CXX object CMakeFiles/sbus_interfaces__rosidl_typesupport_introspection_cpp.dir/rosidl_typesupport_introspection_cpp/sbus_interfaces/msg/detail/kill_cmd__type_support.cpp.o[0m
[2.657s] [ 41%] [32mBuilding CXX object CMakeFiles/sbus_interfaces__rosidl_typesupport_cpp.dir/rosidl_typesupport_cpp/sbus_interfaces/msg/kill_cmd__type_support.cpp.o[0m
[2.663s] [ 43%] [32mBuilding C object CMakeFiles/sbus_interfaces__rosidl_typesupport_introspection_c.dir/rosidl_typesupport_introspection_c/sbus_interfaces/msg/detail/sbus_signal__type_support.c.o[0m
[2.665s] [ 46%] [32mBuilding CXX object CMakeFiles/sbus_interfaces__rosidl_typesupport_cpp.dir/rosidl_typesupport_cpp/sbus_interfaces/msg/sbus_signal__type_support.cpp.o[0m
[2.673s] [ 48%] [32mBuilding C object CMakeFiles/sbus_interfaces__rosidl_typesupport_introspection_c.dir/rosidl_typesupport_introspection_c/sbus_interfaces/msg/detail/kill_cmd__type_support.c.o[0m
[2.782s] [ 51%] [32m[1mLinking C shared library libsbus_interfaces__rosidl_typesupport_introspection_c.so[0m
[2.790s] [ 53%] [32mBuilding CXX object CMakeFiles/sbus_interfaces__rosidl_typesupport_c.dir/rosidl_typesupport_c/sbus_interfaces/msg/kill_cmd__type_support.cpp.o[0m
[2.793s] [ 56%] [32mBuilding CXX object CMakeFiles/sbus_interfaces__rosidl_typesupport_c.dir/rosidl_typesupport_c/sbus_interfaces/msg/sbus_signal__type_support.cpp.o[0m
[2.884s] [ 58%] [32m[1mLinking CXX shared library libsbus_interfaces__rosidl_typesupport_c.so[0m
[2.897s] [ 58%] Built target sbus_interfaces__rosidl_typesupport_introspection_c
[2.951s] [ 61%] [32mBuilding CXX object CMakeFiles/sbus_interfaces__rosidl_typesupport_fastrtps_c.dir/rosidl_typesupport_fastrtps_c/sbus_interfaces/msg/detail/sbus_signal__type_support_c.cpp.o[0m
[2.972s] [ 64%] [32mBuilding CXX object CMakeFiles/sbus_interfaces__rosidl_typesupport_fastrtps_c.dir/rosidl_typesupport_fastrtps_c/sbus_interfaces/msg/detail/kill_cmd__type_support_c.cpp.o[0m
[3.006s] [ 64%] Built target sbus_interfaces__rosidl_typesupport_c
[3.280s] [ 66%] [32m[1mLinking CXX shared library libsbus_interfaces__rosidl_typesupport_introspection_cpp.so[0m
[3.315s] [ 69%] [32m[1mLinking CXX shared library libsbus_interfaces__rosidl_typesupport_cpp.so[0m
[3.452s] [ 69%] Built target sbus_interfaces__rosidl_typesupport_cpp
[3.475s] [ 69%] Built target sbus_interfaces__rosidl_typesupport_introspection_cpp
[3.534s] [ 71%] [32m[1mLinking CXX shared library libsbus_interfaces__rosidl_typesupport_fastrtps_cpp.so[0m
[3.698s] [ 71%] Built target sbus_interfaces__rosidl_typesupport_fastrtps_cpp
[3.790s] [ 74%] [32m[1mLinking CXX shared library libsbus_interfaces__rosidl_typesupport_fastrtps_c.so[0m
[3.914s] [ 74%] Built target sbus_interfaces__rosidl_typesupport_fastrtps_c
[3.945s] [ 74%] Built target sbus_interfaces
[3.963s] [ 76%] [34m[1mGenerating Python code for ROS interfaces[0m
[4.279s] [ 76%] Built target sbus_interfaces__py
[4.292s] [ 79%] [32mBuilding C object CMakeFiles/sbus_interfaces__rosidl_generator_py.dir/rosidl_generator_py/sbus_interfaces/msg/_sbus_signal_s.c.o[0m
[4.292s] [ 82%] [32mBuilding C object CMakeFiles/sbus_interfaces__rosidl_generator_py.dir/rosidl_generator_py/sbus_interfaces/msg/_kill_cmd_s.c.o[0m
[4.389s] [ 84%] [32m[1mLinking C shared library rosidl_generator_py/sbus_interfaces/libsbus_interfaces__rosidl_generator_py.so[0m
[4.422s] [ 84%] Built target sbus_interfaces__rosidl_generator_py
[4.440s] [ 87%] [32mBuilding C object CMakeFiles/sbus_interfaces__rosidl_typesupport_fastrtps_c__pyext.dir/rosidl_generator_py/sbus_interfaces/_sbus_interfaces_s.ep.rosidl_typesupport_fastrtps_c.c.o[0m
[4.441s] [ 89%] [32mBuilding C object CMakeFiles/sbus_interfaces__rosidl_typesupport_c__pyext.dir/rosidl_generator_py/sbus_interfaces/_sbus_interfaces_s.ep.rosidl_typesupport_c.c.o[0m
[4.442s] [ 92%] [32mBuilding C object CMakeFiles/sbus_interfaces__rosidl_typesupport_introspection_c__pyext.dir/rosidl_generator_py/sbus_interfaces/_sbus_interfaces_s.ep.rosidl_typesupport_introspection_c.c.o[0m
[4.493s] [ 94%] [32m[1mLinking C shared library rosidl_generator_py/sbus_interfaces/sbus_interfaces_s__rosidl_typesupport_introspection_c.cpython-310-x86_64-linux-gnu.so[0m
[4.499s] [ 97%] [32m[1mLinking C shared library rosidl_generator_py/sbus_interfaces/sbus_interfaces_s__rosidl_typesupport_fastrtps_c.cpython-310-x86_64-linux-gnu.so[0m
[4.514s] [ 97%] Built target sbus_interfaces__rosidl_typesupport_introspection_c__pyext
[4.521s] [ 97%] Built target sbus_interfaces__rosidl_typesupport_fastrtps_c__pyext
[4.523s] [100%] [32m[1mLinking C shared library rosidl_generator_py/sbus_interfaces/sbus_interfaces_s__rosidl_typesupport_c.cpython-310-x86_64-linux-gnu.so[0m
[4.543s] [100%] Built target sbus_interfaces__rosidl_typesupport_c__pyext
[4.552s] Invoked command in '/home/ryung/Desktop/strider_ws/build/sbus_interfaces' returned '0': CMAKE_PREFIX_PATH=/opt/ros/humble /usr/bin/cmake --build /home/ryung/Desktop/strider_ws/build/sbus_interfaces -- -j16 -l16
[4.553s] Invoking command in '/home/ryung/Desktop/strider_ws/build/sbus_interfaces': CMAKE_PREFIX_PATH=/opt/ros/humble /usr/bin/cmake --install /home/ryung/Desktop/strider_ws/build/sbus_interfaces
[4.561s] -- Install configuration: ""
[4.561s] -- Installing: /home/ryung/Desktop/strider_ws/install/sbus_interfaces/share/ament_index/resource_index/rosidl_interfaces/sbus_interfaces
[4.561s] -- Installing: /home/ryung/Desktop/strider_ws/install/sbus_interfaces/include/sbus_interfaces/sbus_interfaces
[4.561s] -- Installing: /home/ryung/Desktop/strider_ws/install/sbus_interfaces/include/sbus_interfaces/sbus_interfaces/msg
[4.561s] -- Installing: /home/ryung/Desktop/strider_ws/install/sbus_interfaces/include/sbus_interfaces/sbus_interfaces/msg/detail
[4.561s] -- Installing: /home/ryung/Desktop/strider_ws/install/sbus_interfaces/include/sbus_interfaces/sbus_interfaces/msg/detail/sbus_signal__functions.c
[4.561s] -- Installing: /home/ryung/Desktop/strider_ws/install/sbus_interfaces/include/sbus_interfaces/sbus_interfaces/msg/detail/sbus_signal__functions.h
[4.561s] -- Installing: /home/ryung/Desktop/strider_ws/install/sbus_interfaces/include/sbus_interfaces/sbus_interfaces/msg/detail/kill_cmd__functions.h
[4.561s] -- Installing: /home/ryung/Desktop/strider_ws/install/sbus_interfaces/include/sbus_interfaces/sbus_interfaces/msg/detail/sbus_signal__struct.h
[4.562s] -- Installing: /home/ryung/Desktop/strider_ws/install/sbus_interfaces/include/sbus_interfaces/sbus_interfaces/msg/detail/kill_cmd__type_support.h
[4.562s] -- Installing: /home/ryung/Desktop/strider_ws/install/sbus_interfaces/include/sbus_interfaces/sbus_interfaces/msg/detail/sbus_signal__type_support.h
[4.562s] -- Installing: /home/ryung/Desktop/strider_ws/install/sbus_interfaces/include/sbus_interfaces/sbus_interfaces/msg/detail/kill_cmd__functions.c
[4.562s] -- Installing: /home/ryung/Desktop/strider_ws/install/sbus_interfaces/include/sbus_interfaces/sbus_interfaces/msg/detail/kill_cmd__struct.h
[4.562s] -- Installing: /home/ryung/Desktop/strider_ws/install/sbus_interfaces/include/sbus_interfaces/sbus_interfaces/msg/sbus_signal.h
[4.562s] -- Installing: /home/ryung/Desktop/strider_ws/install/sbus_interfaces/include/sbus_interfaces/sbus_interfaces/msg/rosidl_generator_c__visibility_control.h
[4.562s] -- Installing: /home/ryung/Desktop/strider_ws/install/sbus_interfaces/include/sbus_interfaces/sbus_interfaces/msg/kill_cmd.h
[4.562s] -- Installing: /home/ryung/Desktop/strider_ws/install/sbus_interfaces/share/sbus_interfaces/environment/library_path.sh
[4.562s] -- Installing: /home/ryung/Desktop/strider_ws/install/sbus_interfaces/share/sbus_interfaces/environment/library_path.dsv
[4.563s] -- Installing: /home/ryung/Desktop/strider_ws/install/sbus_interfaces/lib/libsbus_interfaces__rosidl_generator_c.so
[4.563s] -- Set runtime path of "/home/ryung/Desktop/strider_ws/install/sbus_interfaces/lib/libsbus_interfaces__rosidl_generator_c.so" to ""
[4.563s] -- Up-to-date: /home/ryung/Desktop/strider_ws/install/sbus_interfaces/include/sbus_interfaces/sbus_interfaces
[4.563s] -- Up-to-date: /home/ryung/Desktop/strider_ws/install/sbus_interfaces/include/sbus_interfaces/sbus_interfaces/msg
[4.563s] -- Installing: /home/ryung/Desktop/strider_ws/install/sbus_interfaces/include/sbus_interfaces/sbus_interfaces/msg/rosidl_typesupport_fastrtps_c__visibility_control.h
[4.563s] -- Up-to-date: /home/ryung/Desktop/strider_ws/install/sbus_interfaces/include/sbus_interfaces/sbus_interfaces/msg/detail
[4.563s] -- Installing: /home/ryung/Desktop/strider_ws/install/sbus_interfaces/include/sbus_interfaces/sbus_interfaces/msg/detail/kill_cmd__rosidl_typesupport_fastrtps_c.h
[4.563s] -- Installing: /home/ryung/Desktop/strider_ws/install/sbus_interfaces/include/sbus_interfaces/sbus_interfaces/msg/detail/sbus_signal__rosidl_typesupport_fastrtps_c.h
[4.563s] -- Installing: /home/ryung/Desktop/strider_ws/install/sbus_interfaces/lib/libsbus_interfaces__rosidl_typesupport_fastrtps_c.so
[4.564s] -- Set runtime path of "/home/ryung/Desktop/strider_ws/install/sbus_interfaces/lib/libsbus_interfaces__rosidl_typesupport_fastrtps_c.so" to ""
[4.564s] -- Up-to-date: /home/ryung/Desktop/strider_ws/install/sbus_interfaces/include/sbus_interfaces/sbus_interfaces
[4.564s] -- Up-to-date: /home/ryung/Desktop/strider_ws/install/sbus_interfaces/include/sbus_interfaces/sbus_interfaces/msg
[4.564s] -- Installing: /home/ryung/Desktop/strider_ws/install/sbus_interfaces/include/sbus_interfaces/sbus_interfaces/msg/rosidl_typesupport_introspection_c__visibility_control.h
[4.564s] -- Up-to-date: /home/ryung/Desktop/strider_ws/install/sbus_interfaces/include/sbus_interfaces/sbus_interfaces/msg/detail
[4.564s] -- Installing: /home/ryung/Desktop/strider_ws/install/sbus_interfaces/include/sbus_interfaces/sbus_interfaces/msg/detail/sbus_signal__type_support.c
[4.564s] -- Installing: /home/ryung/Desktop/strider_ws/install/sbus_interfaces/include/sbus_interfaces/sbus_interfaces/msg/detail/kill_cmd__rosidl_typesupport_introspection_c.h
[4.564s] -- Installing: /home/ryung/Desktop/strider_ws/install/sbus_interfaces/include/sbus_interfaces/sbus_interfaces/msg/detail/sbus_signal__rosidl_typesupport_introspection_c.h
[4.564s] -- Installing: /home/ryung/Desktop/strider_ws/install/sbus_interfaces/include/sbus_interfaces/sbus_interfaces/msg/detail/kill_cmd__type_support.c
[4.565s] -- Installing: /home/ryung/Desktop/strider_ws/install/sbus_interfaces/lib/libsbus_interfaces__rosidl_typesupport_introspection_c.so
[4.565s] -- Set runtime path of "/home/ryung/Desktop/strider_ws/install/sbus_interfaces/lib/libsbus_interfaces__rosidl_typesupport_introspection_c.so" to ""
[4.565s] -- Installing: /home/ryung/Desktop/strider_ws/install/sbus_interfaces/lib/libsbus_interfaces__rosidl_typesupport_c.so
[4.565s] -- Set runtime path of "/home/ryung/Desktop/strider_ws/install/sbus_interfaces/lib/libsbus_interfaces__rosidl_typesupport_c.so" to ""
[4.565s] -- Up-to-date: /home/ryung/Desktop/strider_ws/install/sbus_interfaces/include/sbus_interfaces/sbus_interfaces
[4.565s] -- Up-to-date: /home/ryung/Desktop/strider_ws/install/sbus_interfaces/include/sbus_interfaces/sbus_interfaces/msg
[4.565s] -- Installing: /home/ryung/Desktop/strider_ws/install/sbus_interfaces/include/sbus_interfaces/sbus_interfaces/msg/sbus_signal.hpp
[4.565s] -- Installing: /home/ryung/Desktop/strider_ws/install/sbus_interfaces/include/sbus_interfaces/sbus_interfaces/msg/rosidl_generator_cpp__visibility_control.hpp
[4.565s] -- Up-to-date: /home/ryung/Desktop/strider_ws/install/sbus_interfaces/include/sbus_interfaces/sbus_interfaces/msg/detail
[4.565s] -- Installing: /home/ryung/Desktop/strider_ws/install/sbus_interfaces/include/sbus_interfaces/sbus_interfaces/msg/detail/kill_cmd__builder.hpp
[4.566s] -- Installing: /home/ryung/Desktop/strider_ws/install/sbus_interfaces/include/sbus_interfaces/sbus_interfaces/msg/detail/sbus_signal__traits.hpp
[4.566s] -- Installing: /home/ryung/Desktop/strider_ws/install/sbus_interfaces/include/sbus_interfaces/sbus_interfaces/msg/detail/sbus_signal__builder.hpp
[4.566s] -- Installing: /home/ryung/Desktop/strider_ws/install/sbus_interfaces/include/sbus_interfaces/sbus_interfaces/msg/detail/kill_cmd__struct.hpp
[4.566s] -- Installing: /home/ryung/Desktop/strider_ws/install/sbus_interfaces/include/sbus_interfaces/sbus_interfaces/msg/detail/sbus_signal__type_support.hpp
[4.566s] -- Installing: /home/ryung/Desktop/strider_ws/install/sbus_interfaces/include/sbus_interfaces/sbus_interfaces/msg/detail/kill_cmd__traits.hpp
[4.566s] -- Installing: /home/ryung/Desktop/strider_ws/install/sbus_interfaces/include/sbus_interfaces/sbus_interfaces/msg/detail/kill_cmd__type_support.hpp
[4.566s] -- Installing: /home/ryung/Desktop/strider_ws/install/sbus_interfaces/include/sbus_interfaces/sbus_interfaces/msg/detail/sbus_signal__struct.hpp
[4.566s] -- Installing: /home/ryung/Desktop/strider_ws/install/sbus_interfaces/include/sbus_interfaces/sbus_interfaces/msg/kill_cmd.hpp
[4.566s] -- Up-to-date: /home/ryung/Desktop/strider_ws/install/sbus_interfaces/include/sbus_interfaces/sbus_interfaces
[4.567s] -- Up-to-date: /home/ryung/Desktop/strider_ws/install/sbus_interfaces/include/sbus_interfaces/sbus_interfaces/msg
[4.567s] -- Installing: /home/ryung/Desktop/strider_ws/install/sbus_interfaces/include/sbus_interfaces/sbus_interfaces/msg/rosidl_typesupport_fastrtps_cpp__visibility_control.h
[4.567s] -- Up-to-date: /home/ryung/Desktop/strider_ws/install/sbus_interfaces/include/sbus_interfaces/sbus_interfaces/msg/detail
[4.567s] -- Installing: /home/ryung/Desktop/strider_ws/install/sbus_interfaces/include/sbus_interfaces/sbus_interfaces/msg/detail/sbus_signal__rosidl_typesupport_fastrtps_cpp.hpp
[4.567s] -- Installing: /home/ryung/Desktop/strider_ws/install/sbus_interfaces/include/sbus_interfaces/sbus_interfaces/msg/detail/kill_cmd__rosidl_typesupport_fastrtps_cpp.hpp
[4.567s] -- Installing: /home/ryung/Desktop/strider_ws/install/sbus_interfaces/include/sbus_interfaces/sbus_interfaces/msg/detail/dds_fastrtps
[4.567s] -- Installing: /home/ryung/Desktop/strider_ws/install/sbus_interfaces/lib/libsbus_interfaces__rosidl_typesupport_fastrtps_cpp.so
[4.567s] -- Set runtime path of "/home/ryung/Desktop/strider_ws/install/sbus_interfaces/lib/libsbus_interfaces__rosidl_typesupport_fastrtps_cpp.so" to ""
[4.567s] -- Up-to-date: /home/ryung/Desktop/strider_ws/install/sbus_interfaces/include/sbus_interfaces/sbus_interfaces
[4.567s] -- Up-to-date: /home/ryung/Desktop/strider_ws/install/sbus_interfaces/include/sbus_interfaces/sbus_interfaces/msg
[4.567s] -- Up-to-date: /home/ryung/Desktop/strider_ws/install/sbus_interfaces/include/sbus_interfaces/sbus_interfaces/msg/detail
[4.567s] -- Installing: /home/ryung/Desktop/strider_ws/install/sbus_interfaces/include/sbus_interfaces/sbus_interfaces/msg/detail/kill_cmd__rosidl_typesupport_introspection_cpp.hpp
[4.567s] -- Installing: /home/ryung/Desktop/strider_ws/install/sbus_interfaces/include/sbus_interfaces/sbus_interfaces/msg/detail/sbus_signal__type_support.cpp
[4.568s] -- Installing: /home/ryung/Desktop/strider_ws/install/sbus_interfaces/include/sbus_interfaces/sbus_interfaces/msg/detail/sbus_signal__rosidl_typesupport_introspection_cpp.hpp
[4.568s] -- Installing: /home/ryung/Desktop/strider_ws/install/sbus_interfaces/include/sbus_interfaces/sbus_interfaces/msg/detail/kill_cmd__type_support.cpp
[4.568s] -- Installing: /home/ryung/Desktop/strider_ws/install/sbus_interfaces/lib/libsbus_interfaces__rosidl_typesupport_introspection_cpp.so
[4.568s] -- Set runtime path of "/home/ryung/Desktop/strider_ws/install/sbus_interfaces/lib/libsbus_interfaces__rosidl_typesupport_introspection_cpp.so" to ""
[4.568s] -- Installing: /home/ryung/Desktop/strider_ws/install/sbus_interfaces/lib/libsbus_interfaces__rosidl_typesupport_cpp.so
[4.568s] -- Set runtime path of "/home/ryung/Desktop/strider_ws/install/sbus_interfaces/lib/libsbus_interfaces__rosidl_typesupport_cpp.so" to ""
[4.568s] -- Installing: /home/ryung/Desktop/strider_ws/install/sbus_interfaces/share/sbus_interfaces/environment/pythonpath.sh
[4.569s] -- Installing: /home/ryung/Desktop/strider_ws/install/sbus_interfaces/share/sbus_interfaces/environment/pythonpath.dsv
[4.569s] -- Installing: /home/ryung/Desktop/strider_ws/install/sbus_interfaces/local/lib/python3.10/dist-packages/sbus_interfaces-0.0.0-py3.10.egg-info
[4.569s] -- Installing: /home/ryung/Desktop/strider_ws/install/sbus_interfaces/local/lib/python3.10/dist-packages/sbus_interfaces-0.0.0-py3.10.egg-info/SOURCES.txt
[4.569s] -- Installing: /home/ryung/Desktop/strider_ws/install/sbus_interfaces/local/lib/python3.10/dist-packages/sbus_interfaces-0.0.0-py3.10.egg-info/top_level.txt
[4.569s] -- Installing: /home/ryung/Desktop/strider_ws/install/sbus_interfaces/local/lib/python3.10/dist-packages/sbus_interfaces-0.0.0-py3.10.egg-info/PKG-INFO
[4.569s] -- Installing: /home/ryung/Desktop/strider_ws/install/sbus_interfaces/local/lib/python3.10/dist-packages/sbus_interfaces-0.0.0-py3.10.egg-info/dependency_links.txt
[4.569s] -- Installing: /home/ryung/Desktop/strider_ws/install/sbus_interfaces/local/lib/python3.10/dist-packages/sbus_interfaces
[4.569s] -- Installing: /home/ryung/Desktop/strider_ws/install/sbus_interfaces/local/lib/python3.10/dist-packages/sbus_interfaces/sbus_interfaces_s__rosidl_typesupport_c.cpython-310-x86_64-linux-gnu.so
[4.570s] -- Installing: /home/ryung/Desktop/strider_ws/install/sbus_interfaces/local/lib/python3.10/dist-packages/sbus_interfaces/msg
[4.570s] -- Installing: /home/ryung/Desktop/strider_ws/install/sbus_interfaces/local/lib/python3.10/dist-packages/sbus_interfaces/msg/_sbus_signal.py
[4.570s] -- Installing: /home/ryung/Desktop/strider_ws/install/sbus_interfaces/local/lib/python3.10/dist-packages/sbus_interfaces/msg/_sbus_signal_s.c
[4.570s] -- Installing: /home/ryung/Desktop/strider_ws/install/sbus_interfaces/local/lib/python3.10/dist-packages/sbus_interfaces/msg/_kill_cmd_s.c
[4.570s] -- Installing: /home/ryung/Desktop/strider_ws/install/sbus_interfaces/local/lib/python3.10/dist-packages/sbus_interfaces/msg/_kill_cmd.py
[4.570s] -- Installing: /home/ryung/Desktop/strider_ws/install/sbus_interfaces/local/lib/python3.10/dist-packages/sbus_interfaces/msg/__init__.py
[4.570s] -- Installing: /home/ryung/Desktop/strider_ws/install/sbus_interfaces/local/lib/python3.10/dist-packages/sbus_interfaces/libsbus_interfaces__rosidl_generator_py.so
[4.570s] -- Installing: /home/ryung/Desktop/strider_ws/install/sbus_interfaces/local/lib/python3.10/dist-packages/sbus_interfaces/sbus_interfaces_s__rosidl_typesupport_introspection_c.cpython-310-x86_64-linux-gnu.so
[4.570s] -- Installing: /home/ryung/Desktop/strider_ws/install/sbus_interfaces/local/lib/python3.10/dist-packages/sbus_interfaces/sbus_interfaces_s__rosidl_typesupport_fastrtps_c.cpython-310-x86_64-linux-gnu.so
[4.570s] -- Installing: /home/ryung/Desktop/strider_ws/install/sbus_interfaces/local/lib/python3.10/dist-packages/sbus_interfaces/_sbus_interfaces_s.ep.rosidl_typesupport_c.c
[4.570s] -- Installing: /home/ryung/Desktop/strider_ws/install/sbus_interfaces/local/lib/python3.10/dist-packages/sbus_interfaces/__init__.py
[4.570s] -- Installing: /home/ryung/Desktop/strider_ws/install/sbus_interfaces/local/lib/python3.10/dist-packages/sbus_interfaces/_sbus_interfaces_s.ep.rosidl_typesupport_fastrtps_c.c
[4.570s] -- Installing: /home/ryung/Desktop/strider_ws/install/sbus_interfaces/local/lib/python3.10/dist-packages/sbus_interfaces/_sbus_interfaces_s.ep.rosidl_typesupport_introspection_c.c
[4.597s] Listing '/home/ryung/Desktop/strider_ws/install/sbus_interfaces/local/lib/python3.10/dist-packages/sbus_interfaces'...
[4.597s] Compiling '/home/ryung/Desktop/strider_ws/install/sbus_interfaces/local/lib/python3.10/dist-packages/sbus_interfaces/__init__.py'...
[4.597s] Listing '/home/ryung/Desktop/strider_ws/install/sbus_interfaces/local/lib/python3.10/dist-packages/sbus_interfaces/msg'...
[4.597s] Compiling '/home/ryung/Desktop/strider_ws/install/sbus_interfaces/local/lib/python3.10/dist-packages/sbus_interfaces/msg/__init__.py'...
[4.597s] Compiling '/home/ryung/Desktop/strider_ws/install/sbus_interfaces/local/lib/python3.10/dist-packages/sbus_interfaces/msg/_kill_cmd.py'...
[4.597s] Compiling '/home/ryung/Desktop/strider_ws/install/sbus_interfaces/local/lib/python3.10/dist-packages/sbus_interfaces/msg/_sbus_signal.py'...
[4.601s] -- Installing: /home/ryung/Desktop/strider_ws/install/sbus_interfaces/local/lib/python3.10/dist-packages/sbus_interfaces/sbus_interfaces_s__rosidl_typesupport_fastrtps_c.cpython-310-x86_64-linux-gnu.so
[4.601s] -- Set runtime path of "/home/ryung/Desktop/strider_ws/install/sbus_interfaces/local/lib/python3.10/dist-packages/sbus_interfaces/sbus_interfaces_s__rosidl_typesupport_fastrtps_c.cpython-310-x86_64-linux-gnu.so" to ""
[4.601s] -- Installing: /home/ryung/Desktop/strider_ws/install/sbus_interfaces/local/lib/python3.10/dist-packages/sbus_interfaces/sbus_interfaces_s__rosidl_typesupport_introspection_c.cpython-310-x86_64-linux-gnu.so
[4.601s] -- Set runtime path of "/home/ryung/Desktop/strider_ws/install/sbus_interfaces/local/lib/python3.10/dist-packages/sbus_interfaces/sbus_interfaces_s__rosidl_typesupport_introspection_c.cpython-310-x86_64-linux-gnu.so" to ""
[4.602s] -- Installing: /home/ryung/Desktop/strider_ws/install/sbus_interfaces/local/lib/python3.10/dist-packages/sbus_interfaces/sbus_interfaces_s__rosidl_typesupport_c.cpython-310-x86_64-linux-gnu.so
[4.602s] -- Set runtime path of "/home/ryung/Desktop/strider_ws/install/sbus_interfaces/local/lib/python3.10/dist-packages/sbus_interfaces/sbus_interfaces_s__rosidl_typesupport_c.cpython-310-x86_64-linux-gnu.so" to ""
[4.602s] -- Installing: /home/ryung/Desktop/strider_ws/install/sbus_interfaces/lib/libsbus_interfaces__rosidl_generator_py.so
[4.602s] -- Set runtime path of "/home/ryung/Desktop/strider_ws/install/sbus_interfaces/lib/libsbus_interfaces__rosidl_generator_py.so" to ""
[4.602s] -- Installing: /home/ryung/Desktop/strider_ws/install/sbus_interfaces/share/sbus_interfaces/msg/SbusSignal.idl
[4.603s] -- Installing: /home/ryung/Desktop/strider_ws/install/sbus_interfaces/share/sbus_interfaces/msg/KillCmd.idl
[4.603s] -- Installing: /home/ryung/Desktop/strider_ws/install/sbus_interfaces/share/sbus_interfaces/msg/SbusSignal.msg
[4.603s] -- Installing: /home/ryung/Desktop/strider_ws/install/sbus_interfaces/share/sbus_interfaces/msg/KillCmd.msg
[4.603s] -- Installing: /home/ryung/Desktop/strider_ws/install/sbus_interfaces/share/ament_index/resource_index/package_run_dependencies/sbus_interfaces
[4.603s] -- Installing: /home/ryung/Desktop/strider_ws/install/sbus_interfaces/share/ament_index/resource_index/parent_prefix_path/sbus_interfaces
[4.603s] -- Installing: /home/ryung/Desktop/strider_ws/install/sbus_interfaces/share/sbus_interfaces/environment/ament_prefix_path.sh
[4.603s] -- Installing: /home/ryung/Desktop/strider_ws/install/sbus_interfaces/share/sbus_interfaces/environment/ament_prefix_path.dsv
[4.604s] -- Installing: /home/ryung/Desktop/strider_ws/install/sbus_interfaces/share/sbus_interfaces/environment/path.sh
[4.604s] -- Installing: /home/ryung/Desktop/strider_ws/install/sbus_interfaces/share/sbus_interfaces/environment/path.dsv
[4.604s] -- Installing: /home/ryung/Desktop/strider_ws/install/sbus_interfaces/share/sbus_interfaces/local_setup.bash
[4.604s] -- Installing: /home/ryung/Desktop/strider_ws/install/sbus_interfaces/share/sbus_interfaces/local_setup.sh
[4.604s] -- Installing: /home/ryung/Desktop/strider_ws/install/sbus_interfaces/share/sbus_interfaces/local_setup.zsh
[4.604s] -- Installing: /home/ryung/Desktop/strider_ws/install/sbus_interfaces/share/sbus_interfaces/local_setup.dsv
[4.604s] -- Installing: /home/ryung/Desktop/strider_ws/install/sbus_interfaces/share/sbus_interfaces/package.dsv
[4.604s] -- Installing: /home/ryung/Desktop/strider_ws/install/sbus_interfaces/share/ament_index/resource_index/packages/sbus_interfaces
[4.604s] -- Installing: /home/ryung/Desktop/strider_ws/install/sbus_interfaces/share/sbus_interfaces/cmake/export_sbus_interfaces__rosidl_generator_cExport.cmake
[4.604s] -- Installing: /home/ryung/Desktop/strider_ws/install/sbus_interfaces/share/sbus_interfaces/cmake/export_sbus_interfaces__rosidl_generator_cExport-noconfig.cmake
[4.604s] -- Installing: /home/ryung/Desktop/strider_ws/install/sbus_interfaces/share/sbus_interfaces/cmake/export_sbus_interfaces__rosidl_typesupport_fastrtps_cExport.cmake
[4.604s] -- Installing: /home/ryung/Desktop/strider_ws/install/sbus_interfaces/share/sbus_interfaces/cmake/export_sbus_interfaces__rosidl_typesupport_fastrtps_cExport-noconfig.cmake
[4.604s] -- Installing: /home/ryung/Desktop/strider_ws/install/sbus_interfaces/share/sbus_interfaces/cmake/sbus_interfaces__rosidl_typesupport_introspection_cExport.cmake
[4.604s] -- Installing: /home/ryung/Desktop/strider_ws/install/sbus_interfaces/share/sbus_interfaces/cmake/sbus_interfaces__rosidl_typesupport_introspection_cExport-noconfig.cmake
[4.604s] -- Installing: /home/ryung/Desktop/strider_ws/install/sbus_interfaces/share/sbus_interfaces/cmake/sbus_interfaces__rosidl_typesupport_cExport.cmake
[4.604s] -- Installing: /home/ryung/Desktop/strider_ws/install/sbus_interfaces/share/sbus_interfaces/cmake/sbus_interfaces__rosidl_typesupport_cExport-noconfig.cmake
[4.604s] -- Installing: /home/ryung/Desktop/strider_ws/install/sbus_interfaces/share/sbus_interfaces/cmake/export_sbus_interfaces__rosidl_generator_cppExport.cmake
[4.604s] -- Installing: /home/ryung/Desktop/strider_ws/install/sbus_interfaces/share/sbus_interfaces/cmake/export_sbus_interfaces__rosidl_typesupport_fastrtps_cppExport.cmake
[4.604s] -- Installing: /home/ryung/Desktop/strider_ws/install/sbus_interfaces/share/sbus_interfaces/cmake/export_sbus_interfaces__rosidl_typesupport_fastrtps_cppExport-noconfig.cmake
[4.604s] -- Installing: /home/ryung/Desktop/strider_ws/install/sbus_interfaces/share/sbus_interfaces/cmake/sbus_interfaces__rosidl_typesupport_introspection_cppExport.cmake
[4.605s] -- Installing: /home/ryung/Desktop/strider_ws/install/sbus_interfaces/share/sbus_interfaces/cmake/sbus_interfaces__rosidl_typesupport_introspection_cppExport-noconfig.cmake
[4.605s] -- Installing: /home/ryung/Desktop/strider_ws/install/sbus_interfaces/share/sbus_interfaces/cmake/sbus_interfaces__rosidl_typesupport_cppExport.cmake
[4.605s] -- Installing: /home/ryung/Desktop/strider_ws/install/sbus_interfaces/share/sbus_interfaces/cmake/sbus_interfaces__rosidl_typesupport_cppExport-noconfig.cmake
[4.605s] -- Installing: /home/ryung/Desktop/strider_ws/install/sbus_interfaces/share/sbus_interfaces/cmake/export_sbus_interfaces__rosidl_generator_pyExport.cmake
[4.605s] -- Installing: /home/ryung/Desktop/strider_ws/install/sbus_interfaces/share/sbus_interfaces/cmake/export_sbus_interfaces__rosidl_generator_pyExport-noconfig.cmake
[4.605s] -- Installing: /home/ryung/Desktop/strider_ws/install/sbus_interfaces/share/sbus_interfaces/cmake/rosidl_cmake-extras.cmake
[4.605s] -- Installing: /home/ryung/Desktop/strider_ws/install/sbus_interfaces/share/sbus_interfaces/cmake/ament_cmake_export_include_directories-extras.cmake
[4.605s] -- Installing: /home/ryung/Desktop/strider_ws/install/sbus_interfaces/share/sbus_interfaces/cmake/ament_cmake_export_libraries-extras.cmake
[4.605s] -- Installing: /home/ryung/Desktop/strider_ws/install/sbus_interfaces/share/sbus_interfaces/cmake/ament_cmake_export_targets-extras.cmake
[4.605s] -- Installing: /home/ryung/Desktop/strider_ws/install/sbus_interfaces/share/sbus_interfaces/cmake/rosidl_cmake_export_typesupport_targets-extras.cmake
[4.605s] -- Installing: /home/ryung/Desktop/strider_ws/install/sbus_interfaces/share/sbus_interfaces/cmake/ament_cmake_export_dependencies-extras.cmake
[4.605s] -- Installing: /home/ryung/Desktop/strider_ws/install/sbus_interfaces/share/sbus_interfaces/cmake/rosidl_cmake_export_typesupport_libraries-extras.cmake
[4.605s] -- Installing: /home/ryung/Desktop/strider_ws/install/sbus_interfaces/share/sbus_interfaces/cmake/sbus_interfacesConfig.cmake
[4.605s] -- Installing: /home/ryung/Desktop/strider_ws/install/sbus_interfaces/share/sbus_interfaces/cmake/sbus_interfacesConfig-version.cmake
[4.605s] -- Installing: /home/ryung/Desktop/strider_ws/install/sbus_interfaces/share/sbus_interfaces/package.xml
[4.607s] Invoked command in '/home/ryung/Desktop/strider_ws/build/sbus_interfaces' returned '0': CMAKE_PREFIX_PATH=/opt/ros/humble /usr/bin/cmake --install /home/ryung/Desktop/strider_ws/build/sbus_interfaces
