[0.019s] Invoking command in '/home/ryung/Desktop/strider_ws/build/mocap': AMENT_PREFIX_PATH=/home/ryung/Desktop/strider_ws/install/watchdog_interfaces:/home/ryung/Desktop/strider_ws/install/mocap_interfaces:${AMENT_PREFIX_PATH} CMAKE_PREFIX_PATH=/home/ryung/Desktop/strider_ws/install/watchdog_interfaces:/home/ryung/Desktop/strider_ws/install/mocap_interfaces:/opt/ros/humble LD_LIBRARY_PATH=/home/ryung/Desktop/strider_ws/install/watchdog_interfaces/lib:/home/ryung/Desktop/strider_ws/install/mocap_interfaces/lib:${LD_LIBRARY_PATH} PYTHONPATH=/home/ryung/Desktop/strider_ws/install/watchdog_interfaces/local/lib/python3.10/dist-packages:/home/ryung/Desktop/strider_ws/install/mocap_interfaces/local/lib/python3.10/dist-packages:${PYTHONPATH} /usr/bin/cmake /home/ryung/Desktop/strider_ws/src/MoCap/mocap -DCMAKE_INSTALL_PREFIX=/home/ryung/Desktop/strider_ws/install/mocap
[0.053s] -- The C compiler identification is GNU 11.4.0
[0.102s] -- The CXX compiler identification is GNU 11.4.0
[0.106s] -- Detecting C compiler ABI info
[0.154s] -- Detecting C compiler ABI info - done
[0.159s] -- Check for working C compiler: /usr/bin/cc - skipped
[0.159s] -- Detecting C compile features
[0.159s] -- Detecting C compile features - done
[0.161s] -- Detecting CXX compiler ABI info
[0.215s] -- Detecting CXX compiler ABI info - done
[0.220s] -- Check for working CXX compiler: /usr/bin/c++ - skipped
[0.220s] -- Detecting CXX compile features
[0.220s] -- Detecting CXX compile features - done
[0.222s] -- Found ament_cmake: 1.3.11 (/opt/ros/humble/share/ament_cmake/cmake)
[0.376s] -- Found Python3: /usr/bin/python3 (found version "3.10.12") found components: Interpreter 
[0.438s] -- Found rclcpp_components: 16.0.11 (/opt/ros/humble/share/rclcpp_components/cmake)
[0.479s] -- Found rosidl_generator_c: 3.1.6 (/opt/ros/humble/share/rosidl_generator_c/cmake)
[0.481s] -- Found rosidl_adapter: 3.1.6 (/opt/ros/humble/share/rosidl_adapter/cmake)
[0.486s] -- Found rosidl_generator_cpp: 3.1.6 (/opt/ros/humble/share/rosidl_generator_cpp/cmake)
[0.494s] -- Using all available rosidl_typesupport_c: rosidl_typesupport_fastrtps_c;rosidl_typesupport_introspection_c
[0.506s] -- Using all available rosidl_typesupport_cpp: rosidl_typesupport_fastrtps_cpp;rosidl_typesupport_introspection_cpp
[0.571s] -- Found rmw_implementation_cmake: 6.1.2 (/opt/ros/humble/share/rmw_implementation_cmake/cmake)
[0.574s] -- Found rmw_fastrtps_cpp: 6.2.7 (/opt/ros/humble/share/rmw_fastrtps_cpp/cmake)
[0.636s] -- Found OpenSSL: /usr/lib/x86_64-linux-gnu/libcrypto.so (found version "3.0.2")  
[0.655s] -- Found FastRTPS: /opt/ros/humble/include  
[0.683s] -- Using RMW implementation 'rmw_fastrtps_cpp' as default
[0.692s] -- Looking for pthread.h
[0.747s] -- Looking for pthread.h - found
[0.747s] -- Performing Test CMAKE_HAVE_LIBC_PTHREAD
[0.798s] -- Performing Test CMAKE_HAVE_LIBC_PTHREAD - Success
[0.799s] -- Found Threads: TRUE  
[0.849s] -- Found mocap_interfaces: 0.0.0 (/home/ryung/Desktop/strider_ws/install/mocap_interfaces/share/mocap_interfaces/cmake)
[0.860s] -- Found watchdog_interfaces: 0.0.0 (/home/ryung/Desktop/strider_ws/install/watchdog_interfaces/share/watchdog_interfaces/cmake)
[0.947s] -- Configuring done
[0.957s] -- Generating done
[0.961s] -- Build files have been written to: /home/ryung/Desktop/strider_ws/build/mocap
[0.969s] Invoked command in '/home/ryung/Desktop/strider_ws/build/mocap' returned '0': AMENT_PREFIX_PATH=/home/ryung/Desktop/strider_ws/install/watchdog_interfaces:/home/ryung/Desktop/strider_ws/install/mocap_interfaces:${AMENT_PREFIX_PATH} CMAKE_PREFIX_PATH=/home/ryung/Desktop/strider_ws/install/watchdog_interfaces:/home/ryung/Desktop/strider_ws/install/mocap_interfaces:/opt/ros/humble LD_LIBRARY_PATH=/home/ryung/Desktop/strider_ws/install/watchdog_interfaces/lib:/home/ryung/Desktop/strider_ws/install/mocap_interfaces/lib:${LD_LIBRARY_PATH} PYTHONPATH=/home/ryung/Desktop/strider_ws/install/watchdog_interfaces/local/lib/python3.10/dist-packages:/home/ryung/Desktop/strider_ws/install/mocap_interfaces/local/lib/python3.10/dist-packages:${PYTHONPATH} /usr/bin/cmake /home/ryung/Desktop/strider_ws/src/MoCap/mocap -DCMAKE_INSTALL_PREFIX=/home/ryung/Desktop/strider_ws/install/mocap
[0.971s] Invoking command in '/home/ryung/Desktop/strider_ws/build/mocap': AMENT_PREFIX_PATH=/home/ryung/Desktop/strider_ws/install/watchdog_interfaces:/home/ryung/Desktop/strider_ws/install/mocap_interfaces:${AMENT_PREFIX_PATH} CMAKE_PREFIX_PATH=/home/ryung/Desktop/strider_ws/install/watchdog_interfaces:/home/ryung/Desktop/strider_ws/install/mocap_interfaces:/opt/ros/humble LD_LIBRARY_PATH=/home/ryung/Desktop/strider_ws/install/watchdog_interfaces/lib:/home/ryung/Desktop/strider_ws/install/mocap_interfaces/lib:${LD_LIBRARY_PATH} PYTHONPATH=/home/ryung/Desktop/strider_ws/install/watchdog_interfaces/local/lib/python3.10/dist-packages:/home/ryung/Desktop/strider_ws/install/mocap_interfaces/local/lib/python3.10/dist-packages:${PYTHONPATH} /usr/bin/cmake --build /home/ryung/Desktop/strider_ws/build/mocap -- -j16 -l16
[1.004s] [ 50%] [32mBuilding CXX object CMakeFiles/mocap_worker.dir/src/mocap_worker.cpp.o[0m
[4.467s] [100%] [32m[1mLinking CXX executable mocap_worker[0m
[4.605s] [100%] Built target mocap_worker
[4.613s] Invoked command in '/home/ryung/Desktop/strider_ws/build/mocap' returned '0': AMENT_PREFIX_PATH=/home/ryung/Desktop/strider_ws/install/watchdog_interfaces:/home/ryung/Desktop/strider_ws/install/mocap_interfaces:${AMENT_PREFIX_PATH} CMAKE_PREFIX_PATH=/home/ryung/Desktop/strider_ws/install/watchdog_interfaces:/home/ryung/Desktop/strider_ws/install/mocap_interfaces:/opt/ros/humble LD_LIBRARY_PATH=/home/ryung/Desktop/strider_ws/install/watchdog_interfaces/lib:/home/ryung/Desktop/strider_ws/install/mocap_interfaces/lib:${LD_LIBRARY_PATH} PYTHONPATH=/home/ryung/Desktop/strider_ws/install/watchdog_interfaces/local/lib/python3.10/dist-packages:/home/ryung/Desktop/strider_ws/install/mocap_interfaces/local/lib/python3.10/dist-packages:${PYTHONPATH} /usr/bin/cmake --build /home/ryung/Desktop/strider_ws/build/mocap -- -j16 -l16
[4.615s] Invoking command in '/home/ryung/Desktop/strider_ws/build/mocap': AMENT_PREFIX_PATH=/home/ryung/Desktop/strider_ws/install/watchdog_interfaces:/home/ryung/Desktop/strider_ws/install/mocap_interfaces:${AMENT_PREFIX_PATH} CMAKE_PREFIX_PATH=/home/ryung/Desktop/strider_ws/install/watchdog_interfaces:/home/ryung/Desktop/strider_ws/install/mocap_interfaces:/opt/ros/humble LD_LIBRARY_PATH=/home/ryung/Desktop/strider_ws/install/watchdog_interfaces/lib:/home/ryung/Desktop/strider_ws/install/mocap_interfaces/lib:${LD_LIBRARY_PATH} PYTHONPATH=/home/ryung/Desktop/strider_ws/install/watchdog_interfaces/local/lib/python3.10/dist-packages:/home/ryung/Desktop/strider_ws/install/mocap_interfaces/local/lib/python3.10/dist-packages:${PYTHONPATH} /usr/bin/cmake --install /home/ryung/Desktop/strider_ws/build/mocap
[4.622s] -- Install configuration: ""
[4.622s] -- Installing: /home/ryung/Desktop/strider_ws/install/mocap/lib/mocap/mocap_worker
[4.623s] -- Set runtime path of "/home/ryung/Desktop/strider_ws/install/mocap/lib/mocap/mocap_worker" to ""
[4.623s] -- Installing: /home/ryung/Desktop/strider_ws/install/mocap/include/
[4.623s] -- Installing: /home/ryung/Desktop/strider_ws/install/mocap/include//mocap_worker.hpp
[4.623s] -- Installing: /home/ryung/Desktop/strider_ws/install/mocap/share/ament_index/resource_index/package_run_dependencies/mocap
[4.623s] -- Installing: /home/ryung/Desktop/strider_ws/install/mocap/share/ament_index/resource_index/parent_prefix_path/mocap
[4.623s] -- Installing: /home/ryung/Desktop/strider_ws/install/mocap/share/mocap/environment/ament_prefix_path.sh
[4.624s] -- Installing: /home/ryung/Desktop/strider_ws/install/mocap/share/mocap/environment/ament_prefix_path.dsv
[4.624s] -- Installing: /home/ryung/Desktop/strider_ws/install/mocap/share/mocap/environment/path.sh
[4.624s] -- Installing: /home/ryung/Desktop/strider_ws/install/mocap/share/mocap/environment/path.dsv
[4.624s] -- Installing: /home/ryung/Desktop/strider_ws/install/mocap/share/mocap/local_setup.bash
[4.624s] -- Installing: /home/ryung/Desktop/strider_ws/install/mocap/share/mocap/local_setup.sh
[4.624s] -- Installing: /home/ryung/Desktop/strider_ws/install/mocap/share/mocap/local_setup.zsh
[4.624s] -- Installing: /home/ryung/Desktop/strider_ws/install/mocap/share/mocap/local_setup.dsv
[4.624s] -- Installing: /home/ryung/Desktop/strider_ws/install/mocap/share/mocap/package.dsv
[4.624s] -- Installing: /home/ryung/Desktop/strider_ws/install/mocap/share/ament_index/resource_index/packages/mocap
[4.625s] -- Installing: /home/ryung/Desktop/strider_ws/install/mocap/share/mocap/cmake/mocapConfig.cmake
[4.625s] -- Installing: /home/ryung/Desktop/strider_ws/install/mocap/share/mocap/cmake/mocapConfig-version.cmake
[4.625s] -- Installing: /home/ryung/Desktop/strider_ws/install/mocap/share/mocap/package.xml
[4.627s] Invoked command in '/home/ryung/Desktop/strider_ws/build/mocap' returned '0': AMENT_PREFIX_PATH=/home/ryung/Desktop/strider_ws/install/watchdog_interfaces:/home/ryung/Desktop/strider_ws/install/mocap_interfaces:${AMENT_PREFIX_PATH} CMAKE_PREFIX_PATH=/home/ryung/Desktop/strider_ws/install/watchdog_interfaces:/home/ryung/Desktop/strider_ws/install/mocap_interfaces:/opt/ros/humble LD_LIBRARY_PATH=/home/ryung/Desktop/strider_ws/install/watchdog_interfaces/lib:/home/ryung/Desktop/strider_ws/install/mocap_interfaces/lib:${LD_LIBRARY_PATH} PYTHONPATH=/home/ryung/Desktop/strider_ws/install/watchdog_interfaces/local/lib/python3.10/dist-packages:/home/ryung/Desktop/strider_ws/install/mocap_interfaces/local/lib/python3.10/dist-packages:${PYTHONPATH} /usr/bin/cmake --install /home/ryung/Desktop/strider_ws/build/mocap
