running egg_info
creating ../../../build/pid_debugger/pid_debugger.egg-info
writing ../../../build/pid_debugger/pid_debugger.egg-info/PKG-INFO
writing dependency_links to ../../../build/pid_debugger/pid_debugger.egg-info/dependency_links.txt
writing entry points to ../../../build/pid_debugger/pid_debugger.egg-info/entry_points.txt
writing requirements to ../../../build/pid_debugger/pid_debugger.egg-info/requires.txt
writing top-level names to ../../../build/pid_debugger/pid_debugger.egg-info/top_level.txt
writing manifest file '../../../build/pid_debugger/pid_debugger.egg-info/SOURCES.txt'
reading manifest file '../../../build/pid_debugger/pid_debugger.egg-info/SOURCES.txt'
writing manifest file '../../../build/pid_debugger/pid_debugger.egg-info/SOURCES.txt'
running build
running build_py
creating /home/ryung/Desktop/strider_ws/build/pid_debugger/build
creating /home/ryung/Desktop/strider_ws/build/pid_debugger/build/lib
creating /home/ryung/Desktop/strider_ws/build/pid_debugger/build/lib/pid_debugger
copying pid_debugger/pid_debugger.py -> /home/ryung/Desktop/strider_ws/build/pid_debugger/build/lib/pid_debugger
copying pid_debugger/__init__.py -> /home/ryung/Desktop/strider_ws/build/pid_debugger/build/lib/pid_debugger
running install
running install_lib
creating /home/ryung/Desktop/strider_ws/install/pid_debugger/lib/python3.10/site-packages/pid_debugger
copying /home/ryung/Desktop/strider_ws/build/pid_debugger/build/lib/pid_debugger/pid_debugger.py -> /home/ryung/Desktop/strider_ws/install/pid_debugger/lib/python3.10/site-packages/pid_debugger
copying /home/ryung/Desktop/strider_ws/build/pid_debugger/build/lib/pid_debugger/__init__.py -> /home/ryung/Desktop/strider_ws/install/pid_debugger/lib/python3.10/site-packages/pid_debugger
byte-compiling /home/ryung/Desktop/strider_ws/install/pid_debugger/lib/python3.10/site-packages/pid_debugger/pid_debugger.py to pid_debugger.cpython-310.pyc
byte-compiling /home/ryung/Desktop/strider_ws/install/pid_debugger/lib/python3.10/site-packages/pid_debugger/__init__.py to __init__.cpython-310.pyc
running install_data
creating /home/ryung/Desktop/strider_ws/install/pid_debugger/share/ament_index
creating /home/ryung/Desktop/strider_ws/install/pid_debugger/share/ament_index/resource_index
creating /home/ryung/Desktop/strider_ws/install/pid_debugger/share/ament_index/resource_index/packages
copying resource/pid_debugger -> /home/ryung/Desktop/strider_ws/install/pid_debugger/share/ament_index/resource_index/packages
copying package.xml -> /home/ryung/Desktop/strider_ws/install/pid_debugger/share/pid_debugger
running install_egg_info
Copying ../../../build/pid_debugger/pid_debugger.egg-info to /home/ryung/Desktop/strider_ws/install/pid_debugger/lib/python3.10/site-packages/pid_debugger-0.0.1-py3.10.egg-info
running install_scripts
Installing pid_debugger script to /home/ryung/Desktop/strider_ws/install/pid_debugger/lib/pid_debugger
writing list of installed files to '/home/ryung/Desktop/strider_ws/build/pid_debugger/install.log'
