[0.441s] Invoking command in '/home/ryung/Desktop/strider_ws/src/PID_debugger/pid_debugger': AMENT_PREFIX_PATH=/home/ryung/Desktop/strider_ws/install/controller_interfaces:/home/ryung/Desktop/strider_ws/install/allocator_interfaces:${AMENT_PREFIX_PATH} CMAKE_PREFIX_PATH=/home/ryung/Desktop/strider_ws/install/controller_interfaces:/home/ryung/Desktop/strider_ws/install/allocator_interfaces LD_LIBRARY_PATH=/home/ryung/Desktop/strider_ws/install/controller_interfaces/lib:/home/ryung/Desktop/strider_ws/install/allocator_interfaces/lib:${LD_LIBRARY_PATH} PYTHONPATH=/home/ryung/Desktop/strider_ws/build/pid_debugger/prefix_override:/usr/lib/python3/dist-packages/colcon_core/task/python/colcon_distutils_commands:/home/ryung/Desktop/strider_ws/install/pid_debugger/lib/python3.10/site-packages:/home/ryung/Desktop/strider_ws/install/controller_interfaces/local/lib/python3.10/dist-packages:/home/ryung/Desktop/strider_ws/install/allocator_interfaces/local/lib/python3.10/dist-packages:${PYTHONPATH} /usr/bin/python3 -W ignore:setup.py install is deprecated -W ignore:easy_install command is deprecated setup.py egg_info --egg-base ../../../build/pid_debugger build --build-base /home/ryung/Desktop/strider_ws/build/pid_debugger/build install --record /home/ryung/Desktop/strider_ws/build/pid_debugger/install.log --single-version-externally-managed install_data
[0.695s] running egg_info
[0.696s] creating ../../../build/pid_debugger/pid_debugger.egg-info
[0.696s] writing ../../../build/pid_debugger/pid_debugger.egg-info/PKG-INFO
[0.696s] writing dependency_links to ../../../build/pid_debugger/pid_debugger.egg-info/dependency_links.txt
[0.696s] writing entry points to ../../../build/pid_debugger/pid_debugger.egg-info/entry_points.txt
[0.697s] writing requirements to ../../../build/pid_debugger/pid_debugger.egg-info/requires.txt
[0.697s] writing top-level names to ../../../build/pid_debugger/pid_debugger.egg-info/top_level.txt
[0.697s] writing manifest file '../../../build/pid_debugger/pid_debugger.egg-info/SOURCES.txt'
[0.699s] reading manifest file '../../../build/pid_debugger/pid_debugger.egg-info/SOURCES.txt'
[0.700s] writing manifest file '../../../build/pid_debugger/pid_debugger.egg-info/SOURCES.txt'
[0.700s] running build
[0.700s] running build_py
[0.700s] creating /home/ryung/Desktop/strider_ws/build/pid_debugger/build
[0.700s] creating /home/ryung/Desktop/strider_ws/build/pid_debugger/build/lib
[0.700s] creating /home/ryung/Desktop/strider_ws/build/pid_debugger/build/lib/pid_debugger
[0.700s] copying pid_debugger/pid_debugger.py -> /home/ryung/Desktop/strider_ws/build/pid_debugger/build/lib/pid_debugger
[0.700s] copying pid_debugger/__init__.py -> /home/ryung/Desktop/strider_ws/build/pid_debugger/build/lib/pid_debugger
[0.700s] running install
[0.701s] running install_lib
[0.702s] creating /home/ryung/Desktop/strider_ws/install/pid_debugger/lib/python3.10/site-packages/pid_debugger
[0.702s] copying /home/ryung/Desktop/strider_ws/build/pid_debugger/build/lib/pid_debugger/pid_debugger.py -> /home/ryung/Desktop/strider_ws/install/pid_debugger/lib/python3.10/site-packages/pid_debugger
[0.702s] copying /home/ryung/Desktop/strider_ws/build/pid_debugger/build/lib/pid_debugger/__init__.py -> /home/ryung/Desktop/strider_ws/install/pid_debugger/lib/python3.10/site-packages/pid_debugger
[0.703s] byte-compiling /home/ryung/Desktop/strider_ws/install/pid_debugger/lib/python3.10/site-packages/pid_debugger/pid_debugger.py to pid_debugger.cpython-310.pyc
[0.706s] byte-compiling /home/ryung/Desktop/strider_ws/install/pid_debugger/lib/python3.10/site-packages/pid_debugger/__init__.py to __init__.cpython-310.pyc
[0.706s] running install_data
[0.706s] creating /home/ryung/Desktop/strider_ws/install/pid_debugger/share/ament_index
[0.707s] creating /home/ryung/Desktop/strider_ws/install/pid_debugger/share/ament_index/resource_index
[0.707s] creating /home/ryung/Desktop/strider_ws/install/pid_debugger/share/ament_index/resource_index/packages
[0.707s] copying resource/pid_debugger -> /home/ryung/Desktop/strider_ws/install/pid_debugger/share/ament_index/resource_index/packages
[0.707s] copying package.xml -> /home/ryung/Desktop/strider_ws/install/pid_debugger/share/pid_debugger
[0.707s] running install_egg_info
[0.709s] Copying ../../../build/pid_debugger/pid_debugger.egg-info to /home/ryung/Desktop/strider_ws/install/pid_debugger/lib/python3.10/site-packages/pid_debugger-0.0.1-py3.10.egg-info
[0.710s] running install_scripts
[0.734s] Installing pid_debugger script to /home/ryung/Desktop/strider_ws/install/pid_debugger/lib/pid_debugger
[0.735s] writing list of installed files to '/home/ryung/Desktop/strider_ws/build/pid_debugger/install.log'
[0.768s] Invoked command in '/home/ryung/Desktop/strider_ws/src/PID_debugger/pid_debugger' returned '0': AMENT_PREFIX_PATH=/home/ryung/Desktop/strider_ws/install/controller_interfaces:/home/ryung/Desktop/strider_ws/install/allocator_interfaces:${AMENT_PREFIX_PATH} CMAKE_PREFIX_PATH=/home/ryung/Desktop/strider_ws/install/controller_interfaces:/home/ryung/Desktop/strider_ws/install/allocator_interfaces LD_LIBRARY_PATH=/home/ryung/Desktop/strider_ws/install/controller_interfaces/lib:/home/ryung/Desktop/strider_ws/install/allocator_interfaces/lib:${LD_LIBRARY_PATH} PYTHONPATH=/home/ryung/Desktop/strider_ws/build/pid_debugger/prefix_override:/usr/lib/python3/dist-packages/colcon_core/task/python/colcon_distutils_commands:/home/ryung/Desktop/strider_ws/install/pid_debugger/lib/python3.10/site-packages:/home/ryung/Desktop/strider_ws/install/controller_interfaces/local/lib/python3.10/dist-packages:/home/ryung/Desktop/strider_ws/install/allocator_interfaces/local/lib/python3.10/dist-packages:${PYTHONPATH} /usr/bin/python3 -W ignore:setup.py install is deprecated -W ignore:easy_install command is deprecated setup.py egg_info --egg-base ../../../build/pid_debugger build --build-base /home/ryung/Desktop/strider_ws/build/pid_debugger/build install --record /home/ryung/Desktop/strider_ws/build/pid_debugger/install.log --single-version-externally-managed install_data
