[0.014s] Invoking command in '/home/ryung/Desktop/strider_ws/build/allocator_interfaces': CMAKE_PREFIX_PATH=/opt/ros/humble /usr/bin/cmake /home/ryung/Desktop/strider_ws/src/Allocator/allocator_interfaces -DCMAKE_INSTALL_PREFIX=/home/ryung/Desktop/strider_ws/install/allocator_interfaces
[0.172s] -- The C compiler identification is GNU 11.4.0
[0.266s] -- The CXX compiler identification is GNU 11.4.0
[0.272s] -- Detecting C compiler ABI info
[0.323s] -- Detecting C compiler ABI info - done
[0.327s] -- Check for working C compiler: /usr/bin/cc - skipped
[0.327s] -- Detecting C compile features
[0.328s] -- Detecting C compile features - done
[0.330s] -- Detecting CXX compiler ABI info
[0.375s] -- Detecting CXX compiler ABI info - done
[0.381s] -- Check for working CXX compiler: /usr/bin/c++ - skipped
[0.381s] -- Detecting CXX compile features
[0.382s] -- Detecting CXX compile features - done
[0.383s] -- Found ament_cmake: 1.3.11 (/opt/ros/humble/share/ament_cmake/cmake)
[0.521s] -- Found Python3: /usr/bin/python3 (found version "3.10.12") found components: Interpreter 
[0.597s] -- Found rosidl_default_generators: 1.2.0 (/opt/ros/humble/share/rosidl_default_generators/cmake)
[0.600s] -- Using all available rosidl_typesupport_c: rosidl_typesupport_fastrtps_c;rosidl_typesupport_introspection_c
[0.605s] -- Found rosidl_adapter: 3.1.6 (/opt/ros/humble/share/rosidl_adapter/cmake)
[0.657s] -- Using all available rosidl_typesupport_cpp: rosidl_typesupport_fastrtps_cpp;rosidl_typesupport_introspection_cpp
[0.805s] -- Found Python3: /usr/bin/python3 (found version "3.10.12") found components: Interpreter Development Development.Module Development.Embed 
[0.851s] -- Found Python3: /usr/bin/python3 (found version "3.10.12") found components: Interpreter 
[0.997s] -- Found ament_cmake_ros: 0.10.0 (/opt/ros/humble/share/ament_cmake_ros/cmake)
[1.178s] -- Using all available rosidl_typesupport_c: rosidl_typesupport_fastrtps_c;rosidl_typesupport_introspection_c
[1.379s] -- Using all available rosidl_typesupport_cpp: rosidl_typesupport_fastrtps_cpp;rosidl_typesupport_introspection_cpp
[1.398s] -- Found PythonInterp: /usr/bin/python3 (found suitable version "3.10.12", minimum required is "3.6") 
[1.398s] -- Found python_cmake_module: 0.10.0 (/opt/ros/humble/share/python_cmake_module/cmake)
[1.423s] -- Found PythonLibs: /usr/lib/x86_64-linux-gnu/libpython3.10.so (found suitable version "3.10.12", minimum required is "3.5") 
[1.423s] -- Using PYTHON_EXECUTABLE: /usr/bin/python3
[1.423s] -- Using PYTHON_INCLUDE_DIRS: /usr/include/python3.10
[1.423s] -- Using PYTHON_LIBRARIES: /usr/lib/x86_64-linux-gnu/libpython3.10.so
[1.442s] -- Found PythonExtra: .so  
[1.479s] -- Configuring done
[1.496s] -- Generating done
[1.502s] -- Build files have been written to: /home/ryung/Desktop/strider_ws/build/allocator_interfaces
[1.506s] Invoked command in '/home/ryung/Desktop/strider_ws/build/allocator_interfaces' returned '0': CMAKE_PREFIX_PATH=/opt/ros/humble /usr/bin/cmake /home/ryung/Desktop/strider_ws/src/Allocator/allocator_interfaces -DCMAKE_INSTALL_PREFIX=/home/ryung/Desktop/strider_ws/install/allocator_interfaces
[1.507s] Invoking command in '/home/ryung/Desktop/strider_ws/build/allocator_interfaces': CMAKE_PREFIX_PATH=/opt/ros/humble /usr/bin/cmake --build /home/ryung/Desktop/strider_ws/build/allocator_interfaces -- -j16 -l16
[1.536s] [  2%] [34m[1mGenerating C code for ROS interfaces[0m
[1.548s] [  4%] [34m[1mGenerating C++ code for ROS interfaces[0m
[1.564s] [  4%] Built target ament_cmake_python_copy_allocator_interfaces
[1.933s] running egg_info
[1.934s] creating allocator_interfaces.egg-info
[1.934s] writing allocator_interfaces.egg-info/PKG-INFO
[1.935s] writing dependency_links to allocator_interfaces.egg-info/dependency_links.txt
[1.935s] writing top-level names to allocator_interfaces.egg-info/top_level.txt
[1.936s] writing manifest file 'allocator_interfaces.egg-info/SOURCES.txt'
[1.939s] reading manifest file 'allocator_interfaces.egg-info/SOURCES.txt'
[1.939s] writing manifest file 'allocator_interfaces.egg-info/SOURCES.txt'
[1.982s] [  4%] Built target ament_cmake_python_build_allocator_interfaces_egg
[2.234s] [  6%] [32mBuilding C object CMakeFiles/allocator_interfaces__rosidl_generator_c.dir/rosidl_generator_c/allocator_interfaces/msg/detail/pwm_val__functions.c.o[0m
[2.249s] [  8%] [32mBuilding C object CMakeFiles/allocator_interfaces__rosidl_generator_c.dir/rosidl_generator_c/allocator_interfaces/msg/detail/joint_val__functions.c.o[0m
[2.253s] [ 10%] [32mBuilding C object CMakeFiles/allocator_interfaces__rosidl_generator_c.dir/rosidl_generator_c/allocator_interfaces/msg/detail/allocator_debug_val__functions.c.o[0m
[2.361s] [ 10%] Built target allocator_interfaces__cpp
[2.389s] [ 12%] [32m[1mLinking C shared library liballocator_interfaces__rosidl_generator_c.so[0m
[2.389s] [ 14%] [34m[1mGenerating C++ type support dispatch for ROS interfaces[0m
[2.390s] [ 17%] [34m[1mGenerating C++ type support for eProsima Fast-RTPS[0m
[2.401s] [ 19%] [34m[1mGenerating C++ introspection for ROS interfaces[0m
[2.468s] [ 19%] Built target allocator_interfaces__rosidl_generator_c
[2.506s] [ 21%] [34m[1mGenerating C introspection for ROS interfaces[0m
[2.509s] [ 23%] [34m[1mGenerating C type support for eProsima Fast-RTPS[0m
[2.516s] [ 25%] [34m[1mGenerating C type support dispatch for ROS interfaces[0m
[3.096s] [ 27%] [32mBuilding CXX object CMakeFiles/allocator_interfaces__rosidl_typesupport_introspection_cpp.dir/rosidl_typesupport_introspection_cpp/allocator_interfaces/msg/detail/joint_val__type_support.cpp.o[0m
[3.108s] [ 29%] [32mBuilding CXX object CMakeFiles/allocator_interfaces__rosidl_typesupport_introspection_cpp.dir/rosidl_typesupport_introspection_cpp/allocator_interfaces/msg/detail/pwm_val__type_support.cpp.o[0m
[3.111s] [ 31%] [32mBuilding CXX object CMakeFiles/allocator_interfaces__rosidl_typesupport_introspection_cpp.dir/rosidl_typesupport_introspection_cpp/allocator_interfaces/msg/detail/allocator_debug_val__type_support.cpp.o[0m
[3.115s] [ 34%] [32mBuilding CXX object CMakeFiles/allocator_interfaces__rosidl_typesupport_fastrtps_cpp.dir/rosidl_typesupport_fastrtps_cpp/allocator_interfaces/msg/detail/dds_fastrtps/joint_val__type_support.cpp.o[0m
[3.121s] [ 36%] [32mBuilding CXX object CMakeFiles/allocator_interfaces__rosidl_typesupport_fastrtps_cpp.dir/rosidl_typesupport_fastrtps_cpp/allocator_interfaces/msg/detail/dds_fastrtps/allocator_debug_val__type_support.cpp.o[0m
[3.134s] [ 38%] [32mBuilding CXX object CMakeFiles/allocator_interfaces__rosidl_typesupport_fastrtps_cpp.dir/rosidl_typesupport_fastrtps_cpp/allocator_interfaces/msg/detail/dds_fastrtps/pwm_val__type_support.cpp.o[0m
[3.224s] [ 40%] [32mBuilding CXX object CMakeFiles/allocator_interfaces__rosidl_typesupport_fastrtps_c.dir/rosidl_typesupport_fastrtps_c/allocator_interfaces/msg/detail/joint_val__type_support_c.cpp.o[0m
[3.230s] [ 42%] [32mBuilding CXX object CMakeFiles/allocator_interfaces__rosidl_typesupport_fastrtps_c.dir/rosidl_typesupport_fastrtps_c/allocator_interfaces/msg/detail/pwm_val__type_support_c.cpp.o[0m
[3.255s] [ 44%] [32mBuilding CXX object CMakeFiles/allocator_interfaces__rosidl_typesupport_fastrtps_c.dir/rosidl_typesupport_fastrtps_c/allocator_interfaces/msg/detail/allocator_debug_val__type_support_c.cpp.o[0m
[3.715s] [ 46%] [32m[1mLinking CXX shared library liballocator_interfaces__rosidl_typesupport_fastrtps_c.so[0m
[3.721s] [ 48%] [32mBuilding C object CMakeFiles/allocator_interfaces__rosidl_typesupport_introspection_c.dir/rosidl_typesupport_introspection_c/allocator_interfaces/msg/detail/joint_val__type_support.c.o[0m
[3.728s] [ 51%] [32mBuilding C object CMakeFiles/allocator_interfaces__rosidl_typesupport_introspection_c.dir/rosidl_typesupport_introspection_c/allocator_interfaces/msg/detail/pwm_val__type_support.c.o[0m
[3.731s] [ 53%] [32mBuilding C object CMakeFiles/allocator_interfaces__rosidl_typesupport_introspection_c.dir/rosidl_typesupport_introspection_c/allocator_interfaces/msg/detail/allocator_debug_val__type_support.c.o[0m
[3.739s] [ 55%] [32mBuilding CXX object CMakeFiles/allocator_interfaces__rosidl_typesupport_cpp.dir/rosidl_typesupport_cpp/allocator_interfaces/msg/joint_val__type_support.cpp.o[0m
[3.740s] [ 57%] [32mBuilding CXX object CMakeFiles/allocator_interfaces__rosidl_typesupport_cpp.dir/rosidl_typesupport_cpp/allocator_interfaces/msg/pwm_val__type_support.cpp.o[0m
[3.744s] [ 59%] [32mBuilding CXX object CMakeFiles/allocator_interfaces__rosidl_typesupport_cpp.dir/rosidl_typesupport_cpp/allocator_interfaces/msg/allocator_debug_val__type_support.cpp.o[0m
[3.748s] [ 61%] [32m[1mLinking CXX shared library liballocator_interfaces__rosidl_typesupport_introspection_cpp.so[0m
[3.796s] [ 63%] [32m[1mLinking C shared library liballocator_interfaces__rosidl_typesupport_introspection_c.so[0m
[3.818s] [ 63%] Built target allocator_interfaces__rosidl_typesupport_fastrtps_c
[3.835s] [ 65%] [32m[1mLinking CXX shared library liballocator_interfaces__rosidl_typesupport_fastrtps_cpp.so[0m
[3.849s] [ 65%] Built target allocator_interfaces__rosidl_typesupport_introspection_c
[3.885s] [ 65%] Built target allocator_interfaces__rosidl_typesupport_introspection_cpp
[3.891s] [ 68%] [32mBuilding CXX object CMakeFiles/allocator_interfaces__rosidl_typesupport_c.dir/rosidl_typesupport_c/allocator_interfaces/msg/joint_val__type_support.cpp.o[0m
[3.895s] [ 70%] [32mBuilding CXX object CMakeFiles/allocator_interfaces__rosidl_typesupport_c.dir/rosidl_typesupport_c/allocator_interfaces/msg/pwm_val__type_support.cpp.o[0m
[3.901s] [ 72%] [32mBuilding CXX object CMakeFiles/allocator_interfaces__rosidl_typesupport_c.dir/rosidl_typesupport_c/allocator_interfaces/msg/allocator_debug_val__type_support.cpp.o[0m
[3.934s] [ 74%] [32m[1mLinking CXX shared library liballocator_interfaces__rosidl_typesupport_c.so[0m
[3.966s] [ 74%] Built target allocator_interfaces__rosidl_typesupport_fastrtps_cpp
[3.987s] [ 74%] Built target allocator_interfaces__rosidl_typesupport_c
[4.032s] [ 76%] [32m[1mLinking CXX shared library liballocator_interfaces__rosidl_typesupport_cpp.so[0m
[4.071s] [ 76%] Built target allocator_interfaces__rosidl_typesupport_cpp
[4.089s] [ 76%] Built target allocator_interfaces
[4.109s] [ 78%] [34m[1mGenerating Python code for ROS interfaces[0m
[4.696s] [ 78%] Built target allocator_interfaces__py
[4.709s] [ 80%] [32mBuilding C object CMakeFiles/allocator_interfaces__rosidl_generator_py.dir/rosidl_generator_py/allocator_interfaces/msg/_joint_val_s.c.o[0m
[4.710s] [ 82%] [32mBuilding C object CMakeFiles/allocator_interfaces__rosidl_generator_py.dir/rosidl_generator_py/allocator_interfaces/msg/_allocator_debug_val_s.c.o[0m
[4.712s] [ 85%] [32mBuilding C object CMakeFiles/allocator_interfaces__rosidl_generator_py.dir/rosidl_generator_py/allocator_interfaces/msg/_pwm_val_s.c.o[0m
[4.786s] [ 87%] [32m[1mLinking C shared library rosidl_generator_py/allocator_interfaces/liballocator_interfaces__rosidl_generator_py.so[0m
[4.810s] [ 87%] Built target allocator_interfaces__rosidl_generator_py
[4.822s] [ 89%] [32mBuilding C object CMakeFiles/allocator_interfaces__rosidl_typesupport_c__pyext.dir/rosidl_generator_py/allocator_interfaces/_allocator_interfaces_s.ep.rosidl_typesupport_c.c.o[0m
[4.824s] [ 91%] [32mBuilding C object CMakeFiles/allocator_interfaces__rosidl_typesupport_fastrtps_c__pyext.dir/rosidl_generator_py/allocator_interfaces/_allocator_interfaces_s.ep.rosidl_typesupport_fastrtps_c.c.o[0m
[4.824s] [ 93%] [32mBuilding C object CMakeFiles/allocator_interfaces__rosidl_typesupport_introspection_c__pyext.dir/rosidl_generator_py/allocator_interfaces/_allocator_interfaces_s.ep.rosidl_typesupport_introspection_c.c.o[0m
[4.882s] [ 95%] [32m[1mLinking C shared library rosidl_generator_py/allocator_interfaces/allocator_interfaces_s__rosidl_typesupport_c.cpython-310-x86_64-linux-gnu.so[0m
[4.896s] [ 97%] [32m[1mLinking C shared library rosidl_generator_py/allocator_interfaces/allocator_interfaces_s__rosidl_typesupport_fastrtps_c.cpython-310-x86_64-linux-gnu.so[0m
[4.897s] [100%] [32m[1mLinking C shared library rosidl_generator_py/allocator_interfaces/allocator_interfaces_s__rosidl_typesupport_introspection_c.cpython-310-x86_64-linux-gnu.so[0m
[4.904s] [100%] Built target allocator_interfaces__rosidl_typesupport_c__pyext
[4.916s] [100%] Built target allocator_interfaces__rosidl_typesupport_fastrtps_c__pyext
[4.917s] [100%] Built target allocator_interfaces__rosidl_typesupport_introspection_c__pyext
[4.927s] Invoked command in '/home/ryung/Desktop/strider_ws/build/allocator_interfaces' returned '0': CMAKE_PREFIX_PATH=/opt/ros/humble /usr/bin/cmake --build /home/ryung/Desktop/strider_ws/build/allocator_interfaces -- -j16 -l16
[4.928s] Invoking command in '/home/ryung/Desktop/strider_ws/build/allocator_interfaces': CMAKE_PREFIX_PATH=/opt/ros/humble /usr/bin/cmake --install /home/ryung/Desktop/strider_ws/build/allocator_interfaces
[4.935s] -- Install configuration: ""
[4.936s] -- Installing: /home/ryung/Desktop/strider_ws/install/allocator_interfaces/share/ament_index/resource_index/rosidl_interfaces/allocator_interfaces
[4.936s] -- Installing: /home/ryung/Desktop/strider_ws/install/allocator_interfaces/include/allocator_interfaces/allocator_interfaces
[4.936s] -- Installing: /home/ryung/Desktop/strider_ws/install/allocator_interfaces/include/allocator_interfaces/allocator_interfaces/msg
[4.936s] -- Installing: /home/ryung/Desktop/strider_ws/install/allocator_interfaces/include/allocator_interfaces/allocator_interfaces/msg/joint_val.h
[4.936s] -- Installing: /home/ryung/Desktop/strider_ws/install/allocator_interfaces/include/allocator_interfaces/allocator_interfaces/msg/pwm_val.h
[4.936s] -- Installing: /home/ryung/Desktop/strider_ws/install/allocator_interfaces/include/allocator_interfaces/allocator_interfaces/msg/allocator_debug_val.h
[4.936s] -- Installing: /home/ryung/Desktop/strider_ws/install/allocator_interfaces/include/allocator_interfaces/allocator_interfaces/msg/detail
[4.936s] -- Installing: /home/ryung/Desktop/strider_ws/install/allocator_interfaces/include/allocator_interfaces/allocator_interfaces/msg/detail/joint_val__functions.h
[4.936s] -- Installing: /home/ryung/Desktop/strider_ws/install/allocator_interfaces/include/allocator_interfaces/allocator_interfaces/msg/detail/joint_val__type_support.h
[4.937s] -- Installing: /home/ryung/Desktop/strider_ws/install/allocator_interfaces/include/allocator_interfaces/allocator_interfaces/msg/detail/pwm_val__functions.h
[4.937s] -- Installing: /home/ryung/Desktop/strider_ws/install/allocator_interfaces/include/allocator_interfaces/allocator_interfaces/msg/detail/allocator_debug_val__functions.c
[4.937s] -- Installing: /home/ryung/Desktop/strider_ws/install/allocator_interfaces/include/allocator_interfaces/allocator_interfaces/msg/detail/pwm_val__functions.c
[4.937s] -- Installing: /home/ryung/Desktop/strider_ws/install/allocator_interfaces/include/allocator_interfaces/allocator_interfaces/msg/detail/pwm_val__struct.h
[4.937s] -- Installing: /home/ryung/Desktop/strider_ws/install/allocator_interfaces/include/allocator_interfaces/allocator_interfaces/msg/detail/pwm_val__type_support.h
[4.937s] -- Installing: /home/ryung/Desktop/strider_ws/install/allocator_interfaces/include/allocator_interfaces/allocator_interfaces/msg/detail/allocator_debug_val__functions.h
[4.937s] -- Installing: /home/ryung/Desktop/strider_ws/install/allocator_interfaces/include/allocator_interfaces/allocator_interfaces/msg/detail/joint_val__struct.h
[4.937s] -- Installing: /home/ryung/Desktop/strider_ws/install/allocator_interfaces/include/allocator_interfaces/allocator_interfaces/msg/detail/allocator_debug_val__type_support.h
[4.937s] -- Installing: /home/ryung/Desktop/strider_ws/install/allocator_interfaces/include/allocator_interfaces/allocator_interfaces/msg/detail/joint_val__functions.c
[4.937s] -- Installing: /home/ryung/Desktop/strider_ws/install/allocator_interfaces/include/allocator_interfaces/allocator_interfaces/msg/detail/allocator_debug_val__struct.h
[4.938s] -- Installing: /home/ryung/Desktop/strider_ws/install/allocator_interfaces/include/allocator_interfaces/allocator_interfaces/msg/rosidl_generator_c__visibility_control.h
[4.938s] -- Installing: /home/ryung/Desktop/strider_ws/install/allocator_interfaces/share/allocator_interfaces/environment/library_path.sh
[4.938s] -- Installing: /home/ryung/Desktop/strider_ws/install/allocator_interfaces/share/allocator_interfaces/environment/library_path.dsv
[4.938s] -- Installing: /home/ryung/Desktop/strider_ws/install/allocator_interfaces/lib/liballocator_interfaces__rosidl_generator_c.so
[4.938s] -- Set runtime path of "/home/ryung/Desktop/strider_ws/install/allocator_interfaces/lib/liballocator_interfaces__rosidl_generator_c.so" to ""
[4.938s] -- Up-to-date: /home/ryung/Desktop/strider_ws/install/allocator_interfaces/include/allocator_interfaces/allocator_interfaces
[4.938s] -- Up-to-date: /home/ryung/Desktop/strider_ws/install/allocator_interfaces/include/allocator_interfaces/allocator_interfaces/msg
[4.938s] -- Installing: /home/ryung/Desktop/strider_ws/install/allocator_interfaces/include/allocator_interfaces/allocator_interfaces/msg/rosidl_typesupport_fastrtps_c__visibility_control.h
[4.938s] -- Up-to-date: /home/ryung/Desktop/strider_ws/install/allocator_interfaces/include/allocator_interfaces/allocator_interfaces/msg/detail
[4.939s] -- Installing: /home/ryung/Desktop/strider_ws/install/allocator_interfaces/include/allocator_interfaces/allocator_interfaces/msg/detail/joint_val__rosidl_typesupport_fastrtps_c.h
[4.939s] -- Installing: /home/ryung/Desktop/strider_ws/install/allocator_interfaces/include/allocator_interfaces/allocator_interfaces/msg/detail/pwm_val__rosidl_typesupport_fastrtps_c.h
[4.939s] -- Installing: /home/ryung/Desktop/strider_ws/install/allocator_interfaces/include/allocator_interfaces/allocator_interfaces/msg/detail/allocator_debug_val__rosidl_typesupport_fastrtps_c.h
[4.939s] -- Installing: /home/ryung/Desktop/strider_ws/install/allocator_interfaces/lib/liballocator_interfaces__rosidl_typesupport_fastrtps_c.so
[4.939s] -- Set runtime path of "/home/ryung/Desktop/strider_ws/install/allocator_interfaces/lib/liballocator_interfaces__rosidl_typesupport_fastrtps_c.so" to ""
[4.939s] -- Up-to-date: /home/ryung/Desktop/strider_ws/install/allocator_interfaces/include/allocator_interfaces/allocator_interfaces
[4.939s] -- Up-to-date: /home/ryung/Desktop/strider_ws/install/allocator_interfaces/include/allocator_interfaces/allocator_interfaces/msg
[4.939s] -- Installing: /home/ryung/Desktop/strider_ws/install/allocator_interfaces/include/allocator_interfaces/allocator_interfaces/msg/rosidl_typesupport_introspection_c__visibility_control.h
[4.939s] -- Up-to-date: /home/ryung/Desktop/strider_ws/install/allocator_interfaces/include/allocator_interfaces/allocator_interfaces/msg/detail
[4.939s] -- Installing: /home/ryung/Desktop/strider_ws/install/allocator_interfaces/include/allocator_interfaces/allocator_interfaces/msg/detail/pwm_val__type_support.c
[4.940s] -- Installing: /home/ryung/Desktop/strider_ws/install/allocator_interfaces/include/allocator_interfaces/allocator_interfaces/msg/detail/pwm_val__rosidl_typesupport_introspection_c.h
[4.940s] -- Installing: /home/ryung/Desktop/strider_ws/install/allocator_interfaces/include/allocator_interfaces/allocator_interfaces/msg/detail/joint_val__rosidl_typesupport_introspection_c.h
[4.940s] -- Installing: /home/ryung/Desktop/strider_ws/install/allocator_interfaces/include/allocator_interfaces/allocator_interfaces/msg/detail/joint_val__type_support.c
[4.940s] -- Installing: /home/ryung/Desktop/strider_ws/install/allocator_interfaces/include/allocator_interfaces/allocator_interfaces/msg/detail/allocator_debug_val__type_support.c
[4.940s] -- Installing: /home/ryung/Desktop/strider_ws/install/allocator_interfaces/include/allocator_interfaces/allocator_interfaces/msg/detail/allocator_debug_val__rosidl_typesupport_introspection_c.h
[4.940s] -- Installing: /home/ryung/Desktop/strider_ws/install/allocator_interfaces/lib/liballocator_interfaces__rosidl_typesupport_introspection_c.so
[4.940s] -- Set runtime path of "/home/ryung/Desktop/strider_ws/install/allocator_interfaces/lib/liballocator_interfaces__rosidl_typesupport_introspection_c.so" to ""
[4.940s] -- Installing: /home/ryung/Desktop/strider_ws/install/allocator_interfaces/lib/liballocator_interfaces__rosidl_typesupport_c.so
[4.940s] -- Set runtime path of "/home/ryung/Desktop/strider_ws/install/allocator_interfaces/lib/liballocator_interfaces__rosidl_typesupport_c.so" to ""
[4.941s] -- Up-to-date: /home/ryung/Desktop/strider_ws/install/allocator_interfaces/include/allocator_interfaces/allocator_interfaces
[4.941s] -- Up-to-date: /home/ryung/Desktop/strider_ws/install/allocator_interfaces/include/allocator_interfaces/allocator_interfaces/msg
[4.941s] -- Installing: /home/ryung/Desktop/strider_ws/install/allocator_interfaces/include/allocator_interfaces/allocator_interfaces/msg/allocator_debug_val.hpp
[4.941s] -- Installing: /home/ryung/Desktop/strider_ws/install/allocator_interfaces/include/allocator_interfaces/allocator_interfaces/msg/pwm_val.hpp
[4.941s] -- Installing: /home/ryung/Desktop/strider_ws/install/allocator_interfaces/include/allocator_interfaces/allocator_interfaces/msg/rosidl_generator_cpp__visibility_control.hpp
[4.941s] -- Up-to-date: /home/ryung/Desktop/strider_ws/install/allocator_interfaces/include/allocator_interfaces/allocator_interfaces/msg/detail
[4.941s] -- Installing: /home/ryung/Desktop/strider_ws/install/allocator_interfaces/include/allocator_interfaces/allocator_interfaces/msg/detail/pwm_val__traits.hpp
[4.941s] -- Installing: /home/ryung/Desktop/strider_ws/install/allocator_interfaces/include/allocator_interfaces/allocator_interfaces/msg/detail/pwm_val__type_support.hpp
[4.941s] -- Installing: /home/ryung/Desktop/strider_ws/install/allocator_interfaces/include/allocator_interfaces/allocator_interfaces/msg/detail/allocator_debug_val__struct.hpp
[4.941s] -- Installing: /home/ryung/Desktop/strider_ws/install/allocator_interfaces/include/allocator_interfaces/allocator_interfaces/msg/detail/joint_val__traits.hpp
[4.941s] -- Installing: /home/ryung/Desktop/strider_ws/install/allocator_interfaces/include/allocator_interfaces/allocator_interfaces/msg/detail/joint_val__struct.hpp
[4.941s] -- Installing: /home/ryung/Desktop/strider_ws/install/allocator_interfaces/include/allocator_interfaces/allocator_interfaces/msg/detail/joint_val__type_support.hpp
[4.942s] -- Installing: /home/ryung/Desktop/strider_ws/install/allocator_interfaces/include/allocator_interfaces/allocator_interfaces/msg/detail/allocator_debug_val__traits.hpp
[4.942s] -- Installing: /home/ryung/Desktop/strider_ws/install/allocator_interfaces/include/allocator_interfaces/allocator_interfaces/msg/detail/pwm_val__builder.hpp
[4.942s] -- Installing: /home/ryung/Desktop/strider_ws/install/allocator_interfaces/include/allocator_interfaces/allocator_interfaces/msg/detail/allocator_debug_val__builder.hpp
[4.942s] -- Installing: /home/ryung/Desktop/strider_ws/install/allocator_interfaces/include/allocator_interfaces/allocator_interfaces/msg/detail/allocator_debug_val__type_support.hpp
[4.942s] -- Installing: /home/ryung/Desktop/strider_ws/install/allocator_interfaces/include/allocator_interfaces/allocator_interfaces/msg/detail/pwm_val__struct.hpp
[4.942s] -- Installing: /home/ryung/Desktop/strider_ws/install/allocator_interfaces/include/allocator_interfaces/allocator_interfaces/msg/detail/joint_val__builder.hpp
[4.942s] -- Installing: /home/ryung/Desktop/strider_ws/install/allocator_interfaces/include/allocator_interfaces/allocator_interfaces/msg/joint_val.hpp
[4.942s] -- Up-to-date: /home/ryung/Desktop/strider_ws/install/allocator_interfaces/include/allocator_interfaces/allocator_interfaces
[4.942s] -- Up-to-date: /home/ryung/Desktop/strider_ws/install/allocator_interfaces/include/allocator_interfaces/allocator_interfaces/msg
[4.942s] -- Installing: /home/ryung/Desktop/strider_ws/install/allocator_interfaces/include/allocator_interfaces/allocator_interfaces/msg/rosidl_typesupport_fastrtps_cpp__visibility_control.h
[4.942s] -- Up-to-date: /home/ryung/Desktop/strider_ws/install/allocator_interfaces/include/allocator_interfaces/allocator_interfaces/msg/detail
[4.943s] -- Installing: /home/ryung/Desktop/strider_ws/install/allocator_interfaces/include/allocator_interfaces/allocator_interfaces/msg/detail/joint_val__rosidl_typesupport_fastrtps_cpp.hpp
[4.943s] -- Installing: /home/ryung/Desktop/strider_ws/install/allocator_interfaces/include/allocator_interfaces/allocator_interfaces/msg/detail/pwm_val__rosidl_typesupport_fastrtps_cpp.hpp
[4.943s] -- Installing: /home/ryung/Desktop/strider_ws/install/allocator_interfaces/include/allocator_interfaces/allocator_interfaces/msg/detail/allocator_debug_val__rosidl_typesupport_fastrtps_cpp.hpp
[4.943s] -- Installing: /home/ryung/Desktop/strider_ws/install/allocator_interfaces/include/allocator_interfaces/allocator_interfaces/msg/detail/dds_fastrtps
[4.943s] -- Installing: /home/ryung/Desktop/strider_ws/install/allocator_interfaces/lib/liballocator_interfaces__rosidl_typesupport_fastrtps_cpp.so
[4.943s] -- Set runtime path of "/home/ryung/Desktop/strider_ws/install/allocator_interfaces/lib/liballocator_interfaces__rosidl_typesupport_fastrtps_cpp.so" to ""
[4.943s] -- Up-to-date: /home/ryung/Desktop/strider_ws/install/allocator_interfaces/include/allocator_interfaces/allocator_interfaces
[4.943s] -- Up-to-date: /home/ryung/Desktop/strider_ws/install/allocator_interfaces/include/allocator_interfaces/allocator_interfaces/msg
[4.943s] -- Up-to-date: /home/ryung/Desktop/strider_ws/install/allocator_interfaces/include/allocator_interfaces/allocator_interfaces/msg/detail
[4.943s] -- Installing: /home/ryung/Desktop/strider_ws/install/allocator_interfaces/include/allocator_interfaces/allocator_interfaces/msg/detail/joint_val__type_support.cpp
[4.943s] -- Installing: /home/ryung/Desktop/strider_ws/install/allocator_interfaces/include/allocator_interfaces/allocator_interfaces/msg/detail/joint_val__rosidl_typesupport_introspection_cpp.hpp
[4.943s] -- Installing: /home/ryung/Desktop/strider_ws/install/allocator_interfaces/include/allocator_interfaces/allocator_interfaces/msg/detail/allocator_debug_val__type_support.cpp
[4.944s] -- Installing: /home/ryung/Desktop/strider_ws/install/allocator_interfaces/include/allocator_interfaces/allocator_interfaces/msg/detail/pwm_val__rosidl_typesupport_introspection_cpp.hpp
[4.944s] -- Installing: /home/ryung/Desktop/strider_ws/install/allocator_interfaces/include/allocator_interfaces/allocator_interfaces/msg/detail/allocator_debug_val__rosidl_typesupport_introspection_cpp.hpp
[4.944s] -- Installing: /home/ryung/Desktop/strider_ws/install/allocator_interfaces/include/allocator_interfaces/allocator_interfaces/msg/detail/pwm_val__type_support.cpp
[4.944s] -- Installing: /home/ryung/Desktop/strider_ws/install/allocator_interfaces/lib/liballocator_interfaces__rosidl_typesupport_introspection_cpp.so
[4.944s] -- Set runtime path of "/home/ryung/Desktop/strider_ws/install/allocator_interfaces/lib/liballocator_interfaces__rosidl_typesupport_introspection_cpp.so" to ""
[4.944s] -- Installing: /home/ryung/Desktop/strider_ws/install/allocator_interfaces/lib/liballocator_interfaces__rosidl_typesupport_cpp.so
[4.944s] -- Set runtime path of "/home/ryung/Desktop/strider_ws/install/allocator_interfaces/lib/liballocator_interfaces__rosidl_typesupport_cpp.so" to ""
[4.944s] -- Installing: /home/ryung/Desktop/strider_ws/install/allocator_interfaces/share/allocator_interfaces/environment/pythonpath.sh
[4.944s] -- Installing: /home/ryung/Desktop/strider_ws/install/allocator_interfaces/share/allocator_interfaces/environment/pythonpath.dsv
[4.944s] -- Installing: /home/ryung/Desktop/strider_ws/install/allocator_interfaces/local/lib/python3.10/dist-packages/allocator_interfaces-0.0.0-py3.10.egg-info
[4.944s] -- Installing: /home/ryung/Desktop/strider_ws/install/allocator_interfaces/local/lib/python3.10/dist-packages/allocator_interfaces-0.0.0-py3.10.egg-info/SOURCES.txt
[4.944s] -- Installing: /home/ryung/Desktop/strider_ws/install/allocator_interfaces/local/lib/python3.10/dist-packages/allocator_interfaces-0.0.0-py3.10.egg-info/top_level.txt
[4.944s] -- Installing: /home/ryung/Desktop/strider_ws/install/allocator_interfaces/local/lib/python3.10/dist-packages/allocator_interfaces-0.0.0-py3.10.egg-info/PKG-INFO
[4.944s] -- Installing: /home/ryung/Desktop/strider_ws/install/allocator_interfaces/local/lib/python3.10/dist-packages/allocator_interfaces-0.0.0-py3.10.egg-info/dependency_links.txt
[4.945s] -- Installing: /home/ryung/Desktop/strider_ws/install/allocator_interfaces/local/lib/python3.10/dist-packages/allocator_interfaces
[4.945s] -- Installing: /home/ryung/Desktop/strider_ws/install/allocator_interfaces/local/lib/python3.10/dist-packages/allocator_interfaces/liballocator_interfaces__rosidl_generator_py.so
[4.945s] -- Installing: /home/ryung/Desktop/strider_ws/install/allocator_interfaces/local/lib/python3.10/dist-packages/allocator_interfaces/_allocator_interfaces_s.ep.rosidl_typesupport_c.c
[4.945s] -- Installing: /home/ryung/Desktop/strider_ws/install/allocator_interfaces/local/lib/python3.10/dist-packages/allocator_interfaces/msg
[4.945s] -- Installing: /home/ryung/Desktop/strider_ws/install/allocator_interfaces/local/lib/python3.10/dist-packages/allocator_interfaces/msg/_pwm_val.py
[4.945s] -- Installing: /home/ryung/Desktop/strider_ws/install/allocator_interfaces/local/lib/python3.10/dist-packages/allocator_interfaces/msg/_allocator_debug_val_s.c
[4.945s] -- Installing: /home/ryung/Desktop/strider_ws/install/allocator_interfaces/local/lib/python3.10/dist-packages/allocator_interfaces/msg/_allocator_debug_val.py
[4.945s] -- Installing: /home/ryung/Desktop/strider_ws/install/allocator_interfaces/local/lib/python3.10/dist-packages/allocator_interfaces/msg/_joint_val_s.c
[4.945s] -- Installing: /home/ryung/Desktop/strider_ws/install/allocator_interfaces/local/lib/python3.10/dist-packages/allocator_interfaces/msg/_joint_val.py
[4.945s] -- Installing: /home/ryung/Desktop/strider_ws/install/allocator_interfaces/local/lib/python3.10/dist-packages/allocator_interfaces/msg/_pwm_val_s.c
[4.945s] -- Installing: /home/ryung/Desktop/strider_ws/install/allocator_interfaces/local/lib/python3.10/dist-packages/allocator_interfaces/msg/__init__.py
[4.945s] -- Installing: /home/ryung/Desktop/strider_ws/install/allocator_interfaces/local/lib/python3.10/dist-packages/allocator_interfaces/allocator_interfaces_s__rosidl_typesupport_fastrtps_c.cpython-310-x86_64-linux-gnu.so
[4.945s] -- Installing: /home/ryung/Desktop/strider_ws/install/allocator_interfaces/local/lib/python3.10/dist-packages/allocator_interfaces/allocator_interfaces_s__rosidl_typesupport_introspection_c.cpython-310-x86_64-linux-gnu.so
[4.945s] -- Installing: /home/ryung/Desktop/strider_ws/install/allocator_interfaces/local/lib/python3.10/dist-packages/allocator_interfaces/_allocator_interfaces_s.ep.rosidl_typesupport_fastrtps_c.c
[4.945s] -- Installing: /home/ryung/Desktop/strider_ws/install/allocator_interfaces/local/lib/python3.10/dist-packages/allocator_interfaces/_allocator_interfaces_s.ep.rosidl_typesupport_introspection_c.c
[4.946s] -- Installing: /home/ryung/Desktop/strider_ws/install/allocator_interfaces/local/lib/python3.10/dist-packages/allocator_interfaces/allocator_interfaces_s__rosidl_typesupport_c.cpython-310-x86_64-linux-gnu.so
[4.946s] -- Installing: /home/ryung/Desktop/strider_ws/install/allocator_interfaces/local/lib/python3.10/dist-packages/allocator_interfaces/__init__.py
[4.969s] Listing '/home/ryung/Desktop/strider_ws/install/allocator_interfaces/local/lib/python3.10/dist-packages/allocator_interfaces'...
[4.969s] Compiling '/home/ryung/Desktop/strider_ws/install/allocator_interfaces/local/lib/python3.10/dist-packages/allocator_interfaces/__init__.py'...
[4.969s] Listing '/home/ryung/Desktop/strider_ws/install/allocator_interfaces/local/lib/python3.10/dist-packages/allocator_interfaces/msg'...
[4.969s] Compiling '/home/ryung/Desktop/strider_ws/install/allocator_interfaces/local/lib/python3.10/dist-packages/allocator_interfaces/msg/__init__.py'...
[4.969s] Compiling '/home/ryung/Desktop/strider_ws/install/allocator_interfaces/local/lib/python3.10/dist-packages/allocator_interfaces/msg/_allocator_debug_val.py'...
[4.969s] Compiling '/home/ryung/Desktop/strider_ws/install/allocator_interfaces/local/lib/python3.10/dist-packages/allocator_interfaces/msg/_joint_val.py'...
[4.969s] Compiling '/home/ryung/Desktop/strider_ws/install/allocator_interfaces/local/lib/python3.10/dist-packages/allocator_interfaces/msg/_pwm_val.py'...
[4.973s] -- Installing: /home/ryung/Desktop/strider_ws/install/allocator_interfaces/local/lib/python3.10/dist-packages/allocator_interfaces/allocator_interfaces_s__rosidl_typesupport_fastrtps_c.cpython-310-x86_64-linux-gnu.so
[4.973s] -- Set runtime path of "/home/ryung/Desktop/strider_ws/install/allocator_interfaces/local/lib/python3.10/dist-packages/allocator_interfaces/allocator_interfaces_s__rosidl_typesupport_fastrtps_c.cpython-310-x86_64-linux-gnu.so" to ""
[4.973s] -- Installing: /home/ryung/Desktop/strider_ws/install/allocator_interfaces/local/lib/python3.10/dist-packages/allocator_interfaces/allocator_interfaces_s__rosidl_typesupport_introspection_c.cpython-310-x86_64-linux-gnu.so
[4.973s] -- Set runtime path of "/home/ryung/Desktop/strider_ws/install/allocator_interfaces/local/lib/python3.10/dist-packages/allocator_interfaces/allocator_interfaces_s__rosidl_typesupport_introspection_c.cpython-310-x86_64-linux-gnu.so" to ""
[4.973s] -- Installing: /home/ryung/Desktop/strider_ws/install/allocator_interfaces/local/lib/python3.10/dist-packages/allocator_interfaces/allocator_interfaces_s__rosidl_typesupport_c.cpython-310-x86_64-linux-gnu.so
[4.974s] -- Set runtime path of "/home/ryung/Desktop/strider_ws/install/allocator_interfaces/local/lib/python3.10/dist-packages/allocator_interfaces/allocator_interfaces_s__rosidl_typesupport_c.cpython-310-x86_64-linux-gnu.so" to ""
[4.974s] -- Installing: /home/ryung/Desktop/strider_ws/install/allocator_interfaces/lib/liballocator_interfaces__rosidl_generator_py.so
[4.974s] -- Set runtime path of "/home/ryung/Desktop/strider_ws/install/allocator_interfaces/lib/liballocator_interfaces__rosidl_generator_py.so" to ""
[4.974s] -- Installing: /home/ryung/Desktop/strider_ws/install/allocator_interfaces/share/allocator_interfaces/msg/JointVal.idl
[4.974s] -- Installing: /home/ryung/Desktop/strider_ws/install/allocator_interfaces/share/allocator_interfaces/msg/PwmVal.idl
[4.974s] -- Installing: /home/ryung/Desktop/strider_ws/install/allocator_interfaces/share/allocator_interfaces/msg/AllocatorDebugVal.idl
[4.974s] -- Installing: /home/ryung/Desktop/strider_ws/install/allocator_interfaces/share/allocator_interfaces/msg/JointVal.msg
[4.974s] -- Installing: /home/ryung/Desktop/strider_ws/install/allocator_interfaces/share/allocator_interfaces/msg/PwmVal.msg
[4.975s] -- Installing: /home/ryung/Desktop/strider_ws/install/allocator_interfaces/share/allocator_interfaces/msg/AllocatorDebugVal.msg
[4.975s] -- Installing: /home/ryung/Desktop/strider_ws/install/allocator_interfaces/share/ament_index/resource_index/package_run_dependencies/allocator_interfaces
[4.975s] -- Installing: /home/ryung/Desktop/strider_ws/install/allocator_interfaces/share/ament_index/resource_index/parent_prefix_path/allocator_interfaces
[4.975s] -- Installing: /home/ryung/Desktop/strider_ws/install/allocator_interfaces/share/allocator_interfaces/environment/ament_prefix_path.sh
[4.975s] -- Installing: /home/ryung/Desktop/strider_ws/install/allocator_interfaces/share/allocator_interfaces/environment/ament_prefix_path.dsv
[4.975s] -- Installing: /home/ryung/Desktop/strider_ws/install/allocator_interfaces/share/allocator_interfaces/environment/path.sh
[4.975s] -- Installing: /home/ryung/Desktop/strider_ws/install/allocator_interfaces/share/allocator_interfaces/environment/path.dsv
[4.975s] -- Installing: /home/ryung/Desktop/strider_ws/install/allocator_interfaces/share/allocator_interfaces/local_setup.bash
[4.975s] -- Installing: /home/ryung/Desktop/strider_ws/install/allocator_interfaces/share/allocator_interfaces/local_setup.sh
[4.975s] -- Installing: /home/ryung/Desktop/strider_ws/install/allocator_interfaces/share/allocator_interfaces/local_setup.zsh
[4.975s] -- Installing: /home/ryung/Desktop/strider_ws/install/allocator_interfaces/share/allocator_interfaces/local_setup.dsv
[4.975s] -- Installing: /home/ryung/Desktop/strider_ws/install/allocator_interfaces/share/allocator_interfaces/package.dsv
[4.976s] -- Installing: /home/ryung/Desktop/strider_ws/install/allocator_interfaces/share/ament_index/resource_index/packages/allocator_interfaces
[4.976s] -- Installing: /home/ryung/Desktop/strider_ws/install/allocator_interfaces/share/allocator_interfaces/cmake/export_allocator_interfaces__rosidl_generator_cExport.cmake
[4.976s] -- Installing: /home/ryung/Desktop/strider_ws/install/allocator_interfaces/share/allocator_interfaces/cmake/export_allocator_interfaces__rosidl_generator_cExport-noconfig.cmake
[4.976s] -- Installing: /home/ryung/Desktop/strider_ws/install/allocator_interfaces/share/allocator_interfaces/cmake/export_allocator_interfaces__rosidl_typesupport_fastrtps_cExport.cmake
[4.976s] -- Installing: /home/ryung/Desktop/strider_ws/install/allocator_interfaces/share/allocator_interfaces/cmake/export_allocator_interfaces__rosidl_typesupport_fastrtps_cExport-noconfig.cmake
[4.976s] -- Installing: /home/ryung/Desktop/strider_ws/install/allocator_interfaces/share/allocator_interfaces/cmake/allocator_interfaces__rosidl_typesupport_introspection_cExport.cmake
[4.976s] -- Installing: /home/ryung/Desktop/strider_ws/install/allocator_interfaces/share/allocator_interfaces/cmake/allocator_interfaces__rosidl_typesupport_introspection_cExport-noconfig.cmake
[4.976s] -- Installing: /home/ryung/Desktop/strider_ws/install/allocator_interfaces/share/allocator_interfaces/cmake/allocator_interfaces__rosidl_typesupport_cExport.cmake
[4.976s] -- Installing: /home/ryung/Desktop/strider_ws/install/allocator_interfaces/share/allocator_interfaces/cmake/allocator_interfaces__rosidl_typesupport_cExport-noconfig.cmake
[4.976s] -- Installing: /home/ryung/Desktop/strider_ws/install/allocator_interfaces/share/allocator_interfaces/cmake/export_allocator_interfaces__rosidl_generator_cppExport.cmake
[4.976s] -- Installing: /home/ryung/Desktop/strider_ws/install/allocator_interfaces/share/allocator_interfaces/cmake/export_allocator_interfaces__rosidl_typesupport_fastrtps_cppExport.cmake
[4.976s] -- Installing: /home/ryung/Desktop/strider_ws/install/allocator_interfaces/share/allocator_interfaces/cmake/export_allocator_interfaces__rosidl_typesupport_fastrtps_cppExport-noconfig.cmake
[4.976s] -- Installing: /home/ryung/Desktop/strider_ws/install/allocator_interfaces/share/allocator_interfaces/cmake/allocator_interfaces__rosidl_typesupport_introspection_cppExport.cmake
[4.976s] -- Installing: /home/ryung/Desktop/strider_ws/install/allocator_interfaces/share/allocator_interfaces/cmake/allocator_interfaces__rosidl_typesupport_introspection_cppExport-noconfig.cmake
[4.976s] -- Installing: /home/ryung/Desktop/strider_ws/install/allocator_interfaces/share/allocator_interfaces/cmake/allocator_interfaces__rosidl_typesupport_cppExport.cmake
[4.976s] -- Installing: /home/ryung/Desktop/strider_ws/install/allocator_interfaces/share/allocator_interfaces/cmake/allocator_interfaces__rosidl_typesupport_cppExport-noconfig.cmake
[4.976s] -- Installing: /home/ryung/Desktop/strider_ws/install/allocator_interfaces/share/allocator_interfaces/cmake/export_allocator_interfaces__rosidl_generator_pyExport.cmake
[4.977s] -- Installing: /home/ryung/Desktop/strider_ws/install/allocator_interfaces/share/allocator_interfaces/cmake/export_allocator_interfaces__rosidl_generator_pyExport-noconfig.cmake
[4.977s] -- Installing: /home/ryung/Desktop/strider_ws/install/allocator_interfaces/share/allocator_interfaces/cmake/rosidl_cmake-extras.cmake
[4.977s] -- Installing: /home/ryung/Desktop/strider_ws/install/allocator_interfaces/share/allocator_interfaces/cmake/ament_cmake_export_include_directories-extras.cmake
[4.977s] -- Installing: /home/ryung/Desktop/strider_ws/install/allocator_interfaces/share/allocator_interfaces/cmake/ament_cmake_export_libraries-extras.cmake
[4.977s] -- Installing: /home/ryung/Desktop/strider_ws/install/allocator_interfaces/share/allocator_interfaces/cmake/ament_cmake_export_targets-extras.cmake
[4.977s] -- Installing: /home/ryung/Desktop/strider_ws/install/allocator_interfaces/share/allocator_interfaces/cmake/rosidl_cmake_export_typesupport_targets-extras.cmake
[4.977s] -- Installing: /home/ryung/Desktop/strider_ws/install/allocator_interfaces/share/allocator_interfaces/cmake/ament_cmake_export_dependencies-extras.cmake
[4.977s] -- Installing: /home/ryung/Desktop/strider_ws/install/allocator_interfaces/share/allocator_interfaces/cmake/rosidl_cmake_export_typesupport_libraries-extras.cmake
[4.977s] -- Installing: /home/ryung/Desktop/strider_ws/install/allocator_interfaces/share/allocator_interfaces/cmake/allocator_interfacesConfig.cmake
[4.977s] -- Installing: /home/ryung/Desktop/strider_ws/install/allocator_interfaces/share/allocator_interfaces/cmake/allocator_interfacesConfig-version.cmake
[4.977s] -- Installing: /home/ryung/Desktop/strider_ws/install/allocator_interfaces/share/allocator_interfaces/package.xml
[4.979s] Invoked command in '/home/ryung/Desktop/strider_ws/build/allocator_interfaces' returned '0': CMAKE_PREFIX_PATH=/opt/ros/humble /usr/bin/cmake --install /home/ryung/Desktop/strider_ws/build/allocator_interfaces
