[0.010s] Invoking command in '/home/ryung/Desktop/strider_ws/build/teensy_sender': AMENT_PREFIX_PATH=/home/ryung/Desktop/strider_ws/install/watchdog_interfaces:/home/ryung/Desktop/strider_ws/install/sbus_interfaces:/home/ryung/Desktop/strider_ws/install/allocator_interfaces:${AMENT_PREFIX_PATH} CMAKE_PREFIX_PATH=/home/ryung/Desktop/strider_ws/install/watchdog_interfaces:/home/ryung/Desktop/strider_ws/install/sbus_interfaces:/home/ryung/Desktop/strider_ws/install/allocator_interfaces:/opt/ros/humble LD_LIBRARY_PATH=/home/ryung/Desktop/strider_ws/install/watchdog_interfaces/lib:/home/ryung/Desktop/strider_ws/install/sbus_interfaces/lib:/home/ryung/Desktop/strider_ws/install/allocator_interfaces/lib:${LD_LIBRARY_PATH} PYTHONPATH=/home/ryung/Desktop/strider_ws/install/watchdog_interfaces/local/lib/python3.10/dist-packages:/home/ryung/Desktop/strider_ws/install/sbus_interfaces/local/lib/python3.10/dist-packages:/home/ryung/Desktop/strider_ws/install/allocator_interfaces/local/lib/python3.10/dist-packages:${PYTHONPATH} /usr/bin/cmake /home/ryung/Desktop/strider_ws/src/Teensy_sender/teensy_sender -DCMAKE_INSTALL_PREFIX=/home/ryung/Desktop/strider_ws/install/teensy_sender
[0.045s] -- The C compiler identification is GNU 11.4.0
[0.083s] -- The CXX compiler identification is GNU 11.4.0
[0.088s] -- Detecting C compiler ABI info
[0.129s] -- Detecting C compiler ABI info - done
[0.134s] -- Check for working C compiler: /usr/bin/cc - skipped
[0.134s] -- Detecting C compile features
[0.134s] -- Detecting C compile features - done
[0.136s] -- Detecting CXX compiler ABI info
[0.184s] -- Detecting CXX compiler ABI info - done
[0.194s] -- Check for working CXX compiler: /usr/bin/c++ - skipped
[0.194s] -- Detecting CXX compile features
[0.194s] -- Detecting CXX compile features - done
[0.194s] -- Found ament_cmake: 1.3.11 (/opt/ros/humble/share/ament_cmake/cmake)
[0.339s] -- Found Python3: /usr/bin/python3 (found version "3.10.12") found components: Interpreter 
[0.414s] -- Found rclcpp_components: 16.0.11 (/opt/ros/humble/share/rclcpp_components/cmake)
[0.460s] -- Found rosidl_generator_c: 3.1.6 (/opt/ros/humble/share/rosidl_generator_c/cmake)
[0.465s] -- Found rosidl_adapter: 3.1.6 (/opt/ros/humble/share/rosidl_adapter/cmake)
[0.474s] -- Found rosidl_generator_cpp: 3.1.6 (/opt/ros/humble/share/rosidl_generator_cpp/cmake)
[0.487s] -- Using all available rosidl_typesupport_c: rosidl_typesupport_fastrtps_c;rosidl_typesupport_introspection_c
[0.501s] -- Using all available rosidl_typesupport_cpp: rosidl_typesupport_fastrtps_cpp;rosidl_typesupport_introspection_cpp
[0.566s] -- Found rmw_implementation_cmake: 6.1.2 (/opt/ros/humble/share/rmw_implementation_cmake/cmake)
[0.568s] -- Found rmw_fastrtps_cpp: 6.2.7 (/opt/ros/humble/share/rmw_fastrtps_cpp/cmake)
[0.633s] -- Found OpenSSL: /usr/lib/x86_64-linux-gnu/libcrypto.so (found version "3.0.2")  
[0.654s] -- Found FastRTPS: /opt/ros/humble/include  
[0.679s] -- Using RMW implementation 'rmw_fastrtps_cpp' as default
[0.683s] -- Looking for pthread.h
[0.730s] -- Looking for pthread.h - found
[0.730s] -- Performing Test CMAKE_HAVE_LIBC_PTHREAD
[0.782s] -- Performing Test CMAKE_HAVE_LIBC_PTHREAD - Success
[0.783s] -- Found Threads: TRUE  
[0.836s] -- Found allocator_interfaces: 0.0.0 (/home/ryung/Desktop/strider_ws/install/allocator_interfaces/share/allocator_interfaces/cmake)
[0.847s] -- Found sbus_interfaces: 0.0.0 (/home/ryung/Desktop/strider_ws/install/sbus_interfaces/share/sbus_interfaces/cmake)
[0.857s] -- Found watchdog_interfaces: 0.0.0 (/home/ryung/Desktop/strider_ws/install/watchdog_interfaces/share/watchdog_interfaces/cmake)
[0.939s] -- Configuring done
[0.947s] -- Generating done
[0.950s] -- Build files have been written to: /home/ryung/Desktop/strider_ws/build/teensy_sender
[0.957s] Invoked command in '/home/ryung/Desktop/strider_ws/build/teensy_sender' returned '0': AMENT_PREFIX_PATH=/home/ryung/Desktop/strider_ws/install/watchdog_interfaces:/home/ryung/Desktop/strider_ws/install/sbus_interfaces:/home/ryung/Desktop/strider_ws/install/allocator_interfaces:${AMENT_PREFIX_PATH} CMAKE_PREFIX_PATH=/home/ryung/Desktop/strider_ws/install/watchdog_interfaces:/home/ryung/Desktop/strider_ws/install/sbus_interfaces:/home/ryung/Desktop/strider_ws/install/allocator_interfaces:/opt/ros/humble LD_LIBRARY_PATH=/home/ryung/Desktop/strider_ws/install/watchdog_interfaces/lib:/home/ryung/Desktop/strider_ws/install/sbus_interfaces/lib:/home/ryung/Desktop/strider_ws/install/allocator_interfaces/lib:${LD_LIBRARY_PATH} PYTHONPATH=/home/ryung/Desktop/strider_ws/install/watchdog_interfaces/local/lib/python3.10/dist-packages:/home/ryung/Desktop/strider_ws/install/sbus_interfaces/local/lib/python3.10/dist-packages:/home/ryung/Desktop/strider_ws/install/allocator_interfaces/local/lib/python3.10/dist-packages:${PYTHONPATH} /usr/bin/cmake /home/ryung/Desktop/strider_ws/src/Teensy_sender/teensy_sender -DCMAKE_INSTALL_PREFIX=/home/ryung/Desktop/strider_ws/install/teensy_sender
[0.959s] Invoking command in '/home/ryung/Desktop/strider_ws/build/teensy_sender': AMENT_PREFIX_PATH=/home/ryung/Desktop/strider_ws/install/watchdog_interfaces:/home/ryung/Desktop/strider_ws/install/sbus_interfaces:/home/ryung/Desktop/strider_ws/install/allocator_interfaces:${AMENT_PREFIX_PATH} CMAKE_PREFIX_PATH=/home/ryung/Desktop/strider_ws/install/watchdog_interfaces:/home/ryung/Desktop/strider_ws/install/sbus_interfaces:/home/ryung/Desktop/strider_ws/install/allocator_interfaces:/opt/ros/humble LD_LIBRARY_PATH=/home/ryung/Desktop/strider_ws/install/watchdog_interfaces/lib:/home/ryung/Desktop/strider_ws/install/sbus_interfaces/lib:/home/ryung/Desktop/strider_ws/install/allocator_interfaces/lib:${LD_LIBRARY_PATH} PYTHONPATH=/home/ryung/Desktop/strider_ws/install/watchdog_interfaces/local/lib/python3.10/dist-packages:/home/ryung/Desktop/strider_ws/install/sbus_interfaces/local/lib/python3.10/dist-packages:/home/ryung/Desktop/strider_ws/install/allocator_interfaces/local/lib/python3.10/dist-packages:${PYTHONPATH} /usr/bin/cmake --build /home/ryung/Desktop/strider_ws/build/teensy_sender -- -j16 -l16
[0.994s] [ 50%] [32mBuilding CXX object CMakeFiles/teensy_worker.dir/src/teensy_worker.cpp.o[0m
[9.157s] [100%] [32m[1mLinking CXX executable teensy_worker[0m
[9.529s] [100%] Built target teensy_worker
[9.537s] Invoked command in '/home/ryung/Desktop/strider_ws/build/teensy_sender' returned '0': AMENT_PREFIX_PATH=/home/ryung/Desktop/strider_ws/install/watchdog_interfaces:/home/ryung/Desktop/strider_ws/install/sbus_interfaces:/home/ryung/Desktop/strider_ws/install/allocator_interfaces:${AMENT_PREFIX_PATH} CMAKE_PREFIX_PATH=/home/ryung/Desktop/strider_ws/install/watchdog_interfaces:/home/ryung/Desktop/strider_ws/install/sbus_interfaces:/home/ryung/Desktop/strider_ws/install/allocator_interfaces:/opt/ros/humble LD_LIBRARY_PATH=/home/ryung/Desktop/strider_ws/install/watchdog_interfaces/lib:/home/ryung/Desktop/strider_ws/install/sbus_interfaces/lib:/home/ryung/Desktop/strider_ws/install/allocator_interfaces/lib:${LD_LIBRARY_PATH} PYTHONPATH=/home/ryung/Desktop/strider_ws/install/watchdog_interfaces/local/lib/python3.10/dist-packages:/home/ryung/Desktop/strider_ws/install/sbus_interfaces/local/lib/python3.10/dist-packages:/home/ryung/Desktop/strider_ws/install/allocator_interfaces/local/lib/python3.10/dist-packages:${PYTHONPATH} /usr/bin/cmake --build /home/ryung/Desktop/strider_ws/build/teensy_sender -- -j16 -l16
[9.538s] Invoking command in '/home/ryung/Desktop/strider_ws/build/teensy_sender': AMENT_PREFIX_PATH=/home/ryung/Desktop/strider_ws/install/watchdog_interfaces:/home/ryung/Desktop/strider_ws/install/sbus_interfaces:/home/ryung/Desktop/strider_ws/install/allocator_interfaces:${AMENT_PREFIX_PATH} CMAKE_PREFIX_PATH=/home/ryung/Desktop/strider_ws/install/watchdog_interfaces:/home/ryung/Desktop/strider_ws/install/sbus_interfaces:/home/ryung/Desktop/strider_ws/install/allocator_interfaces:/opt/ros/humble LD_LIBRARY_PATH=/home/ryung/Desktop/strider_ws/install/watchdog_interfaces/lib:/home/ryung/Desktop/strider_ws/install/sbus_interfaces/lib:/home/ryung/Desktop/strider_ws/install/allocator_interfaces/lib:${LD_LIBRARY_PATH} PYTHONPATH=/home/ryung/Desktop/strider_ws/install/watchdog_interfaces/local/lib/python3.10/dist-packages:/home/ryung/Desktop/strider_ws/install/sbus_interfaces/local/lib/python3.10/dist-packages:/home/ryung/Desktop/strider_ws/install/allocator_interfaces/local/lib/python3.10/dist-packages:${PYTHONPATH} /usr/bin/cmake --install /home/ryung/Desktop/strider_ws/build/teensy_sender
[9.543s] -- Install configuration: ""
[9.543s] -- Installing: /home/ryung/Desktop/strider_ws/install/teensy_sender/lib/teensy_sender/teensy_worker
[9.546s] -- Set runtime path of "/home/ryung/Desktop/strider_ws/install/teensy_sender/lib/teensy_sender/teensy_worker" to ""
[9.546s] -- Installing: /home/ryung/Desktop/strider_ws/install/teensy_sender/include/
[9.546s] -- Installing: /home/ryung/Desktop/strider_ws/install/teensy_sender/include//teensy_worker.hpp
[9.546s] -- Installing: /home/ryung/Desktop/strider_ws/install/teensy_sender/share/ament_index/resource_index/package_run_dependencies/teensy_sender
[9.546s] -- Installing: /home/ryung/Desktop/strider_ws/install/teensy_sender/share/ament_index/resource_index/parent_prefix_path/teensy_sender
[9.546s] -- Installing: /home/ryung/Desktop/strider_ws/install/teensy_sender/share/teensy_sender/environment/ament_prefix_path.sh
[9.546s] -- Installing: /home/ryung/Desktop/strider_ws/install/teensy_sender/share/teensy_sender/environment/ament_prefix_path.dsv
[9.546s] -- Installing: /home/ryung/Desktop/strider_ws/install/teensy_sender/share/teensy_sender/environment/path.sh
[9.546s] -- Installing: /home/ryung/Desktop/strider_ws/install/teensy_sender/share/teensy_sender/environment/path.dsv
[9.546s] -- Installing: /home/ryung/Desktop/strider_ws/install/teensy_sender/share/teensy_sender/local_setup.bash
[9.546s] -- Installing: /home/ryung/Desktop/strider_ws/install/teensy_sender/share/teensy_sender/local_setup.sh
[9.546s] -- Installing: /home/ryung/Desktop/strider_ws/install/teensy_sender/share/teensy_sender/local_setup.zsh
[9.546s] -- Installing: /home/ryung/Desktop/strider_ws/install/teensy_sender/share/teensy_sender/local_setup.dsv
[9.547s] -- Installing: /home/ryung/Desktop/strider_ws/install/teensy_sender/share/teensy_sender/package.dsv
[9.547s] -- Installing: /home/ryung/Desktop/strider_ws/install/teensy_sender/share/ament_index/resource_index/packages/teensy_sender
[9.547s] -- Installing: /home/ryung/Desktop/strider_ws/install/teensy_sender/share/teensy_sender/cmake/teensy_senderConfig.cmake
[9.547s] -- Installing: /home/ryung/Desktop/strider_ws/install/teensy_sender/share/teensy_sender/cmake/teensy_senderConfig-version.cmake
[9.547s] -- Installing: /home/ryung/Desktop/strider_ws/install/teensy_sender/share/teensy_sender/package.xml
[9.548s] Invoked command in '/home/ryung/Desktop/strider_ws/build/teensy_sender' returned '0': AMENT_PREFIX_PATH=/home/ryung/Desktop/strider_ws/install/watchdog_interfaces:/home/ryung/Desktop/strider_ws/install/sbus_interfaces:/home/ryung/Desktop/strider_ws/install/allocator_interfaces:${AMENT_PREFIX_PATH} CMAKE_PREFIX_PATH=/home/ryung/Desktop/strider_ws/install/watchdog_interfaces:/home/ryung/Desktop/strider_ws/install/sbus_interfaces:/home/ryung/Desktop/strider_ws/install/allocator_interfaces:/opt/ros/humble LD_LIBRARY_PATH=/home/ryung/Desktop/strider_ws/install/watchdog_interfaces/lib:/home/ryung/Desktop/strider_ws/install/sbus_interfaces/lib:/home/ryung/Desktop/strider_ws/install/allocator_interfaces/lib:${LD_LIBRARY_PATH} PYTHONPATH=/home/ryung/Desktop/strider_ws/install/watchdog_interfaces/local/lib/python3.10/dist-packages:/home/ryung/Desktop/strider_ws/install/sbus_interfaces/local/lib/python3.10/dist-packages:/home/ryung/Desktop/strider_ws/install/allocator_interfaces/local/lib/python3.10/dist-packages:${PYTHONPATH} /usr/bin/cmake --install /home/ryung/Desktop/strider_ws/build/teensy_sender
