[0.188s] Invoking command in '/home/ryung/Desktop/strider_ws/build/controller': AMENT_PREFIX_PATH=/home/ryung/Desktop/strider_ws/install/watchdog_interfaces:/home/ryung/Desktop/strider_ws/install/sbus_interfaces:/home/ryung/Desktop/strider_ws/install/mocap_interfaces:/home/ryung/Desktop/strider_ws/install/imu_interfaces:/home/ryung/Desktop/strider_ws/install/controller_interfaces:/home/ryung/Desktop/strider_ws/install/allocator_interfaces:${AMENT_PREFIX_PATH} CMAKE_PREFIX_PATH=/home/ryung/Desktop/strider_ws/install/watchdog_interfaces:/home/ryung/Desktop/strider_ws/install/sbus_interfaces:/home/ryung/Desktop/strider_ws/install/mocap_interfaces:/home/ryung/Desktop/strider_ws/install/imu_interfaces:/home/ryung/Desktop/strider_ws/install/controller_interfaces:/home/ryung/Desktop/strider_ws/install/allocator_interfaces:/opt/ros/humble LD_LIBRARY_PATH=/home/ryung/Desktop/strider_ws/install/watchdog_interfaces/lib:/home/ryung/Desktop/strider_ws/install/sbus_interfaces/lib:/home/ryung/Desktop/strider_ws/install/mocap_interfaces/lib:/home/ryung/Desktop/strider_ws/install/imu_interfaces/lib:/home/ryung/Desktop/strider_ws/install/controller_interfaces/lib:/home/ryung/Desktop/strider_ws/install/allocator_interfaces/lib:${LD_LIBRARY_PATH} PYTHONPATH=/home/ryung/Desktop/strider_ws/install/watchdog_interfaces/local/lib/python3.10/dist-packages:/home/ryung/Desktop/strider_ws/install/sbus_interfaces/local/lib/python3.10/dist-packages:/home/ryung/Desktop/strider_ws/install/mocap_interfaces/local/lib/python3.10/dist-packages:/home/ryung/Desktop/strider_ws/install/imu_interfaces/local/lib/python3.10/dist-packages:/home/ryung/Desktop/strider_ws/install/controller_interfaces/local/lib/python3.10/dist-packages:/home/ryung/Desktop/strider_ws/install/allocator_interfaces/local/lib/python3.10/dist-packages:${PYTHONPATH} /usr/bin/cmake /home/ryung/Desktop/strider_ws/src/Controller/controller -DCMAKE_INSTALL_PREFIX=/home/ryung/Desktop/strider_ws/install/controller
[0.221s] -- The C compiler identification is GNU 11.4.0
[0.255s] -- The CXX compiler identification is GNU 11.4.0
[0.260s] -- Detecting C compiler ABI info
[0.306s] -- Detecting C compiler ABI info - done
[0.312s] -- Check for working C compiler: /usr/bin/cc - skipped
[0.312s] -- Detecting C compile features
[0.312s] -- Detecting C compile features - done
[0.314s] -- Detecting CXX compiler ABI info
[0.370s] -- Detecting CXX compiler ABI info - done
[0.378s] -- Check for working CXX compiler: /usr/bin/c++ - skipped
[0.378s] -- Detecting CXX compile features
[0.378s] -- Detecting CXX compile features - done
[0.380s] -- Found ament_cmake: 1.3.11 (/opt/ros/humble/share/ament_cmake/cmake)
[0.544s] -- Found Python3: /usr/bin/python3 (found version "3.10.12") found components: Interpreter 
[0.635s] -- Found rclcpp_components: 16.0.11 (/opt/ros/humble/share/rclcpp_components/cmake)
[0.673s] -- Found rosidl_generator_c: 3.1.6 (/opt/ros/humble/share/rosidl_generator_c/cmake)
[0.676s] -- Found rosidl_adapter: 3.1.6 (/opt/ros/humble/share/rosidl_adapter/cmake)
[0.682s] -- Found rosidl_generator_cpp: 3.1.6 (/opt/ros/humble/share/rosidl_generator_cpp/cmake)
[0.689s] -- Using all available rosidl_typesupport_c: rosidl_typesupport_fastrtps_c;rosidl_typesupport_introspection_c
[0.698s] -- Using all available rosidl_typesupport_cpp: rosidl_typesupport_fastrtps_cpp;rosidl_typesupport_introspection_cpp
[0.747s] -- Found rmw_implementation_cmake: 6.1.2 (/opt/ros/humble/share/rmw_implementation_cmake/cmake)
[0.748s] -- Found rmw_fastrtps_cpp: 6.2.7 (/opt/ros/humble/share/rmw_fastrtps_cpp/cmake)
[0.820s] -- Found OpenSSL: /usr/lib/x86_64-linux-gnu/libcrypto.so (found version "3.0.2")  
[0.847s] -- Found FastRTPS: /opt/ros/humble/include  
[0.887s] -- Using RMW implementation 'rmw_fastrtps_cpp' as default
[0.895s] -- Looking for pthread.h
[0.958s] -- Looking for pthread.h - found
[0.959s] -- Performing Test CMAKE_HAVE_LIBC_PTHREAD
[1.010s] -- Performing Test CMAKE_HAVE_LIBC_PTHREAD - Success
[1.011s] -- Found Threads: TRUE  
[1.044s] -- Found controller_interfaces: 0.0.0 (/home/ryung/Desktop/strider_ws/install/controller_interfaces/share/controller_interfaces/cmake)
[1.049s] -- Found sbus_interfaces: 0.0.0 (/home/ryung/Desktop/strider_ws/install/sbus_interfaces/share/sbus_interfaces/cmake)
[1.055s] -- Found imu_interfaces: 0.0.0 (/home/ryung/Desktop/strider_ws/install/imu_interfaces/share/imu_interfaces/cmake)
[1.061s] -- Found mocap_interfaces: 0.0.0 (/home/ryung/Desktop/strider_ws/install/mocap_interfaces/share/mocap_interfaces/cmake)
[1.067s] -- Found allocator_interfaces: 0.0.0 (/home/ryung/Desktop/strider_ws/install/allocator_interfaces/share/allocator_interfaces/cmake)
[1.073s] -- Found watchdog_interfaces: 0.0.0 (/home/ryung/Desktop/strider_ws/install/watchdog_interfaces/share/watchdog_interfaces/cmake)
[1.129s] -- Configuring done
[1.136s] -- Generating done
[1.140s] -- Build files have been written to: /home/ryung/Desktop/strider_ws/build/controller
[1.152s] Invoked command in '/home/ryung/Desktop/strider_ws/build/controller' returned '0': AMENT_PREFIX_PATH=/home/ryung/Desktop/strider_ws/install/watchdog_interfaces:/home/ryung/Desktop/strider_ws/install/sbus_interfaces:/home/ryung/Desktop/strider_ws/install/mocap_interfaces:/home/ryung/Desktop/strider_ws/install/imu_interfaces:/home/ryung/Desktop/strider_ws/install/controller_interfaces:/home/ryung/Desktop/strider_ws/install/allocator_interfaces:${AMENT_PREFIX_PATH} CMAKE_PREFIX_PATH=/home/ryung/Desktop/strider_ws/install/watchdog_interfaces:/home/ryung/Desktop/strider_ws/install/sbus_interfaces:/home/ryung/Desktop/strider_ws/install/mocap_interfaces:/home/ryung/Desktop/strider_ws/install/imu_interfaces:/home/ryung/Desktop/strider_ws/install/controller_interfaces:/home/ryung/Desktop/strider_ws/install/allocator_interfaces:/opt/ros/humble LD_LIBRARY_PATH=/home/ryung/Desktop/strider_ws/install/watchdog_interfaces/lib:/home/ryung/Desktop/strider_ws/install/sbus_interfaces/lib:/home/ryung/Desktop/strider_ws/install/mocap_interfaces/lib:/home/ryung/Desktop/strider_ws/install/imu_interfaces/lib:/home/ryung/Desktop/strider_ws/install/controller_interfaces/lib:/home/ryung/Desktop/strider_ws/install/allocator_interfaces/lib:${LD_LIBRARY_PATH} PYTHONPATH=/home/ryung/Desktop/strider_ws/install/watchdog_interfaces/local/lib/python3.10/dist-packages:/home/ryung/Desktop/strider_ws/install/sbus_interfaces/local/lib/python3.10/dist-packages:/home/ryung/Desktop/strider_ws/install/mocap_interfaces/local/lib/python3.10/dist-packages:/home/ryung/Desktop/strider_ws/install/imu_interfaces/local/lib/python3.10/dist-packages:/home/ryung/Desktop/strider_ws/install/controller_interfaces/local/lib/python3.10/dist-packages:/home/ryung/Desktop/strider_ws/install/allocator_interfaces/local/lib/python3.10/dist-packages:${PYTHONPATH} /usr/bin/cmake /home/ryung/Desktop/strider_ws/src/Controller/controller -DCMAKE_INSTALL_PREFIX=/home/ryung/Desktop/strider_ws/install/controller
[1.153s] Invoking command in '/home/ryung/Desktop/strider_ws/build/controller': AMENT_PREFIX_PATH=/home/ryung/Desktop/strider_ws/install/watchdog_interfaces:/home/ryung/Desktop/strider_ws/install/sbus_interfaces:/home/ryung/Desktop/strider_ws/install/mocap_interfaces:/home/ryung/Desktop/strider_ws/install/imu_interfaces:/home/ryung/Desktop/strider_ws/install/controller_interfaces:/home/ryung/Desktop/strider_ws/install/allocator_interfaces:${AMENT_PREFIX_PATH} CMAKE_PREFIX_PATH=/home/ryung/Desktop/strider_ws/install/watchdog_interfaces:/home/ryung/Desktop/strider_ws/install/sbus_interfaces:/home/ryung/Desktop/strider_ws/install/mocap_interfaces:/home/ryung/Desktop/strider_ws/install/imu_interfaces:/home/ryung/Desktop/strider_ws/install/controller_interfaces:/home/ryung/Desktop/strider_ws/install/allocator_interfaces:/opt/ros/humble LD_LIBRARY_PATH=/home/ryung/Desktop/strider_ws/install/watchdog_interfaces/lib:/home/ryung/Desktop/strider_ws/install/sbus_interfaces/lib:/home/ryung/Desktop/strider_ws/install/mocap_interfaces/lib:/home/ryung/Desktop/strider_ws/install/imu_interfaces/lib:/home/ryung/Desktop/strider_ws/install/controller_interfaces/lib:/home/ryung/Desktop/strider_ws/install/allocator_interfaces/lib:${LD_LIBRARY_PATH} PYTHONPATH=/home/ryung/Desktop/strider_ws/install/watchdog_interfaces/local/lib/python3.10/dist-packages:/home/ryung/Desktop/strider_ws/install/sbus_interfaces/local/lib/python3.10/dist-packages:/home/ryung/Desktop/strider_ws/install/mocap_interfaces/local/lib/python3.10/dist-packages:/home/ryung/Desktop/strider_ws/install/imu_interfaces/local/lib/python3.10/dist-packages:/home/ryung/Desktop/strider_ws/install/controller_interfaces/local/lib/python3.10/dist-packages:/home/ryung/Desktop/strider_ws/install/allocator_interfaces/local/lib/python3.10/dist-packages:${PYTHONPATH} /usr/bin/cmake --build /home/ryung/Desktop/strider_ws/build/controller -- -j16 -l16
[1.200s] [ 50%] [32mBuilding CXX object CMakeFiles/controller_worker.dir/src/controller_worker.cpp.o[0m
[11.136s] [100%] [32m[1mLinking CXX executable controller_worker[0m
[11.630s] [100%] Built target controller_worker
[11.639s] Invoked command in '/home/ryung/Desktop/strider_ws/build/controller' returned '0': AMENT_PREFIX_PATH=/home/ryung/Desktop/strider_ws/install/watchdog_interfaces:/home/ryung/Desktop/strider_ws/install/sbus_interfaces:/home/ryung/Desktop/strider_ws/install/mocap_interfaces:/home/ryung/Desktop/strider_ws/install/imu_interfaces:/home/ryung/Desktop/strider_ws/install/controller_interfaces:/home/ryung/Desktop/strider_ws/install/allocator_interfaces:${AMENT_PREFIX_PATH} CMAKE_PREFIX_PATH=/home/ryung/Desktop/strider_ws/install/watchdog_interfaces:/home/ryung/Desktop/strider_ws/install/sbus_interfaces:/home/ryung/Desktop/strider_ws/install/mocap_interfaces:/home/ryung/Desktop/strider_ws/install/imu_interfaces:/home/ryung/Desktop/strider_ws/install/controller_interfaces:/home/ryung/Desktop/strider_ws/install/allocator_interfaces:/opt/ros/humble LD_LIBRARY_PATH=/home/ryung/Desktop/strider_ws/install/watchdog_interfaces/lib:/home/ryung/Desktop/strider_ws/install/sbus_interfaces/lib:/home/ryung/Desktop/strider_ws/install/mocap_interfaces/lib:/home/ryung/Desktop/strider_ws/install/imu_interfaces/lib:/home/ryung/Desktop/strider_ws/install/controller_interfaces/lib:/home/ryung/Desktop/strider_ws/install/allocator_interfaces/lib:${LD_LIBRARY_PATH} PYTHONPATH=/home/ryung/Desktop/strider_ws/install/watchdog_interfaces/local/lib/python3.10/dist-packages:/home/ryung/Desktop/strider_ws/install/sbus_interfaces/local/lib/python3.10/dist-packages:/home/ryung/Desktop/strider_ws/install/mocap_interfaces/local/lib/python3.10/dist-packages:/home/ryung/Desktop/strider_ws/install/imu_interfaces/local/lib/python3.10/dist-packages:/home/ryung/Desktop/strider_ws/install/controller_interfaces/local/lib/python3.10/dist-packages:/home/ryung/Desktop/strider_ws/install/allocator_interfaces/local/lib/python3.10/dist-packages:${PYTHONPATH} /usr/bin/cmake --build /home/ryung/Desktop/strider_ws/build/controller -- -j16 -l16
[11.640s] Invoking command in '/home/ryung/Desktop/strider_ws/build/controller': AMENT_PREFIX_PATH=/home/ryung/Desktop/strider_ws/install/watchdog_interfaces:/home/ryung/Desktop/strider_ws/install/sbus_interfaces:/home/ryung/Desktop/strider_ws/install/mocap_interfaces:/home/ryung/Desktop/strider_ws/install/imu_interfaces:/home/ryung/Desktop/strider_ws/install/controller_interfaces:/home/ryung/Desktop/strider_ws/install/allocator_interfaces:${AMENT_PREFIX_PATH} CMAKE_PREFIX_PATH=/home/ryung/Desktop/strider_ws/install/watchdog_interfaces:/home/ryung/Desktop/strider_ws/install/sbus_interfaces:/home/ryung/Desktop/strider_ws/install/mocap_interfaces:/home/ryung/Desktop/strider_ws/install/imu_interfaces:/home/ryung/Desktop/strider_ws/install/controller_interfaces:/home/ryung/Desktop/strider_ws/install/allocator_interfaces:/opt/ros/humble LD_LIBRARY_PATH=/home/ryung/Desktop/strider_ws/install/watchdog_interfaces/lib:/home/ryung/Desktop/strider_ws/install/sbus_interfaces/lib:/home/ryung/Desktop/strider_ws/install/mocap_interfaces/lib:/home/ryung/Desktop/strider_ws/install/imu_interfaces/lib:/home/ryung/Desktop/strider_ws/install/controller_interfaces/lib:/home/ryung/Desktop/strider_ws/install/allocator_interfaces/lib:${LD_LIBRARY_PATH} PYTHONPATH=/home/ryung/Desktop/strider_ws/install/watchdog_interfaces/local/lib/python3.10/dist-packages:/home/ryung/Desktop/strider_ws/install/sbus_interfaces/local/lib/python3.10/dist-packages:/home/ryung/Desktop/strider_ws/install/mocap_interfaces/local/lib/python3.10/dist-packages:/home/ryung/Desktop/strider_ws/install/imu_interfaces/local/lib/python3.10/dist-packages:/home/ryung/Desktop/strider_ws/install/controller_interfaces/local/lib/python3.10/dist-packages:/home/ryung/Desktop/strider_ws/install/allocator_interfaces/local/lib/python3.10/dist-packages:${PYTHONPATH} /usr/bin/cmake --install /home/ryung/Desktop/strider_ws/build/controller
[11.647s] -- Install configuration: ""
[11.647s] -- Installing: /home/ryung/Desktop/strider_ws/install/controller/lib/controller/controller_worker
[11.652s] -- Set runtime path of "/home/ryung/Desktop/strider_ws/install/controller/lib/controller/controller_worker" to ""
[11.652s] -- Installing: /home/ryung/Desktop/strider_ws/install/controller/include/
[11.652s] -- Installing: /home/ryung/Desktop/strider_ws/install/controller/include//controller_worker.hpp
[11.652s] -- Installing: /home/ryung/Desktop/strider_ws/install/controller/share/ament_index/resource_index/package_run_dependencies/controller
[11.652s] -- Installing: /home/ryung/Desktop/strider_ws/install/controller/share/ament_index/resource_index/parent_prefix_path/controller
[11.652s] -- Installing: /home/ryung/Desktop/strider_ws/install/controller/share/controller/environment/ament_prefix_path.sh
[11.652s] -- Installing: /home/ryung/Desktop/strider_ws/install/controller/share/controller/environment/ament_prefix_path.dsv
[11.652s] -- Installing: /home/ryung/Desktop/strider_ws/install/controller/share/controller/environment/path.sh
[11.652s] -- Installing: /home/ryung/Desktop/strider_ws/install/controller/share/controller/environment/path.dsv
[11.652s] -- Installing: /home/ryung/Desktop/strider_ws/install/controller/share/controller/local_setup.bash
[11.652s] -- Installing: /home/ryung/Desktop/strider_ws/install/controller/share/controller/local_setup.sh
[11.652s] -- Installing: /home/ryung/Desktop/strider_ws/install/controller/share/controller/local_setup.zsh
[11.652s] -- Installing: /home/ryung/Desktop/strider_ws/install/controller/share/controller/local_setup.dsv
[11.652s] -- Installing: /home/ryung/Desktop/strider_ws/install/controller/share/controller/package.dsv
[11.652s] -- Installing: /home/ryung/Desktop/strider_ws/install/controller/share/ament_index/resource_index/packages/controller
[11.652s] -- Installing: /home/ryung/Desktop/strider_ws/install/controller/share/controller/cmake/controllerConfig.cmake
[11.652s] -- Installing: /home/ryung/Desktop/strider_ws/install/controller/share/controller/cmake/controllerConfig-version.cmake
[11.652s] -- Installing: /home/ryung/Desktop/strider_ws/install/controller/share/controller/package.xml
[11.654s] Invoked command in '/home/ryung/Desktop/strider_ws/build/controller' returned '0': AMENT_PREFIX_PATH=/home/ryung/Desktop/strider_ws/install/watchdog_interfaces:/home/ryung/Desktop/strider_ws/install/sbus_interfaces:/home/ryung/Desktop/strider_ws/install/mocap_interfaces:/home/ryung/Desktop/strider_ws/install/imu_interfaces:/home/ryung/Desktop/strider_ws/install/controller_interfaces:/home/ryung/Desktop/strider_ws/install/allocator_interfaces:${AMENT_PREFIX_PATH} CMAKE_PREFIX_PATH=/home/ryung/Desktop/strider_ws/install/watchdog_interfaces:/home/ryung/Desktop/strider_ws/install/sbus_interfaces:/home/ryung/Desktop/strider_ws/install/mocap_interfaces:/home/ryung/Desktop/strider_ws/install/imu_interfaces:/home/ryung/Desktop/strider_ws/install/controller_interfaces:/home/ryung/Desktop/strider_ws/install/allocator_interfaces:/opt/ros/humble LD_LIBRARY_PATH=/home/ryung/Desktop/strider_ws/install/watchdog_interfaces/lib:/home/ryung/Desktop/strider_ws/install/sbus_interfaces/lib:/home/ryung/Desktop/strider_ws/install/mocap_interfaces/lib:/home/ryung/Desktop/strider_ws/install/imu_interfaces/lib:/home/ryung/Desktop/strider_ws/install/controller_interfaces/lib:/home/ryung/Desktop/strider_ws/install/allocator_interfaces/lib:${LD_LIBRARY_PATH} PYTHONPATH=/home/ryung/Desktop/strider_ws/install/watchdog_interfaces/local/lib/python3.10/dist-packages:/home/ryung/Desktop/strider_ws/install/sbus_interfaces/local/lib/python3.10/dist-packages:/home/ryung/Desktop/strider_ws/install/mocap_interfaces/local/lib/python3.10/dist-packages:/home/ryung/Desktop/strider_ws/install/imu_interfaces/local/lib/python3.10/dist-packages:/home/ryung/Desktop/strider_ws/install/controller_interfaces/local/lib/python3.10/dist-packages:/home/ryung/Desktop/strider_ws/install/allocator_interfaces/local/lib/python3.10/dist-packages:${PYTHONPATH} /usr/bin/cmake --install /home/ryung/Desktop/strider_ws/build/controller
