[0.008s] Invoking command in '/home/ryung/Desktop/strider_ws/build/imu_worker': AMENT_PREFIX_PATH=/home/ryung/Desktop/strider_ws/install/watchdog_interfaces:/home/ryung/Desktop/strider_ws/install/imu_interfaces:${AMENT_PREFIX_PATH} CMAKE_PREFIX_PATH=/home/ryung/Desktop/strider_ws/install/watchdog_interfaces:/home/ryung/Desktop/strider_ws/install/imu_interfaces:/opt/ros/humble LD_LIBRARY_PATH=/home/ryung/Desktop/strider_ws/install/watchdog_interfaces/lib:/home/ryung/Desktop/strider_ws/install/imu_interfaces/lib:${LD_LIBRARY_PATH} PYTHONPATH=/home/ryung/Desktop/strider_ws/install/watchdog_interfaces/local/lib/python3.10/dist-packages:/home/ryung/Desktop/strider_ws/install/imu_interfaces/local/lib/python3.10/dist-packages:${PYTHONPATH} /usr/bin/cmake /home/ryung/Desktop/strider_ws/src/IMU/imu_worker -DCMAKE_INSTALL_PREFIX=/home/ryung/Desktop/strider_ws/install/imu_worker
[0.041s] -- The C compiler identification is GNU 11.4.0
[0.081s] -- The CXX compiler identification is GNU 11.4.0
[0.085s] -- Detecting C compiler ABI info
[0.127s] -- Detecting C compiler ABI info - done
[0.131s] -- Check for working C compiler: /usr/bin/cc - skipped
[0.132s] -- Detecting C compile features
[0.132s] -- Detecting C compile features - done
[0.134s] -- Detecting CXX compiler ABI info
[0.185s] -- Detecting CXX compiler ABI info - done
[0.190s] -- Check for working CXX compiler: /usr/bin/c++ - skipped
[0.190s] -- Detecting CXX compile features
[0.190s] -- Detecting CXX compile features - done
[0.192s] -- Found ament_cmake: 1.3.11 (/opt/ros/humble/share/ament_cmake/cmake)
[0.351s] -- Found Python3: /usr/bin/python3 (found version "3.10.12") found components: Interpreter 
[0.411s] -- Found rclcpp_components: 16.0.11 (/opt/ros/humble/share/rclcpp_components/cmake)
[0.463s] -- Found rosidl_generator_c: 3.1.6 (/opt/ros/humble/share/rosidl_generator_c/cmake)
[0.466s] -- Found rosidl_adapter: 3.1.6 (/opt/ros/humble/share/rosidl_adapter/cmake)
[0.471s] -- Found rosidl_generator_cpp: 3.1.6 (/opt/ros/humble/share/rosidl_generator_cpp/cmake)
[0.478s] -- Using all available rosidl_typesupport_c: rosidl_typesupport_fastrtps_c;rosidl_typesupport_introspection_c
[0.487s] -- Using all available rosidl_typesupport_cpp: rosidl_typesupport_fastrtps_cpp;rosidl_typesupport_introspection_cpp
[0.557s] -- Found rmw_implementation_cmake: 6.1.2 (/opt/ros/humble/share/rmw_implementation_cmake/cmake)
[0.559s] -- Found rmw_fastrtps_cpp: 6.2.7 (/opt/ros/humble/share/rmw_fastrtps_cpp/cmake)
[0.622s] -- Found OpenSSL: /usr/lib/x86_64-linux-gnu/libcrypto.so (found version "3.0.2")  
[0.647s] -- Found FastRTPS: /opt/ros/humble/include  
[0.667s] -- Using RMW implementation 'rmw_fastrtps_cpp' as default
[0.678s] -- Looking for pthread.h
[0.737s] -- Looking for pthread.h - found
[0.737s] -- Performing Test CMAKE_HAVE_LIBC_PTHREAD
[0.789s] -- Performing Test CMAKE_HAVE_LIBC_PTHREAD - Success
[0.789s] -- Found Threads: TRUE  
[0.843s] -- Found imu_interfaces: 0.0.0 (/home/ryung/Desktop/strider_ws/install/imu_interfaces/share/imu_interfaces/cmake)
[0.853s] -- Found watchdog_interfaces: 0.0.0 (/home/ryung/Desktop/strider_ws/install/watchdog_interfaces/share/watchdog_interfaces/cmake)
[0.941s] -- Configuring done
[0.947s] -- Generating done
[0.950s] -- Build files have been written to: /home/ryung/Desktop/strider_ws/build/imu_worker
[0.959s] Invoked command in '/home/ryung/Desktop/strider_ws/build/imu_worker' returned '0': AMENT_PREFIX_PATH=/home/ryung/Desktop/strider_ws/install/watchdog_interfaces:/home/ryung/Desktop/strider_ws/install/imu_interfaces:${AMENT_PREFIX_PATH} CMAKE_PREFIX_PATH=/home/ryung/Desktop/strider_ws/install/watchdog_interfaces:/home/ryung/Desktop/strider_ws/install/imu_interfaces:/opt/ros/humble LD_LIBRARY_PATH=/home/ryung/Desktop/strider_ws/install/watchdog_interfaces/lib:/home/ryung/Desktop/strider_ws/install/imu_interfaces/lib:${LD_LIBRARY_PATH} PYTHONPATH=/home/ryung/Desktop/strider_ws/install/watchdog_interfaces/local/lib/python3.10/dist-packages:/home/ryung/Desktop/strider_ws/install/imu_interfaces/local/lib/python3.10/dist-packages:${PYTHONPATH} /usr/bin/cmake /home/ryung/Desktop/strider_ws/src/IMU/imu_worker -DCMAKE_INSTALL_PREFIX=/home/ryung/Desktop/strider_ws/install/imu_worker
[0.960s] Invoking command in '/home/ryung/Desktop/strider_ws/build/imu_worker': AMENT_PREFIX_PATH=/home/ryung/Desktop/strider_ws/install/watchdog_interfaces:/home/ryung/Desktop/strider_ws/install/imu_interfaces:${AMENT_PREFIX_PATH} CMAKE_PREFIX_PATH=/home/ryung/Desktop/strider_ws/install/watchdog_interfaces:/home/ryung/Desktop/strider_ws/install/imu_interfaces:/opt/ros/humble LD_LIBRARY_PATH=/home/ryung/Desktop/strider_ws/install/watchdog_interfaces/lib:/home/ryung/Desktop/strider_ws/install/imu_interfaces/lib:${LD_LIBRARY_PATH} PYTHONPATH=/home/ryung/Desktop/strider_ws/install/watchdog_interfaces/local/lib/python3.10/dist-packages:/home/ryung/Desktop/strider_ws/install/imu_interfaces/local/lib/python3.10/dist-packages:${PYTHONPATH} /usr/bin/cmake --build /home/ryung/Desktop/strider_ws/build/imu_worker -- -j16 -l16
[0.992s] [ 50%] [32mBuilding CXX object CMakeFiles/imu_worker.dir/src/imu_worker.cpp.o[0m
[4.044s] [100%] [32m[1mLinking CXX executable imu_worker[0m
[4.249s] [100%] Built target imu_worker
[4.256s] Invoked command in '/home/ryung/Desktop/strider_ws/build/imu_worker' returned '0': AMENT_PREFIX_PATH=/home/ryung/Desktop/strider_ws/install/watchdog_interfaces:/home/ryung/Desktop/strider_ws/install/imu_interfaces:${AMENT_PREFIX_PATH} CMAKE_PREFIX_PATH=/home/ryung/Desktop/strider_ws/install/watchdog_interfaces:/home/ryung/Desktop/strider_ws/install/imu_interfaces:/opt/ros/humble LD_LIBRARY_PATH=/home/ryung/Desktop/strider_ws/install/watchdog_interfaces/lib:/home/ryung/Desktop/strider_ws/install/imu_interfaces/lib:${LD_LIBRARY_PATH} PYTHONPATH=/home/ryung/Desktop/strider_ws/install/watchdog_interfaces/local/lib/python3.10/dist-packages:/home/ryung/Desktop/strider_ws/install/imu_interfaces/local/lib/python3.10/dist-packages:${PYTHONPATH} /usr/bin/cmake --build /home/ryung/Desktop/strider_ws/build/imu_worker -- -j16 -l16
[4.258s] Invoking command in '/home/ryung/Desktop/strider_ws/build/imu_worker': AMENT_PREFIX_PATH=/home/ryung/Desktop/strider_ws/install/watchdog_interfaces:/home/ryung/Desktop/strider_ws/install/imu_interfaces:${AMENT_PREFIX_PATH} CMAKE_PREFIX_PATH=/home/ryung/Desktop/strider_ws/install/watchdog_interfaces:/home/ryung/Desktop/strider_ws/install/imu_interfaces:/opt/ros/humble LD_LIBRARY_PATH=/home/ryung/Desktop/strider_ws/install/watchdog_interfaces/lib:/home/ryung/Desktop/strider_ws/install/imu_interfaces/lib:${LD_LIBRARY_PATH} PYTHONPATH=/home/ryung/Desktop/strider_ws/install/watchdog_interfaces/local/lib/python3.10/dist-packages:/home/ryung/Desktop/strider_ws/install/imu_interfaces/local/lib/python3.10/dist-packages:${PYTHONPATH} /usr/bin/cmake --install /home/ryung/Desktop/strider_ws/build/imu_worker
[4.263s] -- Install configuration: ""
[4.263s] -- Installing: /home/ryung/Desktop/strider_ws/install/imu_worker/lib/imu_worker/imu_worker
[4.263s] -- Set runtime path of "/home/ryung/Desktop/strider_ws/install/imu_worker/lib/imu_worker/imu_worker" to ""
[4.263s] -- Installing: /home/ryung/Desktop/strider_ws/install/imu_worker/include/
[4.264s] -- Installing: /home/ryung/Desktop/strider_ws/install/imu_worker/include//imu_worker.hpp
[4.264s] -- Installing: /home/ryung/Desktop/strider_ws/install/imu_worker/share/ament_index/resource_index/package_run_dependencies/imu_worker
[4.264s] -- Installing: /home/ryung/Desktop/strider_ws/install/imu_worker/share/ament_index/resource_index/parent_prefix_path/imu_worker
[4.264s] -- Installing: /home/ryung/Desktop/strider_ws/install/imu_worker/share/imu_worker/environment/ament_prefix_path.sh
[4.264s] -- Installing: /home/ryung/Desktop/strider_ws/install/imu_worker/share/imu_worker/environment/ament_prefix_path.dsv
[4.264s] -- Installing: /home/ryung/Desktop/strider_ws/install/imu_worker/share/imu_worker/environment/path.sh
[4.264s] -- Installing: /home/ryung/Desktop/strider_ws/install/imu_worker/share/imu_worker/environment/path.dsv
[4.264s] -- Installing: /home/ryung/Desktop/strider_ws/install/imu_worker/share/imu_worker/local_setup.bash
[4.264s] -- Installing: /home/ryung/Desktop/strider_ws/install/imu_worker/share/imu_worker/local_setup.sh
[4.264s] -- Installing: /home/ryung/Desktop/strider_ws/install/imu_worker/share/imu_worker/local_setup.zsh
[4.264s] -- Installing: /home/ryung/Desktop/strider_ws/install/imu_worker/share/imu_worker/local_setup.dsv
[4.264s] -- Installing: /home/ryung/Desktop/strider_ws/install/imu_worker/share/imu_worker/package.dsv
[4.265s] -- Installing: /home/ryung/Desktop/strider_ws/install/imu_worker/share/ament_index/resource_index/packages/imu_worker
[4.265s] -- Installing: /home/ryung/Desktop/strider_ws/install/imu_worker/share/imu_worker/cmake/imu_workerConfig.cmake
[4.265s] -- Installing: /home/ryung/Desktop/strider_ws/install/imu_worker/share/imu_worker/cmake/imu_workerConfig-version.cmake
[4.265s] -- Installing: /home/ryung/Desktop/strider_ws/install/imu_worker/share/imu_worker/package.xml
[4.266s] Invoked command in '/home/ryung/Desktop/strider_ws/build/imu_worker' returned '0': AMENT_PREFIX_PATH=/home/ryung/Desktop/strider_ws/install/watchdog_interfaces:/home/ryung/Desktop/strider_ws/install/imu_interfaces:${AMENT_PREFIX_PATH} CMAKE_PREFIX_PATH=/home/ryung/Desktop/strider_ws/install/watchdog_interfaces:/home/ryung/Desktop/strider_ws/install/imu_interfaces:/opt/ros/humble LD_LIBRARY_PATH=/home/ryung/Desktop/strider_ws/install/watchdog_interfaces/lib:/home/ryung/Desktop/strider_ws/install/imu_interfaces/lib:${LD_LIBRARY_PATH} PYTHONPATH=/home/ryung/Desktop/strider_ws/install/watchdog_interfaces/local/lib/python3.10/dist-packages:/home/ryung/Desktop/strider_ws/install/imu_interfaces/local/lib/python3.10/dist-packages:${PYTHONPATH} /usr/bin/cmake --install /home/ryung/Desktop/strider_ws/build/imu_worker
