[0.013s] Invoking command in '/home/ryung/Desktop/strider_ws/build/imu_interfaces': CMAKE_PREFIX_PATH=/opt/ros/humble /usr/bin/cmake /home/ryung/Desktop/strider_ws/src/IMU/imu_interfaces -DCMAKE_INSTALL_PREFIX=/home/ryung/Desktop/strider_ws/install/imu_interfaces
[0.167s] -- The C compiler identification is GNU 11.4.0
[0.267s] -- The CXX compiler identification is GNU 11.4.0
[0.273s] -- Detecting C compiler ABI info
[0.318s] -- Detecting C compiler ABI info - done
[0.324s] -- Check for working C compiler: /usr/bin/cc - skipped
[0.324s] -- Detecting C compile features
[0.324s] -- Detecting C compile features - done
[0.326s] -- Detecting CXX compiler ABI info
[0.371s] -- Detecting CXX compiler ABI info - done
[0.376s] -- Check for working CXX compiler: /usr/bin/c++ - skipped
[0.376s] -- Detecting CXX compile features
[0.376s] -- Detecting CXX compile features - done
[0.379s] -- Found ament_cmake: 1.3.11 (/opt/ros/humble/share/ament_cmake/cmake)
[0.508s] -- Found Python3: /usr/bin/python3 (found version "3.10.12") found components: Interpreter 
[0.592s] -- Found rosidl_default_generators: 1.2.0 (/opt/ros/humble/share/rosidl_default_generators/cmake)
[0.595s] -- Using all available rosidl_typesupport_c: rosidl_typesupport_fastrtps_c;rosidl_typesupport_introspection_c
[0.600s] -- Found rosidl_adapter: 3.1.6 (/opt/ros/humble/share/rosidl_adapter/cmake)
[0.652s] -- Using all available rosidl_typesupport_cpp: rosidl_typesupport_fastrtps_cpp;rosidl_typesupport_introspection_cpp
[0.823s] -- Found Python3: /usr/bin/python3 (found version "3.10.12") found components: Interpreter Development Development.Module Development.Embed 
[0.873s] -- Found Python3: /usr/bin/python3 (found version "3.10.12") found components: Interpreter 
[1.011s] -- Found ament_cmake_ros: 0.10.0 (/opt/ros/humble/share/ament_cmake_ros/cmake)
[1.176s] -- Using all available rosidl_typesupport_c: rosidl_typesupport_fastrtps_c;rosidl_typesupport_introspection_c
[1.400s] -- Using all available rosidl_typesupport_cpp: rosidl_typesupport_fastrtps_cpp;rosidl_typesupport_introspection_cpp
[1.419s] -- Found PythonInterp: /usr/bin/python3 (found suitable version "3.10.12", minimum required is "3.6") 
[1.420s] -- Found python_cmake_module: 0.10.0 (/opt/ros/humble/share/python_cmake_module/cmake)
[1.441s] -- Found PythonLibs: /usr/lib/x86_64-linux-gnu/libpython3.10.so (found suitable version "3.10.12", minimum required is "3.5") 
[1.441s] -- Using PYTHON_EXECUTABLE: /usr/bin/python3
[1.442s] -- Using PYTHON_INCLUDE_DIRS: /usr/include/python3.10
[1.442s] -- Using PYTHON_LIBRARIES: /usr/lib/x86_64-linux-gnu/libpython3.10.so
[1.460s] -- Found PythonExtra: .so  
[1.493s] -- Configuring done
[1.506s] -- Generating done
[1.513s] -- Build files have been written to: /home/ryung/Desktop/strider_ws/build/imu_interfaces
[1.519s] Invoked command in '/home/ryung/Desktop/strider_ws/build/imu_interfaces' returned '0': CMAKE_PREFIX_PATH=/opt/ros/humble /usr/bin/cmake /home/ryung/Desktop/strider_ws/src/IMU/imu_interfaces -DCMAKE_INSTALL_PREFIX=/home/ryung/Desktop/strider_ws/install/imu_interfaces
[1.521s] Invoking command in '/home/ryung/Desktop/strider_ws/build/imu_interfaces': CMAKE_PREFIX_PATH=/opt/ros/humble /usr/bin/cmake --build /home/ryung/Desktop/strider_ws/build/imu_interfaces -- -j16 -l16
[1.558s] [  3%] [34m[1mGenerating C code for ROS interfaces[0m
[1.570s] [  6%] [34m[1mGenerating C++ code for ROS interfaces[0m
[1.577s] [  6%] Built target ament_cmake_python_copy_imu_interfaces
[1.856s] running egg_info
[1.856s] creating imu_interfaces.egg-info
[1.856s] writing imu_interfaces.egg-info/PKG-INFO
[1.857s] writing dependency_links to imu_interfaces.egg-info/dependency_links.txt
[1.857s] writing top-level names to imu_interfaces.egg-info/top_level.txt
[1.857s] writing manifest file 'imu_interfaces.egg-info/SOURCES.txt'
[1.857s] reading manifest file 'imu_interfaces.egg-info/SOURCES.txt'
[1.857s] writing manifest file 'imu_interfaces.egg-info/SOURCES.txt'
[1.884s] [  6%] Built target imu_interfaces__cpp
[1.903s] [  6%] Built target ament_cmake_python_build_imu_interfaces_egg
[1.903s] [  9%] [34m[1mGenerating C++ type support dispatch for ROS interfaces[0m
[1.905s] [ 12%] [34m[1mGenerating C++ type support for eProsima Fast-RTPS[0m
[1.907s] [ 16%] [34m[1mGenerating C++ introspection for ROS interfaces[0m
[1.941s] [ 19%] [32mBuilding C object CMakeFiles/imu_interfaces__rosidl_generator_c.dir/rosidl_generator_c/imu_interfaces/msg/detail/imu_measured__functions.c.o[0m
[2.077s] [ 22%] [32m[1mLinking C shared library libimu_interfaces__rosidl_generator_c.so[0m
[2.127s] [ 22%] Built target imu_interfaces__rosidl_generator_c
[2.140s] [ 25%] [34m[1mGenerating C type support for eProsima Fast-RTPS[0m
[2.152s] [ 29%] [34m[1mGenerating C introspection for ROS interfaces[0m
[2.160s] [ 32%] [34m[1mGenerating C type support dispatch for ROS interfaces[0m
[2.242s] [ 35%] [32mBuilding CXX object CMakeFiles/imu_interfaces__rosidl_typesupport_introspection_cpp.dir/rosidl_typesupport_introspection_cpp/imu_interfaces/msg/detail/imu_measured__type_support.cpp.o[0m
[2.270s] [ 38%] [32mBuilding CXX object CMakeFiles/imu_interfaces__rosidl_typesupport_cpp.dir/rosidl_typesupport_cpp/imu_interfaces/msg/imu_measured__type_support.cpp.o[0m
[2.316s] [ 41%] [32mBuilding CXX object CMakeFiles/imu_interfaces__rosidl_typesupport_fastrtps_cpp.dir/rosidl_typesupport_fastrtps_cpp/imu_interfaces/msg/detail/dds_fastrtps/imu_measured__type_support.cpp.o[0m
[2.614s] [ 45%] [32mBuilding CXX object CMakeFiles/imu_interfaces__rosidl_typesupport_fastrtps_c.dir/rosidl_typesupport_fastrtps_c/imu_interfaces/msg/detail/imu_measured__type_support_c.cpp.o[0m
[2.821s] [ 48%] [32mBuilding CXX object CMakeFiles/imu_interfaces__rosidl_typesupport_c.dir/rosidl_typesupport_c/imu_interfaces/msg/imu_measured__type_support.cpp.o[0m
[2.846s] [ 51%] [32mBuilding C object CMakeFiles/imu_interfaces__rosidl_typesupport_introspection_c.dir/rosidl_typesupport_introspection_c/imu_interfaces/msg/detail/imu_measured__type_support.c.o[0m
[2.865s] [ 54%] [32m[1mLinking CXX shared library libimu_interfaces__rosidl_typesupport_cpp.so[0m
[2.866s] [ 58%] [32m[1mLinking CXX shared library libimu_interfaces__rosidl_typesupport_c.so[0m
[2.940s] [ 61%] [32m[1mLinking C shared library libimu_interfaces__rosidl_typesupport_introspection_c.so[0m
[2.960s] [ 61%] Built target imu_interfaces__rosidl_typesupport_cpp
[2.992s] [ 61%] Built target imu_interfaces__rosidl_typesupport_c
[3.012s] [ 61%] Built target imu_interfaces__rosidl_typesupport_introspection_c
[3.453s] [ 64%] [32m[1mLinking CXX shared library libimu_interfaces__rosidl_typesupport_introspection_cpp.so[0m
[3.508s] [ 67%] [32m[1mLinking CXX shared library libimu_interfaces__rosidl_typesupport_fastrtps_cpp.so[0m
[3.620s] [ 70%] [32m[1mLinking CXX shared library libimu_interfaces__rosidl_typesupport_fastrtps_c.so[0m
[3.626s] [ 70%] Built target imu_interfaces__rosidl_typesupport_introspection_cpp
[3.685s] [ 70%] Built target imu_interfaces__rosidl_typesupport_fastrtps_cpp
[3.754s] [ 70%] Built target imu_interfaces__rosidl_typesupport_fastrtps_c
[3.785s] [ 70%] Built target imu_interfaces
[3.806s] [ 74%] [34m[1mGenerating Python code for ROS interfaces[0m
[4.194s] [ 74%] Built target imu_interfaces__py
[4.209s] [ 77%] [32mBuilding C object CMakeFiles/imu_interfaces__rosidl_generator_py.dir/rosidl_generator_py/imu_interfaces/msg/_imu_measured_s.c.o[0m
[4.276s] [ 80%] [32m[1mLinking C shared library rosidl_generator_py/imu_interfaces/libimu_interfaces__rosidl_generator_py.so[0m
[4.311s] [ 80%] Built target imu_interfaces__rosidl_generator_py
[4.326s] [ 87%] [32mBuilding C object CMakeFiles/imu_interfaces__rosidl_typesupport_c__pyext.dir/rosidl_generator_py/imu_interfaces/_imu_interfaces_s.ep.rosidl_typesupport_c.c.o[0m
[4.326s] [ 90%] [32mBuilding C object CMakeFiles/imu_interfaces__rosidl_typesupport_fastrtps_c__pyext.dir/rosidl_generator_py/imu_interfaces/_imu_interfaces_s.ep.rosidl_typesupport_fastrtps_c.c.o[0m
[4.326s] [ 90%] [32mBuilding C object CMakeFiles/imu_interfaces__rosidl_typesupport_introspection_c__pyext.dir/rosidl_generator_py/imu_interfaces/_imu_interfaces_s.ep.rosidl_typesupport_introspection_c.c.o[0m
[4.406s] [ 93%] [32m[1mLinking C shared library rosidl_generator_py/imu_interfaces/imu_interfaces_s__rosidl_typesupport_introspection_c.cpython-310-x86_64-linux-gnu.so[0m
[4.407s] [ 96%] [32m[1mLinking C shared library rosidl_generator_py/imu_interfaces/imu_interfaces_s__rosidl_typesupport_c.cpython-310-x86_64-linux-gnu.so[0m
[4.418s] [100%] [32m[1mLinking C shared library rosidl_generator_py/imu_interfaces/imu_interfaces_s__rosidl_typesupport_fastrtps_c.cpython-310-x86_64-linux-gnu.so[0m
[4.428s] [100%] Built target imu_interfaces__rosidl_typesupport_c__pyext
[4.439s] [100%] Built target imu_interfaces__rosidl_typesupport_introspection_c__pyext
[4.443s] [100%] Built target imu_interfaces__rosidl_typesupport_fastrtps_c__pyext
[4.452s] Invoked command in '/home/ryung/Desktop/strider_ws/build/imu_interfaces' returned '0': CMAKE_PREFIX_PATH=/opt/ros/humble /usr/bin/cmake --build /home/ryung/Desktop/strider_ws/build/imu_interfaces -- -j16 -l16
[4.454s] Invoking command in '/home/ryung/Desktop/strider_ws/build/imu_interfaces': CMAKE_PREFIX_PATH=/opt/ros/humble /usr/bin/cmake --install /home/ryung/Desktop/strider_ws/build/imu_interfaces
[4.462s] -- Install configuration: ""
[4.462s] -- Installing: /home/ryung/Desktop/strider_ws/install/imu_interfaces/share/ament_index/resource_index/rosidl_interfaces/imu_interfaces
[4.462s] -- Installing: /home/ryung/Desktop/strider_ws/install/imu_interfaces/include/imu_interfaces/imu_interfaces
[4.463s] -- Installing: /home/ryung/Desktop/strider_ws/install/imu_interfaces/include/imu_interfaces/imu_interfaces/msg
[4.463s] -- Installing: /home/ryung/Desktop/strider_ws/install/imu_interfaces/include/imu_interfaces/imu_interfaces/msg/imu_measured.h
[4.463s] -- Installing: /home/ryung/Desktop/strider_ws/install/imu_interfaces/include/imu_interfaces/imu_interfaces/msg/detail
[4.463s] -- Installing: /home/ryung/Desktop/strider_ws/install/imu_interfaces/include/imu_interfaces/imu_interfaces/msg/detail/imu_measured__functions.c
[4.463s] -- Installing: /home/ryung/Desktop/strider_ws/install/imu_interfaces/include/imu_interfaces/imu_interfaces/msg/detail/imu_measured__functions.h
[4.463s] -- Installing: /home/ryung/Desktop/strider_ws/install/imu_interfaces/include/imu_interfaces/imu_interfaces/msg/detail/imu_measured__type_support.h
[4.463s] -- Installing: /home/ryung/Desktop/strider_ws/install/imu_interfaces/include/imu_interfaces/imu_interfaces/msg/detail/imu_measured__struct.h
[4.463s] -- Installing: /home/ryung/Desktop/strider_ws/install/imu_interfaces/include/imu_interfaces/imu_interfaces/msg/rosidl_generator_c__visibility_control.h
[4.463s] -- Installing: /home/ryung/Desktop/strider_ws/install/imu_interfaces/share/imu_interfaces/environment/library_path.sh
[4.465s] -- Installing: /home/ryung/Desktop/strider_ws/install/imu_interfaces/share/imu_interfaces/environment/library_path.dsv
[4.466s] -- Installing: /home/ryung/Desktop/strider_ws/install/imu_interfaces/lib/libimu_interfaces__rosidl_generator_c.so
[4.466s] -- Set runtime path of "/home/ryung/Desktop/strider_ws/install/imu_interfaces/lib/libimu_interfaces__rosidl_generator_c.so" to ""
[4.466s] -- Up-to-date: /home/ryung/Desktop/strider_ws/install/imu_interfaces/include/imu_interfaces/imu_interfaces
[4.466s] -- Up-to-date: /home/ryung/Desktop/strider_ws/install/imu_interfaces/include/imu_interfaces/imu_interfaces/msg
[4.466s] -- Installing: /home/ryung/Desktop/strider_ws/install/imu_interfaces/include/imu_interfaces/imu_interfaces/msg/rosidl_typesupport_fastrtps_c__visibility_control.h
[4.466s] -- Up-to-date: /home/ryung/Desktop/strider_ws/install/imu_interfaces/include/imu_interfaces/imu_interfaces/msg/detail
[4.466s] -- Installing: /home/ryung/Desktop/strider_ws/install/imu_interfaces/include/imu_interfaces/imu_interfaces/msg/detail/imu_measured__rosidl_typesupport_fastrtps_c.h
[4.466s] -- Installing: /home/ryung/Desktop/strider_ws/install/imu_interfaces/lib/libimu_interfaces__rosidl_typesupport_fastrtps_c.so
[4.466s] -- Set runtime path of "/home/ryung/Desktop/strider_ws/install/imu_interfaces/lib/libimu_interfaces__rosidl_typesupport_fastrtps_c.so" to ""
[4.466s] -- Up-to-date: /home/ryung/Desktop/strider_ws/install/imu_interfaces/include/imu_interfaces/imu_interfaces
[4.467s] -- Up-to-date: /home/ryung/Desktop/strider_ws/install/imu_interfaces/include/imu_interfaces/imu_interfaces/msg
[4.467s] -- Installing: /home/ryung/Desktop/strider_ws/install/imu_interfaces/include/imu_interfaces/imu_interfaces/msg/rosidl_typesupport_introspection_c__visibility_control.h
[4.467s] -- Up-to-date: /home/ryung/Desktop/strider_ws/install/imu_interfaces/include/imu_interfaces/imu_interfaces/msg/detail
[4.467s] -- Installing: /home/ryung/Desktop/strider_ws/install/imu_interfaces/include/imu_interfaces/imu_interfaces/msg/detail/imu_measured__rosidl_typesupport_introspection_c.h
[4.467s] -- Installing: /home/ryung/Desktop/strider_ws/install/imu_interfaces/include/imu_interfaces/imu_interfaces/msg/detail/imu_measured__type_support.c
[4.467s] -- Installing: /home/ryung/Desktop/strider_ws/install/imu_interfaces/lib/libimu_interfaces__rosidl_typesupport_introspection_c.so
[4.467s] -- Set runtime path of "/home/ryung/Desktop/strider_ws/install/imu_interfaces/lib/libimu_interfaces__rosidl_typesupport_introspection_c.so" to ""
[4.467s] -- Installing: /home/ryung/Desktop/strider_ws/install/imu_interfaces/lib/libimu_interfaces__rosidl_typesupport_c.so
[4.467s] -- Set runtime path of "/home/ryung/Desktop/strider_ws/install/imu_interfaces/lib/libimu_interfaces__rosidl_typesupport_c.so" to ""
[4.471s] -- Up-to-date: /home/ryung/Desktop/strider_ws/install/imu_interfaces/include/imu_interfaces/imu_interfaces
[4.471s] -- Up-to-date: /home/ryung/Desktop/strider_ws/install/imu_interfaces/include/imu_interfaces/imu_interfaces/msg
[4.471s] -- Installing: /home/ryung/Desktop/strider_ws/install/imu_interfaces/include/imu_interfaces/imu_interfaces/msg/imu_measured.hpp
[4.471s] -- Installing: /home/ryung/Desktop/strider_ws/install/imu_interfaces/include/imu_interfaces/imu_interfaces/msg/rosidl_generator_cpp__visibility_control.hpp
[4.471s] -- Up-to-date: /home/ryung/Desktop/strider_ws/install/imu_interfaces/include/imu_interfaces/imu_interfaces/msg/detail
[4.471s] -- Installing: /home/ryung/Desktop/strider_ws/install/imu_interfaces/include/imu_interfaces/imu_interfaces/msg/detail/imu_measured__traits.hpp
[4.472s] -- Installing: /home/ryung/Desktop/strider_ws/install/imu_interfaces/include/imu_interfaces/imu_interfaces/msg/detail/imu_measured__struct.hpp
[4.472s] -- Installing: /home/ryung/Desktop/strider_ws/install/imu_interfaces/include/imu_interfaces/imu_interfaces/msg/detail/imu_measured__builder.hpp
[4.472s] -- Installing: /home/ryung/Desktop/strider_ws/install/imu_interfaces/include/imu_interfaces/imu_interfaces/msg/detail/imu_measured__type_support.hpp
[4.472s] -- Up-to-date: /home/ryung/Desktop/strider_ws/install/imu_interfaces/include/imu_interfaces/imu_interfaces
[4.472s] -- Up-to-date: /home/ryung/Desktop/strider_ws/install/imu_interfaces/include/imu_interfaces/imu_interfaces/msg
[4.472s] -- Installing: /home/ryung/Desktop/strider_ws/install/imu_interfaces/include/imu_interfaces/imu_interfaces/msg/rosidl_typesupport_fastrtps_cpp__visibility_control.h
[4.472s] -- Up-to-date: /home/ryung/Desktop/strider_ws/install/imu_interfaces/include/imu_interfaces/imu_interfaces/msg/detail
[4.473s] -- Installing: /home/ryung/Desktop/strider_ws/install/imu_interfaces/include/imu_interfaces/imu_interfaces/msg/detail/imu_measured__rosidl_typesupport_fastrtps_cpp.hpp
[4.474s] -- Installing: /home/ryung/Desktop/strider_ws/install/imu_interfaces/include/imu_interfaces/imu_interfaces/msg/detail/dds_fastrtps
[4.474s] -- Installing: /home/ryung/Desktop/strider_ws/install/imu_interfaces/lib/libimu_interfaces__rosidl_typesupport_fastrtps_cpp.so
[4.474s] -- Set runtime path of "/home/ryung/Desktop/strider_ws/install/imu_interfaces/lib/libimu_interfaces__rosidl_typesupport_fastrtps_cpp.so" to ""
[4.474s] -- Up-to-date: /home/ryung/Desktop/strider_ws/install/imu_interfaces/include/imu_interfaces/imu_interfaces
[4.474s] -- Up-to-date: /home/ryung/Desktop/strider_ws/install/imu_interfaces/include/imu_interfaces/imu_interfaces/msg
[4.474s] -- Up-to-date: /home/ryung/Desktop/strider_ws/install/imu_interfaces/include/imu_interfaces/imu_interfaces/msg/detail
[4.475s] -- Installing: /home/ryung/Desktop/strider_ws/install/imu_interfaces/include/imu_interfaces/imu_interfaces/msg/detail/imu_measured__rosidl_typesupport_introspection_cpp.hpp
[4.475s] -- Installing: /home/ryung/Desktop/strider_ws/install/imu_interfaces/include/imu_interfaces/imu_interfaces/msg/detail/imu_measured__type_support.cpp
[4.475s] -- Installing: /home/ryung/Desktop/strider_ws/install/imu_interfaces/lib/libimu_interfaces__rosidl_typesupport_introspection_cpp.so
[4.483s] -- Set runtime path of "/home/ryung/Desktop/strider_ws/install/imu_interfaces/lib/libimu_interfaces__rosidl_typesupport_introspection_cpp.so" to ""
[4.483s] -- Installing: /home/ryung/Desktop/strider_ws/install/imu_interfaces/lib/libimu_interfaces__rosidl_typesupport_cpp.so
[4.483s] -- Set runtime path of "/home/ryung/Desktop/strider_ws/install/imu_interfaces/lib/libimu_interfaces__rosidl_typesupport_cpp.so" to ""
[4.484s] -- Installing: /home/ryung/Desktop/strider_ws/install/imu_interfaces/share/imu_interfaces/environment/pythonpath.sh
[4.484s] -- Installing: /home/ryung/Desktop/strider_ws/install/imu_interfaces/share/imu_interfaces/environment/pythonpath.dsv
[4.484s] -- Installing: /home/ryung/Desktop/strider_ws/install/imu_interfaces/local/lib/python3.10/dist-packages/imu_interfaces-0.0.0-py3.10.egg-info
[4.485s] -- Installing: /home/ryung/Desktop/strider_ws/install/imu_interfaces/local/lib/python3.10/dist-packages/imu_interfaces-0.0.0-py3.10.egg-info/SOURCES.txt
[4.485s] -- Installing: /home/ryung/Desktop/strider_ws/install/imu_interfaces/local/lib/python3.10/dist-packages/imu_interfaces-0.0.0-py3.10.egg-info/top_level.txt
[4.485s] -- Installing: /home/ryung/Desktop/strider_ws/install/imu_interfaces/local/lib/python3.10/dist-packages/imu_interfaces-0.0.0-py3.10.egg-info/PKG-INFO
[4.485s] -- Installing: /home/ryung/Desktop/strider_ws/install/imu_interfaces/local/lib/python3.10/dist-packages/imu_interfaces-0.0.0-py3.10.egg-info/dependency_links.txt
[4.486s] -- Installing: /home/ryung/Desktop/strider_ws/install/imu_interfaces/local/lib/python3.10/dist-packages/imu_interfaces
[4.486s] -- Installing: /home/ryung/Desktop/strider_ws/install/imu_interfaces/local/lib/python3.10/dist-packages/imu_interfaces/imu_interfaces_s__rosidl_typesupport_introspection_c.cpython-310-x86_64-linux-gnu.so
[4.486s] -- Installing: /home/ryung/Desktop/strider_ws/install/imu_interfaces/local/lib/python3.10/dist-packages/imu_interfaces/_imu_interfaces_s.ep.rosidl_typesupport_introspection_c.c
[4.486s] -- Installing: /home/ryung/Desktop/strider_ws/install/imu_interfaces/local/lib/python3.10/dist-packages/imu_interfaces/msg
[4.486s] -- Installing: /home/ryung/Desktop/strider_ws/install/imu_interfaces/local/lib/python3.10/dist-packages/imu_interfaces/msg/_imu_measured.py
[4.486s] -- Installing: /home/ryung/Desktop/strider_ws/install/imu_interfaces/local/lib/python3.10/dist-packages/imu_interfaces/msg/_imu_measured_s.c
[4.486s] -- Installing: /home/ryung/Desktop/strider_ws/install/imu_interfaces/local/lib/python3.10/dist-packages/imu_interfaces/msg/__init__.py
[4.486s] -- Installing: /home/ryung/Desktop/strider_ws/install/imu_interfaces/local/lib/python3.10/dist-packages/imu_interfaces/_imu_interfaces_s.ep.rosidl_typesupport_fastrtps_c.c
[4.486s] -- Installing: /home/ryung/Desktop/strider_ws/install/imu_interfaces/local/lib/python3.10/dist-packages/imu_interfaces/imu_interfaces_s__rosidl_typesupport_c.cpython-310-x86_64-linux-gnu.so
[4.487s] -- Installing: /home/ryung/Desktop/strider_ws/install/imu_interfaces/local/lib/python3.10/dist-packages/imu_interfaces/__init__.py
[4.487s] -- Installing: /home/ryung/Desktop/strider_ws/install/imu_interfaces/local/lib/python3.10/dist-packages/imu_interfaces/imu_interfaces_s__rosidl_typesupport_fastrtps_c.cpython-310-x86_64-linux-gnu.so
[4.487s] -- Installing: /home/ryung/Desktop/strider_ws/install/imu_interfaces/local/lib/python3.10/dist-packages/imu_interfaces/_imu_interfaces_s.ep.rosidl_typesupport_c.c
[4.487s] -- Installing: /home/ryung/Desktop/strider_ws/install/imu_interfaces/local/lib/python3.10/dist-packages/imu_interfaces/libimu_interfaces__rosidl_generator_py.so
[4.495s] Listing '/home/ryung/Desktop/strider_ws/install/imu_interfaces/local/lib/python3.10/dist-packages/imu_interfaces'...
[4.495s] Compiling '/home/ryung/Desktop/strider_ws/install/imu_interfaces/local/lib/python3.10/dist-packages/imu_interfaces/__init__.py'...
[4.495s] Listing '/home/ryung/Desktop/strider_ws/install/imu_interfaces/local/lib/python3.10/dist-packages/imu_interfaces/msg'...
[4.495s] Compiling '/home/ryung/Desktop/strider_ws/install/imu_interfaces/local/lib/python3.10/dist-packages/imu_interfaces/msg/__init__.py'...
[4.495s] Compiling '/home/ryung/Desktop/strider_ws/install/imu_interfaces/local/lib/python3.10/dist-packages/imu_interfaces/msg/_imu_measured.py'...
[4.499s] -- Installing: /home/ryung/Desktop/strider_ws/install/imu_interfaces/local/lib/python3.10/dist-packages/imu_interfaces/imu_interfaces_s__rosidl_typesupport_fastrtps_c.cpython-310-x86_64-linux-gnu.so
[4.499s] -- Set runtime path of "/home/ryung/Desktop/strider_ws/install/imu_interfaces/local/lib/python3.10/dist-packages/imu_interfaces/imu_interfaces_s__rosidl_typesupport_fastrtps_c.cpython-310-x86_64-linux-gnu.so" to ""
[4.500s] -- Installing: /home/ryung/Desktop/strider_ws/install/imu_interfaces/local/lib/python3.10/dist-packages/imu_interfaces/imu_interfaces_s__rosidl_typesupport_introspection_c.cpython-310-x86_64-linux-gnu.so
[4.500s] -- Set runtime path of "/home/ryung/Desktop/strider_ws/install/imu_interfaces/local/lib/python3.10/dist-packages/imu_interfaces/imu_interfaces_s__rosidl_typesupport_introspection_c.cpython-310-x86_64-linux-gnu.so" to ""
[4.500s] -- Installing: /home/ryung/Desktop/strider_ws/install/imu_interfaces/local/lib/python3.10/dist-packages/imu_interfaces/imu_interfaces_s__rosidl_typesupport_c.cpython-310-x86_64-linux-gnu.so
[4.501s] -- Set runtime path of "/home/ryung/Desktop/strider_ws/install/imu_interfaces/local/lib/python3.10/dist-packages/imu_interfaces/imu_interfaces_s__rosidl_typesupport_c.cpython-310-x86_64-linux-gnu.so" to ""
[4.501s] -- Installing: /home/ryung/Desktop/strider_ws/install/imu_interfaces/lib/libimu_interfaces__rosidl_generator_py.so
[4.501s] -- Set runtime path of "/home/ryung/Desktop/strider_ws/install/imu_interfaces/lib/libimu_interfaces__rosidl_generator_py.so" to ""
[4.501s] -- Installing: /home/ryung/Desktop/strider_ws/install/imu_interfaces/share/imu_interfaces/msg/ImuMeasured.idl
[4.501s] -- Installing: /home/ryung/Desktop/strider_ws/install/imu_interfaces/share/imu_interfaces/msg/ImuMeasured.msg
[4.501s] -- Installing: /home/ryung/Desktop/strider_ws/install/imu_interfaces/share/ament_index/resource_index/package_run_dependencies/imu_interfaces
[4.501s] -- Installing: /home/ryung/Desktop/strider_ws/install/imu_interfaces/share/ament_index/resource_index/parent_prefix_path/imu_interfaces
[4.501s] -- Installing: /home/ryung/Desktop/strider_ws/install/imu_interfaces/share/imu_interfaces/environment/ament_prefix_path.sh
[4.501s] -- Installing: /home/ryung/Desktop/strider_ws/install/imu_interfaces/share/imu_interfaces/environment/ament_prefix_path.dsv
[4.501s] -- Installing: /home/ryung/Desktop/strider_ws/install/imu_interfaces/share/imu_interfaces/environment/path.sh
[4.501s] -- Installing: /home/ryung/Desktop/strider_ws/install/imu_interfaces/share/imu_interfaces/environment/path.dsv
[4.501s] -- Installing: /home/ryung/Desktop/strider_ws/install/imu_interfaces/share/imu_interfaces/local_setup.bash
[4.501s] -- Installing: /home/ryung/Desktop/strider_ws/install/imu_interfaces/share/imu_interfaces/local_setup.sh
[4.501s] -- Installing: /home/ryung/Desktop/strider_ws/install/imu_interfaces/share/imu_interfaces/local_setup.zsh
[4.501s] -- Installing: /home/ryung/Desktop/strider_ws/install/imu_interfaces/share/imu_interfaces/local_setup.dsv
[4.502s] -- Installing: /home/ryung/Desktop/strider_ws/install/imu_interfaces/share/imu_interfaces/package.dsv
[4.502s] -- Installing: /home/ryung/Desktop/strider_ws/install/imu_interfaces/share/ament_index/resource_index/packages/imu_interfaces
[4.502s] -- Installing: /home/ryung/Desktop/strider_ws/install/imu_interfaces/share/imu_interfaces/cmake/export_imu_interfaces__rosidl_generator_cExport.cmake
[4.502s] -- Installing: /home/ryung/Desktop/strider_ws/install/imu_interfaces/share/imu_interfaces/cmake/export_imu_interfaces__rosidl_generator_cExport-noconfig.cmake
[4.502s] -- Installing: /home/ryung/Desktop/strider_ws/install/imu_interfaces/share/imu_interfaces/cmake/export_imu_interfaces__rosidl_typesupport_fastrtps_cExport.cmake
[4.503s] -- Installing: /home/ryung/Desktop/strider_ws/install/imu_interfaces/share/imu_interfaces/cmake/export_imu_interfaces__rosidl_typesupport_fastrtps_cExport-noconfig.cmake
[4.503s] -- Installing: /home/ryung/Desktop/strider_ws/install/imu_interfaces/share/imu_interfaces/cmake/imu_interfaces__rosidl_typesupport_introspection_cExport.cmake
[4.503s] -- Installing: /home/ryung/Desktop/strider_ws/install/imu_interfaces/share/imu_interfaces/cmake/imu_interfaces__rosidl_typesupport_introspection_cExport-noconfig.cmake
[4.503s] -- Installing: /home/ryung/Desktop/strider_ws/install/imu_interfaces/share/imu_interfaces/cmake/imu_interfaces__rosidl_typesupport_cExport.cmake
[4.503s] -- Installing: /home/ryung/Desktop/strider_ws/install/imu_interfaces/share/imu_interfaces/cmake/imu_interfaces__rosidl_typesupport_cExport-noconfig.cmake
[4.503s] -- Installing: /home/ryung/Desktop/strider_ws/install/imu_interfaces/share/imu_interfaces/cmake/export_imu_interfaces__rosidl_generator_cppExport.cmake
[4.504s] -- Installing: /home/ryung/Desktop/strider_ws/install/imu_interfaces/share/imu_interfaces/cmake/export_imu_interfaces__rosidl_typesupport_fastrtps_cppExport.cmake
[4.504s] -- Installing: /home/ryung/Desktop/strider_ws/install/imu_interfaces/share/imu_interfaces/cmake/export_imu_interfaces__rosidl_typesupport_fastrtps_cppExport-noconfig.cmake
[4.504s] -- Installing: /home/ryung/Desktop/strider_ws/install/imu_interfaces/share/imu_interfaces/cmake/imu_interfaces__rosidl_typesupport_introspection_cppExport.cmake
[4.504s] -- Installing: /home/ryung/Desktop/strider_ws/install/imu_interfaces/share/imu_interfaces/cmake/imu_interfaces__rosidl_typesupport_introspection_cppExport-noconfig.cmake
[4.504s] -- Installing: /home/ryung/Desktop/strider_ws/install/imu_interfaces/share/imu_interfaces/cmake/imu_interfaces__rosidl_typesupport_cppExport.cmake
[4.504s] -- Installing: /home/ryung/Desktop/strider_ws/install/imu_interfaces/share/imu_interfaces/cmake/imu_interfaces__rosidl_typesupport_cppExport-noconfig.cmake
[4.504s] -- Installing: /home/ryung/Desktop/strider_ws/install/imu_interfaces/share/imu_interfaces/cmake/export_imu_interfaces__rosidl_generator_pyExport.cmake
[4.504s] -- Installing: /home/ryung/Desktop/strider_ws/install/imu_interfaces/share/imu_interfaces/cmake/export_imu_interfaces__rosidl_generator_pyExport-noconfig.cmake
[4.505s] -- Installing: /home/ryung/Desktop/strider_ws/install/imu_interfaces/share/imu_interfaces/cmake/rosidl_cmake-extras.cmake
[4.505s] -- Installing: /home/ryung/Desktop/strider_ws/install/imu_interfaces/share/imu_interfaces/cmake/ament_cmake_export_include_directories-extras.cmake
[4.505s] -- Installing: /home/ryung/Desktop/strider_ws/install/imu_interfaces/share/imu_interfaces/cmake/ament_cmake_export_libraries-extras.cmake
[4.505s] -- Installing: /home/ryung/Desktop/strider_ws/install/imu_interfaces/share/imu_interfaces/cmake/ament_cmake_export_targets-extras.cmake
[4.505s] -- Installing: /home/ryung/Desktop/strider_ws/install/imu_interfaces/share/imu_interfaces/cmake/rosidl_cmake_export_typesupport_targets-extras.cmake
[4.505s] -- Installing: /home/ryung/Desktop/strider_ws/install/imu_interfaces/share/imu_interfaces/cmake/ament_cmake_export_dependencies-extras.cmake
[4.505s] -- Installing: /home/ryung/Desktop/strider_ws/install/imu_interfaces/share/imu_interfaces/cmake/rosidl_cmake_export_typesupport_libraries-extras.cmake
[4.505s] -- Installing: /home/ryung/Desktop/strider_ws/install/imu_interfaces/share/imu_interfaces/cmake/imu_interfacesConfig.cmake
[4.505s] -- Installing: /home/ryung/Desktop/strider_ws/install/imu_interfaces/share/imu_interfaces/cmake/imu_interfacesConfig-version.cmake
[4.505s] -- Installing: /home/ryung/Desktop/strider_ws/install/imu_interfaces/share/imu_interfaces/package.xml
[4.520s] Invoked command in '/home/ryung/Desktop/strider_ws/build/imu_interfaces' returned '0': CMAKE_PREFIX_PATH=/opt/ros/humble /usr/bin/cmake --install /home/ryung/Desktop/strider_ws/build/imu_interfaces
