[0.034s] Invoking command in '/home/ryung/Desktop/strider_ws/build/watchdog_manager': AMENT_PREFIX_PATH=/home/ryung/Desktop/strider_ws/install/watchdog_interfaces:${AMENT_PREFIX_PATH} CMAKE_PREFIX_PATH=/home/ryung/Desktop/strider_ws/install/watchdog_interfaces:/opt/ros/humble LD_LIBRARY_PATH=/home/ryung/Desktop/strider_ws/install/watchdog_interfaces/lib:${LD_LIBRARY_PATH} PYTHONPATH=/home/ryung/Desktop/strider_ws/install/watchdog_interfaces/local/lib/python3.10/dist-packages:${PYTHONPATH} /usr/bin/cmake /home/ryung/Desktop/strider_ws/src/Watchdog_manager/watchdog_manager -DCMAKE_INSTALL_PREFIX=/home/ryung/Desktop/strider_ws/install/watchdog_manager
[0.074s] -- The C compiler identification is GNU 11.4.0
[0.109s] -- The CXX compiler identification is GNU 11.4.0
[0.114s] -- Detecting C compiler ABI info
[0.167s] -- Detecting C compiler ABI info - done
[0.175s] -- Check for working C compiler: /usr/bin/cc - skipped
[0.175s] -- Detecting C compile features
[0.175s] -- Detecting C compile features - done
[0.178s] -- Detecting CXX compiler ABI info
[0.240s] -- Detecting CXX compiler ABI info - done
[0.248s] -- Check for working CXX compiler: /usr/bin/c++ - skipped
[0.248s] -- Detecting CXX compile features
[0.248s] -- Detecting CXX compile features - done
[0.251s] -- Found ament_cmake: 1.3.11 (/opt/ros/humble/share/ament_cmake/cmake)
[0.385s] -- Found Python3: /usr/bin/python3 (found version "3.10.12") found components: Interpreter 
[0.454s] -- Found rclcpp_components: 16.0.11 (/opt/ros/humble/share/rclcpp_components/cmake)
[0.497s] -- Found rosidl_generator_c: 3.1.6 (/opt/ros/humble/share/rosidl_generator_c/cmake)
[0.499s] -- Found rosidl_adapter: 3.1.6 (/opt/ros/humble/share/rosidl_adapter/cmake)
[0.505s] -- Found rosidl_generator_cpp: 3.1.6 (/opt/ros/humble/share/rosidl_generator_cpp/cmake)
[0.512s] -- Using all available rosidl_typesupport_c: rosidl_typesupport_fastrtps_c;rosidl_typesupport_introspection_c
[0.521s] -- Using all available rosidl_typesupport_cpp: rosidl_typesupport_fastrtps_cpp;rosidl_typesupport_introspection_cpp
[0.591s] -- Found rmw_implementation_cmake: 6.1.2 (/opt/ros/humble/share/rmw_implementation_cmake/cmake)
[0.594s] -- Found rmw_fastrtps_cpp: 6.2.7 (/opt/ros/humble/share/rmw_fastrtps_cpp/cmake)
[0.658s] -- Found OpenSSL: /usr/lib/x86_64-linux-gnu/libcrypto.so (found version "3.0.2")  
[0.677s] -- Found FastRTPS: /opt/ros/humble/include  
[0.701s] -- Using RMW implementation 'rmw_fastrtps_cpp' as default
[0.713s] -- Looking for pthread.h
[0.769s] -- Looking for pthread.h - found
[0.769s] -- Performing Test CMAKE_HAVE_LIBC_PTHREAD
[0.814s] -- Performing Test CMAKE_HAVE_LIBC_PTHREAD - Success
[0.814s] -- Found Threads: TRUE  
[0.869s] -- Found watchdog_interfaces: 0.0.0 (/home/ryung/Desktop/strider_ws/install/watchdog_interfaces/share/watchdog_interfaces/cmake)
[0.921s] -- Configuring done
[0.927s] -- Generating done
[0.929s] -- Build files have been written to: /home/ryung/Desktop/strider_ws/build/watchdog_manager
[0.935s] Invoked command in '/home/ryung/Desktop/strider_ws/build/watchdog_manager' returned '0': AMENT_PREFIX_PATH=/home/ryung/Desktop/strider_ws/install/watchdog_interfaces:${AMENT_PREFIX_PATH} CMAKE_PREFIX_PATH=/home/ryung/Desktop/strider_ws/install/watchdog_interfaces:/opt/ros/humble LD_LIBRARY_PATH=/home/ryung/Desktop/strider_ws/install/watchdog_interfaces/lib:${LD_LIBRARY_PATH} PYTHONPATH=/home/ryung/Desktop/strider_ws/install/watchdog_interfaces/local/lib/python3.10/dist-packages:${PYTHONPATH} /usr/bin/cmake /home/ryung/Desktop/strider_ws/src/Watchdog_manager/watchdog_manager -DCMAKE_INSTALL_PREFIX=/home/ryung/Desktop/strider_ws/install/watchdog_manager
[0.936s] Invoking command in '/home/ryung/Desktop/strider_ws/build/watchdog_manager': AMENT_PREFIX_PATH=/home/ryung/Desktop/strider_ws/install/watchdog_interfaces:${AMENT_PREFIX_PATH} CMAKE_PREFIX_PATH=/home/ryung/Desktop/strider_ws/install/watchdog_interfaces:/opt/ros/humble LD_LIBRARY_PATH=/home/ryung/Desktop/strider_ws/install/watchdog_interfaces/lib:${LD_LIBRARY_PATH} PYTHONPATH=/home/ryung/Desktop/strider_ws/install/watchdog_interfaces/local/lib/python3.10/dist-packages:${PYTHONPATH} /usr/bin/cmake --build /home/ryung/Desktop/strider_ws/build/watchdog_manager -- -j16 -l16
[0.965s] [ 50%] [32mBuilding CXX object CMakeFiles/watchdog_worker.dir/src/watchdog_worker.cpp.o[0m
[7.762s] [100%] [32m[1mLinking CXX executable watchdog_worker[0m
[8.002s] [100%] Built target watchdog_worker
[8.010s] Invoked command in '/home/ryung/Desktop/strider_ws/build/watchdog_manager' returned '0': AMENT_PREFIX_PATH=/home/ryung/Desktop/strider_ws/install/watchdog_interfaces:${AMENT_PREFIX_PATH} CMAKE_PREFIX_PATH=/home/ryung/Desktop/strider_ws/install/watchdog_interfaces:/opt/ros/humble LD_LIBRARY_PATH=/home/ryung/Desktop/strider_ws/install/watchdog_interfaces/lib:${LD_LIBRARY_PATH} PYTHONPATH=/home/ryung/Desktop/strider_ws/install/watchdog_interfaces/local/lib/python3.10/dist-packages:${PYTHONPATH} /usr/bin/cmake --build /home/ryung/Desktop/strider_ws/build/watchdog_manager -- -j16 -l16
[8.011s] Invoking command in '/home/ryung/Desktop/strider_ws/build/watchdog_manager': AMENT_PREFIX_PATH=/home/ryung/Desktop/strider_ws/install/watchdog_interfaces:${AMENT_PREFIX_PATH} CMAKE_PREFIX_PATH=/home/ryung/Desktop/strider_ws/install/watchdog_interfaces:/opt/ros/humble LD_LIBRARY_PATH=/home/ryung/Desktop/strider_ws/install/watchdog_interfaces/lib:${LD_LIBRARY_PATH} PYTHONPATH=/home/ryung/Desktop/strider_ws/install/watchdog_interfaces/local/lib/python3.10/dist-packages:${PYTHONPATH} /usr/bin/cmake --install /home/ryung/Desktop/strider_ws/build/watchdog_manager
[8.015s] -- Install configuration: ""
[8.015s] -- Installing: /home/ryung/Desktop/strider_ws/install/watchdog_manager/lib/watchdog_manager/watchdog_worker
[8.017s] -- Set runtime path of "/home/ryung/Desktop/strider_ws/install/watchdog_manager/lib/watchdog_manager/watchdog_worker" to ""
[8.017s] -- Installing: /home/ryung/Desktop/strider_ws/install/watchdog_manager/include/
[8.017s] -- Installing: /home/ryung/Desktop/strider_ws/install/watchdog_manager/include//watchdog_worker.hpp
[8.017s] -- Installing: /home/ryung/Desktop/strider_ws/install/watchdog_manager/share/ament_index/resource_index/package_run_dependencies/watchdog_manager
[8.017s] -- Installing: /home/ryung/Desktop/strider_ws/install/watchdog_manager/share/ament_index/resource_index/parent_prefix_path/watchdog_manager
[8.017s] -- Installing: /home/ryung/Desktop/strider_ws/install/watchdog_manager/share/watchdog_manager/environment/ament_prefix_path.sh
[8.017s] -- Installing: /home/ryung/Desktop/strider_ws/install/watchdog_manager/share/watchdog_manager/environment/ament_prefix_path.dsv
[8.017s] -- Installing: /home/ryung/Desktop/strider_ws/install/watchdog_manager/share/watchdog_manager/environment/path.sh
[8.017s] -- Installing: /home/ryung/Desktop/strider_ws/install/watchdog_manager/share/watchdog_manager/environment/path.dsv
[8.017s] -- Installing: /home/ryung/Desktop/strider_ws/install/watchdog_manager/share/watchdog_manager/local_setup.bash
[8.017s] -- Installing: /home/ryung/Desktop/strider_ws/install/watchdog_manager/share/watchdog_manager/local_setup.sh
[8.018s] -- Installing: /home/ryung/Desktop/strider_ws/install/watchdog_manager/share/watchdog_manager/local_setup.zsh
[8.018s] -- Installing: /home/ryung/Desktop/strider_ws/install/watchdog_manager/share/watchdog_manager/local_setup.dsv
[8.018s] -- Installing: /home/ryung/Desktop/strider_ws/install/watchdog_manager/share/watchdog_manager/package.dsv
[8.018s] -- Installing: /home/ryung/Desktop/strider_ws/install/watchdog_manager/share/ament_index/resource_index/packages/watchdog_manager
[8.018s] -- Installing: /home/ryung/Desktop/strider_ws/install/watchdog_manager/share/watchdog_manager/cmake/watchdog_managerConfig.cmake
[8.018s] -- Installing: /home/ryung/Desktop/strider_ws/install/watchdog_manager/share/watchdog_manager/cmake/watchdog_managerConfig-version.cmake
[8.018s] -- Installing: /home/ryung/Desktop/strider_ws/install/watchdog_manager/share/watchdog_manager/package.xml
[8.019s] Invoked command in '/home/ryung/Desktop/strider_ws/build/watchdog_manager' returned '0': AMENT_PREFIX_PATH=/home/ryung/Desktop/strider_ws/install/watchdog_interfaces:${AMENT_PREFIX_PATH} CMAKE_PREFIX_PATH=/home/ryung/Desktop/strider_ws/install/watchdog_interfaces:/opt/ros/humble LD_LIBRARY_PATH=/home/ryung/Desktop/strider_ws/install/watchdog_interfaces/lib:${LD_LIBRARY_PATH} PYTHONPATH=/home/ryung/Desktop/strider_ws/install/watchdog_interfaces/local/lib/python3.10/dist-packages:${PYTHONPATH} /usr/bin/cmake --install /home/ryung/Desktop/strider_ws/build/watchdog_manager
