[0.016s] Invoking command in '/home/ryung/Desktop/strider_ws/build/watchdog_interfaces': CMAKE_PREFIX_PATH=/opt/ros/humble /usr/bin/cmake /home/ryung/Desktop/strider_ws/src/Watchdog_manager/watchdog_interfaces -DCMAKE_INSTALL_PREFIX=/home/ryung/Desktop/strider_ws/install/watchdog_interfaces
[0.175s] -- The C compiler identification is GNU 11.4.0
[0.270s] -- The CXX compiler identification is GNU 11.4.0
[0.277s] -- Detecting C compiler ABI info
[0.321s] -- Detecting C compiler ABI info - done
[0.329s] -- Check for working C compiler: /usr/bin/cc - skipped
[0.329s] -- Detecting C compile features
[0.330s] -- Detecting C compile features - done
[0.332s] -- Detecting CXX compiler ABI info
[0.385s] -- Detecting CXX compiler ABI info - done
[0.390s] -- Check for working CXX compiler: /usr/bin/c++ - skipped
[0.390s] -- Detecting CXX compile features
[0.391s] -- Detecting CXX compile features - done
[0.392s] -- Found ament_cmake: 1.3.11 (/opt/ros/humble/share/ament_cmake/cmake)
[0.530s] -- Found Python3: /usr/bin/python3 (found version "3.10.12") found components: Interpreter 
[0.601s] -- Found rosidl_default_generators: 1.2.0 (/opt/ros/humble/share/rosidl_default_generators/cmake)
[0.604s] -- Using all available rosidl_typesupport_c: rosidl_typesupport_fastrtps_c;rosidl_typesupport_introspection_c
[0.609s] -- Found rosidl_adapter: 3.1.6 (/opt/ros/humble/share/rosidl_adapter/cmake)
[0.660s] -- Using all available rosidl_typesupport_cpp: rosidl_typesupport_fastrtps_cpp;rosidl_typesupport_introspection_cpp
[0.825s] -- Found Python3: /usr/bin/python3 (found version "3.10.12") found components: Interpreter Development Development.Module Development.Embed 
[0.877s] -- Found Python3: /usr/bin/python3 (found version "3.10.12") found components: Interpreter 
[1.022s] -- Found ament_cmake_ros: 0.10.0 (/opt/ros/humble/share/ament_cmake_ros/cmake)
[1.169s] -- Using all available rosidl_typesupport_c: rosidl_typesupport_fastrtps_c;rosidl_typesupport_introspection_c
[1.374s] -- Using all available rosidl_typesupport_cpp: rosidl_typesupport_fastrtps_cpp;rosidl_typesupport_introspection_cpp
[1.395s] -- Found PythonInterp: /usr/bin/python3 (found suitable version "3.10.12", minimum required is "3.6") 
[1.395s] -- Found python_cmake_module: 0.10.0 (/opt/ros/humble/share/python_cmake_module/cmake)
[1.421s] -- Found PythonLibs: /usr/lib/x86_64-linux-gnu/libpython3.10.so (found suitable version "3.10.12", minimum required is "3.5") 
[1.421s] -- Using PYTHON_EXECUTABLE: /usr/bin/python3
[1.421s] -- Using PYTHON_INCLUDE_DIRS: /usr/include/python3.10
[1.421s] -- Using PYTHON_LIBRARIES: /usr/lib/x86_64-linux-gnu/libpython3.10.so
[1.442s] -- Found PythonExtra: .so  
[1.470s] -- Configuring done
[1.486s] -- Generating done
[1.492s] -- Build files have been written to: /home/ryung/Desktop/strider_ws/build/watchdog_interfaces
[1.496s] Invoked command in '/home/ryung/Desktop/strider_ws/build/watchdog_interfaces' returned '0': CMAKE_PREFIX_PATH=/opt/ros/humble /usr/bin/cmake /home/ryung/Desktop/strider_ws/src/Watchdog_manager/watchdog_interfaces -DCMAKE_INSTALL_PREFIX=/home/ryung/Desktop/strider_ws/install/watchdog_interfaces
[1.497s] Invoking command in '/home/ryung/Desktop/strider_ws/build/watchdog_interfaces': CMAKE_PREFIX_PATH=/opt/ros/humble /usr/bin/cmake --build /home/ryung/Desktop/strider_ws/build/watchdog_interfaces -- -j16 -l16
[1.527s] [  3%] [34m[1mGenerating C code for ROS interfaces[0m
[1.531s] [  6%] [34m[1mGenerating C++ code for ROS interfaces[0m
[1.550s] [  6%] Built target ament_cmake_python_copy_watchdog_interfaces
[1.806s] running egg_info
[1.806s] creating watchdog_interfaces.egg-info
[1.806s] writing watchdog_interfaces.egg-info/PKG-INFO
[1.806s] writing dependency_links to watchdog_interfaces.egg-info/dependency_links.txt
[1.806s] writing top-level names to watchdog_interfaces.egg-info/top_level.txt
[1.807s] writing manifest file 'watchdog_interfaces.egg-info/SOURCES.txt'
[1.809s] reading manifest file 'watchdog_interfaces.egg-info/SOURCES.txt'
[1.810s] writing manifest file 'watchdog_interfaces.egg-info/SOURCES.txt'
[1.852s] [  6%] Built target ament_cmake_python_build_watchdog_interfaces_egg
[1.852s] [  6%] Built target watchdog_interfaces__cpp
[1.861s] [ 12%] [34m[1mGenerating C++ type support for eProsima Fast-RTPS[0m
[1.865s] [ 16%] [34m[1mGenerating C++ introspection for ROS interfaces[0m
[1.865s] [ 12%] [34m[1mGenerating C++ type support dispatch for ROS interfaces[0m
[1.976s] [ 19%] [32mBuilding C object CMakeFiles/watchdog_interfaces__rosidl_generator_c.dir/rosidl_generator_c/watchdog_interfaces/msg/detail/node_state__functions.c.o[0m
[2.060s] [ 22%] [32m[1mLinking C shared library libwatchdog_interfaces__rosidl_generator_c.so[0m
[2.139s] [ 22%] Built target watchdog_interfaces__rosidl_generator_c
[2.153s] [ 25%] [34m[1mGenerating C type support for eProsima Fast-RTPS[0m
[2.162s] [ 29%] [34m[1mGenerating C introspection for ROS interfaces[0m
[2.165s] [ 32%] [34m[1mGenerating C type support dispatch for ROS interfaces[0m
[2.173s] [ 35%] [32mBuilding CXX object CMakeFiles/watchdog_interfaces__rosidl_typesupport_introspection_cpp.dir/rosidl_typesupport_introspection_cpp/watchdog_interfaces/msg/detail/node_state__type_support.cpp.o[0m
[2.195s] [ 38%] [32mBuilding CXX object CMakeFiles/watchdog_interfaces__rosidl_typesupport_fastrtps_cpp.dir/rosidl_typesupport_fastrtps_cpp/watchdog_interfaces/msg/detail/dds_fastrtps/node_state__type_support.cpp.o[0m
[2.243s] [ 41%] [32mBuilding CXX object CMakeFiles/watchdog_interfaces__rosidl_typesupport_cpp.dir/rosidl_typesupport_cpp/watchdog_interfaces/msg/node_state__type_support.cpp.o[0m
[2.892s] [ 45%] [32mBuilding CXX object CMakeFiles/watchdog_interfaces__rosidl_typesupport_fastrtps_c.dir/rosidl_typesupport_fastrtps_c/watchdog_interfaces/msg/detail/node_state__type_support_c.cpp.o[0m
[2.938s] [ 48%] [32m[1mLinking CXX shared library libwatchdog_interfaces__rosidl_typesupport_cpp.so[0m
[2.968s] [ 51%] [32mBuilding CXX object CMakeFiles/watchdog_interfaces__rosidl_typesupport_c.dir/rosidl_typesupport_c/watchdog_interfaces/msg/node_state__type_support.cpp.o[0m
[3.013s] [ 54%] [32m[1mLinking CXX shared library libwatchdog_interfaces__rosidl_typesupport_c.so[0m
[3.027s] [ 58%] [32mBuilding C object CMakeFiles/watchdog_interfaces__rosidl_typesupport_introspection_c.dir/rosidl_typesupport_introspection_c/watchdog_interfaces/msg/detail/node_state__type_support.c.o[0m
[3.058s] [ 58%] Built target watchdog_interfaces__rosidl_typesupport_cpp
[3.095s] [ 58%] Built target watchdog_interfaces__rosidl_typesupport_c
[3.112s] [ 61%] [32m[1mLinking C shared library libwatchdog_interfaces__rosidl_typesupport_introspection_c.so[0m
[3.198s] [ 61%] Built target watchdog_interfaces__rosidl_typesupport_introspection_c
[3.297s] [ 64%] [32m[1mLinking CXX shared library libwatchdog_interfaces__rosidl_typesupport_introspection_cpp.so[0m
[3.422s] [ 64%] Built target watchdog_interfaces__rosidl_typesupport_introspection_cpp
[3.592s] [ 67%] [32m[1mLinking CXX shared library libwatchdog_interfaces__rosidl_typesupport_fastrtps_cpp.so[0m
[3.711s] [ 70%] [32m[1mLinking CXX shared library libwatchdog_interfaces__rosidl_typesupport_fastrtps_c.so[0m
[3.761s] [ 70%] Built target watchdog_interfaces__rosidl_typesupport_fastrtps_cpp
[3.828s] [ 70%] Built target watchdog_interfaces__rosidl_typesupport_fastrtps_c
[3.854s] [ 70%] Built target watchdog_interfaces
[3.872s] [ 74%] [34m[1mGenerating Python code for ROS interfaces[0m
[4.147s] [ 74%] Built target watchdog_interfaces__py
[4.162s] [ 77%] [32mBuilding C object CMakeFiles/watchdog_interfaces__rosidl_generator_py.dir/rosidl_generator_py/watchdog_interfaces/msg/_node_state_s.c.o[0m
[4.263s] [ 80%] [32m[1mLinking C shared library rosidl_generator_py/watchdog_interfaces/libwatchdog_interfaces__rosidl_generator_py.so[0m
[4.290s] [ 80%] Built target watchdog_interfaces__rosidl_generator_py
[4.303s] [ 83%] [32mBuilding C object CMakeFiles/watchdog_interfaces__rosidl_typesupport_introspection_c__pyext.dir/rosidl_generator_py/watchdog_interfaces/_watchdog_interfaces_s.ep.rosidl_typesupport_introspection_c.c.o[0m
[4.305s] [ 87%] [32mBuilding C object CMakeFiles/watchdog_interfaces__rosidl_typesupport_fastrtps_c__pyext.dir/rosidl_generator_py/watchdog_interfaces/_watchdog_interfaces_s.ep.rosidl_typesupport_fastrtps_c.c.o[0m
[4.306s] [ 90%] [32mBuilding C object CMakeFiles/watchdog_interfaces__rosidl_typesupport_c__pyext.dir/rosidl_generator_py/watchdog_interfaces/_watchdog_interfaces_s.ep.rosidl_typesupport_c.c.o[0m
[4.368s] [ 93%] [32m[1mLinking C shared library rosidl_generator_py/watchdog_interfaces/watchdog_interfaces_s__rosidl_typesupport_fastrtps_c.cpython-310-x86_64-linux-gnu.so[0m
[4.379s] [ 96%] [32m[1mLinking C shared library rosidl_generator_py/watchdog_interfaces/watchdog_interfaces_s__rosidl_typesupport_introspection_c.cpython-310-x86_64-linux-gnu.so[0m
[4.391s] [100%] [32m[1mLinking C shared library rosidl_generator_py/watchdog_interfaces/watchdog_interfaces_s__rosidl_typesupport_c.cpython-310-x86_64-linux-gnu.so[0m
[4.395s] [100%] Built target watchdog_interfaces__rosidl_typesupport_fastrtps_c__pyext
[4.410s] [100%] Built target watchdog_interfaces__rosidl_typesupport_introspection_c__pyext
[4.413s] [100%] Built target watchdog_interfaces__rosidl_typesupport_c__pyext
[4.421s] Invoked command in '/home/ryung/Desktop/strider_ws/build/watchdog_interfaces' returned '0': CMAKE_PREFIX_PATH=/opt/ros/humble /usr/bin/cmake --build /home/ryung/Desktop/strider_ws/build/watchdog_interfaces -- -j16 -l16
[4.429s] Invoking command in '/home/ryung/Desktop/strider_ws/build/watchdog_interfaces': CMAKE_PREFIX_PATH=/opt/ros/humble /usr/bin/cmake --install /home/ryung/Desktop/strider_ws/build/watchdog_interfaces
[4.434s] -- Install configuration: ""
[4.434s] -- Installing: /home/ryung/Desktop/strider_ws/install/watchdog_interfaces/share/ament_index/resource_index/rosidl_interfaces/watchdog_interfaces
[4.435s] -- Installing: /home/ryung/Desktop/strider_ws/install/watchdog_interfaces/include/watchdog_interfaces/watchdog_interfaces
[4.435s] -- Installing: /home/ryung/Desktop/strider_ws/install/watchdog_interfaces/include/watchdog_interfaces/watchdog_interfaces/msg
[4.435s] -- Installing: /home/ryung/Desktop/strider_ws/install/watchdog_interfaces/include/watchdog_interfaces/watchdog_interfaces/msg/detail
[4.435s] -- Installing: /home/ryung/Desktop/strider_ws/install/watchdog_interfaces/include/watchdog_interfaces/watchdog_interfaces/msg/detail/node_state__functions.h
[4.435s] -- Installing: /home/ryung/Desktop/strider_ws/install/watchdog_interfaces/include/watchdog_interfaces/watchdog_interfaces/msg/detail/node_state__struct.h
[4.435s] -- Installing: /home/ryung/Desktop/strider_ws/install/watchdog_interfaces/include/watchdog_interfaces/watchdog_interfaces/msg/detail/node_state__functions.c
[4.435s] -- Installing: /home/ryung/Desktop/strider_ws/install/watchdog_interfaces/include/watchdog_interfaces/watchdog_interfaces/msg/detail/node_state__type_support.h
[4.435s] -- Installing: /home/ryung/Desktop/strider_ws/install/watchdog_interfaces/include/watchdog_interfaces/watchdog_interfaces/msg/rosidl_generator_c__visibility_control.h
[4.435s] -- Installing: /home/ryung/Desktop/strider_ws/install/watchdog_interfaces/include/watchdog_interfaces/watchdog_interfaces/msg/node_state.h
[4.435s] -- Installing: /home/ryung/Desktop/strider_ws/install/watchdog_interfaces/share/watchdog_interfaces/environment/library_path.sh
[4.435s] -- Installing: /home/ryung/Desktop/strider_ws/install/watchdog_interfaces/share/watchdog_interfaces/environment/library_path.dsv
[4.435s] -- Installing: /home/ryung/Desktop/strider_ws/install/watchdog_interfaces/lib/libwatchdog_interfaces__rosidl_generator_c.so
[4.435s] -- Set runtime path of "/home/ryung/Desktop/strider_ws/install/watchdog_interfaces/lib/libwatchdog_interfaces__rosidl_generator_c.so" to ""
[4.435s] -- Up-to-date: /home/ryung/Desktop/strider_ws/install/watchdog_interfaces/include/watchdog_interfaces/watchdog_interfaces
[4.436s] -- Up-to-date: /home/ryung/Desktop/strider_ws/install/watchdog_interfaces/include/watchdog_interfaces/watchdog_interfaces/msg
[4.436s] -- Installing: /home/ryung/Desktop/strider_ws/install/watchdog_interfaces/include/watchdog_interfaces/watchdog_interfaces/msg/rosidl_typesupport_fastrtps_c__visibility_control.h
[4.436s] -- Up-to-date: /home/ryung/Desktop/strider_ws/install/watchdog_interfaces/include/watchdog_interfaces/watchdog_interfaces/msg/detail
[4.436s] -- Installing: /home/ryung/Desktop/strider_ws/install/watchdog_interfaces/include/watchdog_interfaces/watchdog_interfaces/msg/detail/node_state__rosidl_typesupport_fastrtps_c.h
[4.436s] -- Installing: /home/ryung/Desktop/strider_ws/install/watchdog_interfaces/lib/libwatchdog_interfaces__rosidl_typesupport_fastrtps_c.so
[4.436s] -- Set runtime path of "/home/ryung/Desktop/strider_ws/install/watchdog_interfaces/lib/libwatchdog_interfaces__rosidl_typesupport_fastrtps_c.so" to ""
[4.436s] -- Up-to-date: /home/ryung/Desktop/strider_ws/install/watchdog_interfaces/include/watchdog_interfaces/watchdog_interfaces
[4.436s] -- Up-to-date: /home/ryung/Desktop/strider_ws/install/watchdog_interfaces/include/watchdog_interfaces/watchdog_interfaces/msg
[4.436s] -- Installing: /home/ryung/Desktop/strider_ws/install/watchdog_interfaces/include/watchdog_interfaces/watchdog_interfaces/msg/rosidl_typesupport_introspection_c__visibility_control.h
[4.436s] -- Up-to-date: /home/ryung/Desktop/strider_ws/install/watchdog_interfaces/include/watchdog_interfaces/watchdog_interfaces/msg/detail
[4.436s] -- Installing: /home/ryung/Desktop/strider_ws/install/watchdog_interfaces/include/watchdog_interfaces/watchdog_interfaces/msg/detail/node_state__rosidl_typesupport_introspection_c.h
[4.436s] -- Installing: /home/ryung/Desktop/strider_ws/install/watchdog_interfaces/include/watchdog_interfaces/watchdog_interfaces/msg/detail/node_state__type_support.c
[4.436s] -- Installing: /home/ryung/Desktop/strider_ws/install/watchdog_interfaces/lib/libwatchdog_interfaces__rosidl_typesupport_introspection_c.so
[4.436s] -- Set runtime path of "/home/ryung/Desktop/strider_ws/install/watchdog_interfaces/lib/libwatchdog_interfaces__rosidl_typesupport_introspection_c.so" to ""
[4.436s] -- Installing: /home/ryung/Desktop/strider_ws/install/watchdog_interfaces/lib/libwatchdog_interfaces__rosidl_typesupport_c.so
[4.437s] -- Set runtime path of "/home/ryung/Desktop/strider_ws/install/watchdog_interfaces/lib/libwatchdog_interfaces__rosidl_typesupport_c.so" to ""
[4.437s] -- Up-to-date: /home/ryung/Desktop/strider_ws/install/watchdog_interfaces/include/watchdog_interfaces/watchdog_interfaces
[4.437s] -- Up-to-date: /home/ryung/Desktop/strider_ws/install/watchdog_interfaces/include/watchdog_interfaces/watchdog_interfaces/msg
[4.437s] -- Installing: /home/ryung/Desktop/strider_ws/install/watchdog_interfaces/include/watchdog_interfaces/watchdog_interfaces/msg/rosidl_generator_cpp__visibility_control.hpp
[4.437s] -- Up-to-date: /home/ryung/Desktop/strider_ws/install/watchdog_interfaces/include/watchdog_interfaces/watchdog_interfaces/msg/detail
[4.438s] -- Installing: /home/ryung/Desktop/strider_ws/install/watchdog_interfaces/include/watchdog_interfaces/watchdog_interfaces/msg/detail/node_state__builder.hpp
[4.438s] -- Installing: /home/ryung/Desktop/strider_ws/install/watchdog_interfaces/include/watchdog_interfaces/watchdog_interfaces/msg/detail/node_state__type_support.hpp
[4.438s] -- Installing: /home/ryung/Desktop/strider_ws/install/watchdog_interfaces/include/watchdog_interfaces/watchdog_interfaces/msg/detail/node_state__traits.hpp
[4.438s] -- Installing: /home/ryung/Desktop/strider_ws/install/watchdog_interfaces/include/watchdog_interfaces/watchdog_interfaces/msg/detail/node_state__struct.hpp
[4.438s] -- Installing: /home/ryung/Desktop/strider_ws/install/watchdog_interfaces/include/watchdog_interfaces/watchdog_interfaces/msg/node_state.hpp
[4.440s] -- Up-to-date: /home/ryung/Desktop/strider_ws/install/watchdog_interfaces/include/watchdog_interfaces/watchdog_interfaces
[4.440s] -- Up-to-date: /home/ryung/Desktop/strider_ws/install/watchdog_interfaces/include/watchdog_interfaces/watchdog_interfaces/msg
[4.440s] -- Installing: /home/ryung/Desktop/strider_ws/install/watchdog_interfaces/include/watchdog_interfaces/watchdog_interfaces/msg/rosidl_typesupport_fastrtps_cpp__visibility_control.h
[4.440s] -- Up-to-date: /home/ryung/Desktop/strider_ws/install/watchdog_interfaces/include/watchdog_interfaces/watchdog_interfaces/msg/detail
[4.440s] -- Installing: /home/ryung/Desktop/strider_ws/install/watchdog_interfaces/include/watchdog_interfaces/watchdog_interfaces/msg/detail/node_state__rosidl_typesupport_fastrtps_cpp.hpp
[4.440s] -- Installing: /home/ryung/Desktop/strider_ws/install/watchdog_interfaces/include/watchdog_interfaces/watchdog_interfaces/msg/detail/dds_fastrtps
[4.440s] -- Installing: /home/ryung/Desktop/strider_ws/install/watchdog_interfaces/lib/libwatchdog_interfaces__rosidl_typesupport_fastrtps_cpp.so
[4.441s] -- Set runtime path of "/home/ryung/Desktop/strider_ws/install/watchdog_interfaces/lib/libwatchdog_interfaces__rosidl_typesupport_fastrtps_cpp.so" to ""
[4.441s] -- Up-to-date: /home/ryung/Desktop/strider_ws/install/watchdog_interfaces/include/watchdog_interfaces/watchdog_interfaces
[4.441s] -- Up-to-date: /home/ryung/Desktop/strider_ws/install/watchdog_interfaces/include/watchdog_interfaces/watchdog_interfaces/msg
[4.441s] -- Up-to-date: /home/ryung/Desktop/strider_ws/install/watchdog_interfaces/include/watchdog_interfaces/watchdog_interfaces/msg/detail
[4.441s] -- Installing: /home/ryung/Desktop/strider_ws/install/watchdog_interfaces/include/watchdog_interfaces/watchdog_interfaces/msg/detail/node_state__type_support.cpp
[4.441s] -- Installing: /home/ryung/Desktop/strider_ws/install/watchdog_interfaces/include/watchdog_interfaces/watchdog_interfaces/msg/detail/node_state__rosidl_typesupport_introspection_cpp.hpp
[4.441s] -- Installing: /home/ryung/Desktop/strider_ws/install/watchdog_interfaces/lib/libwatchdog_interfaces__rosidl_typesupport_introspection_cpp.so
[4.442s] -- Set runtime path of "/home/ryung/Desktop/strider_ws/install/watchdog_interfaces/lib/libwatchdog_interfaces__rosidl_typesupport_introspection_cpp.so" to ""
[4.443s] -- Installing: /home/ryung/Desktop/strider_ws/install/watchdog_interfaces/lib/libwatchdog_interfaces__rosidl_typesupport_cpp.so
[4.443s] -- Set runtime path of "/home/ryung/Desktop/strider_ws/install/watchdog_interfaces/lib/libwatchdog_interfaces__rosidl_typesupport_cpp.so" to ""
[4.443s] -- Installing: /home/ryung/Desktop/strider_ws/install/watchdog_interfaces/share/watchdog_interfaces/environment/pythonpath.sh
[4.443s] -- Installing: /home/ryung/Desktop/strider_ws/install/watchdog_interfaces/share/watchdog_interfaces/environment/pythonpath.dsv
[4.443s] -- Installing: /home/ryung/Desktop/strider_ws/install/watchdog_interfaces/local/lib/python3.10/dist-packages/watchdog_interfaces-0.0.0-py3.10.egg-info
[4.444s] -- Installing: /home/ryung/Desktop/strider_ws/install/watchdog_interfaces/local/lib/python3.10/dist-packages/watchdog_interfaces-0.0.0-py3.10.egg-info/SOURCES.txt
[4.444s] -- Installing: /home/ryung/Desktop/strider_ws/install/watchdog_interfaces/local/lib/python3.10/dist-packages/watchdog_interfaces-0.0.0-py3.10.egg-info/top_level.txt
[4.444s] -- Installing: /home/ryung/Desktop/strider_ws/install/watchdog_interfaces/local/lib/python3.10/dist-packages/watchdog_interfaces-0.0.0-py3.10.egg-info/PKG-INFO
[4.444s] -- Installing: /home/ryung/Desktop/strider_ws/install/watchdog_interfaces/local/lib/python3.10/dist-packages/watchdog_interfaces-0.0.0-py3.10.egg-info/dependency_links.txt
[4.444s] -- Installing: /home/ryung/Desktop/strider_ws/install/watchdog_interfaces/local/lib/python3.10/dist-packages/watchdog_interfaces
[4.444s] -- Installing: /home/ryung/Desktop/strider_ws/install/watchdog_interfaces/local/lib/python3.10/dist-packages/watchdog_interfaces/watchdog_interfaces_s__rosidl_typesupport_fastrtps_c.cpython-310-x86_64-linux-gnu.so
[4.444s] -- Installing: /home/ryung/Desktop/strider_ws/install/watchdog_interfaces/local/lib/python3.10/dist-packages/watchdog_interfaces/_watchdog_interfaces_s.ep.rosidl_typesupport_introspection_c.c
[4.444s] -- Installing: /home/ryung/Desktop/strider_ws/install/watchdog_interfaces/local/lib/python3.10/dist-packages/watchdog_interfaces/msg
[4.444s] -- Installing: /home/ryung/Desktop/strider_ws/install/watchdog_interfaces/local/lib/python3.10/dist-packages/watchdog_interfaces/msg/_node_state_s.c
[4.445s] -- Installing: /home/ryung/Desktop/strider_ws/install/watchdog_interfaces/local/lib/python3.10/dist-packages/watchdog_interfaces/msg/__init__.py
[4.445s] -- Installing: /home/ryung/Desktop/strider_ws/install/watchdog_interfaces/local/lib/python3.10/dist-packages/watchdog_interfaces/msg/_node_state.py
[4.445s] -- Installing: /home/ryung/Desktop/strider_ws/install/watchdog_interfaces/local/lib/python3.10/dist-packages/watchdog_interfaces/libwatchdog_interfaces__rosidl_generator_py.so
[4.445s] -- Installing: /home/ryung/Desktop/strider_ws/install/watchdog_interfaces/local/lib/python3.10/dist-packages/watchdog_interfaces/watchdog_interfaces_s__rosidl_typesupport_c.cpython-310-x86_64-linux-gnu.so
[4.445s] -- Installing: /home/ryung/Desktop/strider_ws/install/watchdog_interfaces/local/lib/python3.10/dist-packages/watchdog_interfaces/__init__.py
[4.445s] -- Installing: /home/ryung/Desktop/strider_ws/install/watchdog_interfaces/local/lib/python3.10/dist-packages/watchdog_interfaces/_watchdog_interfaces_s.ep.rosidl_typesupport_c.c
[4.445s] -- Installing: /home/ryung/Desktop/strider_ws/install/watchdog_interfaces/local/lib/python3.10/dist-packages/watchdog_interfaces/watchdog_interfaces_s__rosidl_typesupport_introspection_c.cpython-310-x86_64-linux-gnu.so
[4.445s] -- Installing: /home/ryung/Desktop/strider_ws/install/watchdog_interfaces/local/lib/python3.10/dist-packages/watchdog_interfaces/_watchdog_interfaces_s.ep.rosidl_typesupport_fastrtps_c.c
[4.476s] Listing '/home/ryung/Desktop/strider_ws/install/watchdog_interfaces/local/lib/python3.10/dist-packages/watchdog_interfaces'...
[4.476s] Compiling '/home/ryung/Desktop/strider_ws/install/watchdog_interfaces/local/lib/python3.10/dist-packages/watchdog_interfaces/__init__.py'...
[4.476s] Listing '/home/ryung/Desktop/strider_ws/install/watchdog_interfaces/local/lib/python3.10/dist-packages/watchdog_interfaces/msg'...
[4.476s] Compiling '/home/ryung/Desktop/strider_ws/install/watchdog_interfaces/local/lib/python3.10/dist-packages/watchdog_interfaces/msg/__init__.py'...
[4.476s] Compiling '/home/ryung/Desktop/strider_ws/install/watchdog_interfaces/local/lib/python3.10/dist-packages/watchdog_interfaces/msg/_node_state.py'...
[4.483s] -- Installing: /home/ryung/Desktop/strider_ws/install/watchdog_interfaces/local/lib/python3.10/dist-packages/watchdog_interfaces/watchdog_interfaces_s__rosidl_typesupport_fastrtps_c.cpython-310-x86_64-linux-gnu.so
[4.487s] -- Set runtime path of "/home/ryung/Desktop/strider_ws/install/watchdog_interfaces/local/lib/python3.10/dist-packages/watchdog_interfaces/watchdog_interfaces_s__rosidl_typesupport_fastrtps_c.cpython-310-x86_64-linux-gnu.so" to ""
[4.487s] -- Installing: /home/ryung/Desktop/strider_ws/install/watchdog_interfaces/local/lib/python3.10/dist-packages/watchdog_interfaces/watchdog_interfaces_s__rosidl_typesupport_introspection_c.cpython-310-x86_64-linux-gnu.so
[4.487s] -- Set runtime path of "/home/ryung/Desktop/strider_ws/install/watchdog_interfaces/local/lib/python3.10/dist-packages/watchdog_interfaces/watchdog_interfaces_s__rosidl_typesupport_introspection_c.cpython-310-x86_64-linux-gnu.so" to ""
[4.487s] -- Installing: /home/ryung/Desktop/strider_ws/install/watchdog_interfaces/local/lib/python3.10/dist-packages/watchdog_interfaces/watchdog_interfaces_s__rosidl_typesupport_c.cpython-310-x86_64-linux-gnu.so
[4.487s] -- Set runtime path of "/home/ryung/Desktop/strider_ws/install/watchdog_interfaces/local/lib/python3.10/dist-packages/watchdog_interfaces/watchdog_interfaces_s__rosidl_typesupport_c.cpython-310-x86_64-linux-gnu.so" to ""
[4.487s] -- Installing: /home/ryung/Desktop/strider_ws/install/watchdog_interfaces/lib/libwatchdog_interfaces__rosidl_generator_py.so
[4.488s] -- Set runtime path of "/home/ryung/Desktop/strider_ws/install/watchdog_interfaces/lib/libwatchdog_interfaces__rosidl_generator_py.so" to ""
[4.488s] -- Installing: /home/ryung/Desktop/strider_ws/install/watchdog_interfaces/share/watchdog_interfaces/msg/NodeState.idl
[4.488s] -- Installing: /home/ryung/Desktop/strider_ws/install/watchdog_interfaces/share/watchdog_interfaces/msg/NodeState.msg
[4.488s] -- Installing: /home/ryung/Desktop/strider_ws/install/watchdog_interfaces/share/ament_index/resource_index/package_run_dependencies/watchdog_interfaces
[4.488s] -- Installing: /home/ryung/Desktop/strider_ws/install/watchdog_interfaces/share/ament_index/resource_index/parent_prefix_path/watchdog_interfaces
[4.489s] -- Installing: /home/ryung/Desktop/strider_ws/install/watchdog_interfaces/share/watchdog_interfaces/environment/ament_prefix_path.sh
[4.489s] -- Installing: /home/ryung/Desktop/strider_ws/install/watchdog_interfaces/share/watchdog_interfaces/environment/ament_prefix_path.dsv
[4.489s] -- Installing: /home/ryung/Desktop/strider_ws/install/watchdog_interfaces/share/watchdog_interfaces/environment/path.sh
[4.489s] -- Installing: /home/ryung/Desktop/strider_ws/install/watchdog_interfaces/share/watchdog_interfaces/environment/path.dsv
[4.490s] -- Installing: /home/ryung/Desktop/strider_ws/install/watchdog_interfaces/share/watchdog_interfaces/local_setup.bash
[4.490s] -- Installing: /home/ryung/Desktop/strider_ws/install/watchdog_interfaces/share/watchdog_interfaces/local_setup.sh
[4.490s] -- Installing: /home/ryung/Desktop/strider_ws/install/watchdog_interfaces/share/watchdog_interfaces/local_setup.zsh
[4.490s] -- Installing: /home/ryung/Desktop/strider_ws/install/watchdog_interfaces/share/watchdog_interfaces/local_setup.dsv
[4.490s] -- Installing: /home/ryung/Desktop/strider_ws/install/watchdog_interfaces/share/watchdog_interfaces/package.dsv
[4.491s] -- Installing: /home/ryung/Desktop/strider_ws/install/watchdog_interfaces/share/ament_index/resource_index/packages/watchdog_interfaces
[4.491s] -- Installing: /home/ryung/Desktop/strider_ws/install/watchdog_interfaces/share/watchdog_interfaces/cmake/export_watchdog_interfaces__rosidl_generator_cExport.cmake
[4.491s] -- Installing: /home/ryung/Desktop/strider_ws/install/watchdog_interfaces/share/watchdog_interfaces/cmake/export_watchdog_interfaces__rosidl_generator_cExport-noconfig.cmake
[4.491s] -- Installing: /home/ryung/Desktop/strider_ws/install/watchdog_interfaces/share/watchdog_interfaces/cmake/export_watchdog_interfaces__rosidl_typesupport_fastrtps_cExport.cmake
[4.491s] -- Installing: /home/ryung/Desktop/strider_ws/install/watchdog_interfaces/share/watchdog_interfaces/cmake/export_watchdog_interfaces__rosidl_typesupport_fastrtps_cExport-noconfig.cmake
[4.491s] -- Installing: /home/ryung/Desktop/strider_ws/install/watchdog_interfaces/share/watchdog_interfaces/cmake/watchdog_interfaces__rosidl_typesupport_introspection_cExport.cmake
[4.495s] -- Installing: /home/ryung/Desktop/strider_ws/install/watchdog_interfaces/share/watchdog_interfaces/cmake/watchdog_interfaces__rosidl_typesupport_introspection_cExport-noconfig.cmake
[4.495s] -- Installing: /home/ryung/Desktop/strider_ws/install/watchdog_interfaces/share/watchdog_interfaces/cmake/watchdog_interfaces__rosidl_typesupport_cExport.cmake
[4.496s] -- Installing: /home/ryung/Desktop/strider_ws/install/watchdog_interfaces/share/watchdog_interfaces/cmake/watchdog_interfaces__rosidl_typesupport_cExport-noconfig.cmake
[4.496s] -- Installing: /home/ryung/Desktop/strider_ws/install/watchdog_interfaces/share/watchdog_interfaces/cmake/export_watchdog_interfaces__rosidl_generator_cppExport.cmake
[4.496s] -- Installing: /home/ryung/Desktop/strider_ws/install/watchdog_interfaces/share/watchdog_interfaces/cmake/export_watchdog_interfaces__rosidl_typesupport_fastrtps_cppExport.cmake
[4.496s] -- Installing: /home/ryung/Desktop/strider_ws/install/watchdog_interfaces/share/watchdog_interfaces/cmake/export_watchdog_interfaces__rosidl_typesupport_fastrtps_cppExport-noconfig.cmake
[4.496s] -- Installing: /home/ryung/Desktop/strider_ws/install/watchdog_interfaces/share/watchdog_interfaces/cmake/watchdog_interfaces__rosidl_typesupport_introspection_cppExport.cmake
[4.496s] -- Installing: /home/ryung/Desktop/strider_ws/install/watchdog_interfaces/share/watchdog_interfaces/cmake/watchdog_interfaces__rosidl_typesupport_introspection_cppExport-noconfig.cmake
[4.496s] -- Installing: /home/ryung/Desktop/strider_ws/install/watchdog_interfaces/share/watchdog_interfaces/cmake/watchdog_interfaces__rosidl_typesupport_cppExport.cmake
[4.496s] -- Installing: /home/ryung/Desktop/strider_ws/install/watchdog_interfaces/share/watchdog_interfaces/cmake/watchdog_interfaces__rosidl_typesupport_cppExport-noconfig.cmake
[4.496s] -- Installing: /home/ryung/Desktop/strider_ws/install/watchdog_interfaces/share/watchdog_interfaces/cmake/export_watchdog_interfaces__rosidl_generator_pyExport.cmake
[4.496s] -- Installing: /home/ryung/Desktop/strider_ws/install/watchdog_interfaces/share/watchdog_interfaces/cmake/export_watchdog_interfaces__rosidl_generator_pyExport-noconfig.cmake
[4.496s] -- Installing: /home/ryung/Desktop/strider_ws/install/watchdog_interfaces/share/watchdog_interfaces/cmake/rosidl_cmake-extras.cmake
[4.496s] -- Installing: /home/ryung/Desktop/strider_ws/install/watchdog_interfaces/share/watchdog_interfaces/cmake/ament_cmake_export_include_directories-extras.cmake
[4.496s] -- Installing: /home/ryung/Desktop/strider_ws/install/watchdog_interfaces/share/watchdog_interfaces/cmake/ament_cmake_export_libraries-extras.cmake
[4.496s] -- Installing: /home/ryung/Desktop/strider_ws/install/watchdog_interfaces/share/watchdog_interfaces/cmake/ament_cmake_export_targets-extras.cmake
[4.496s] -- Installing: /home/ryung/Desktop/strider_ws/install/watchdog_interfaces/share/watchdog_interfaces/cmake/rosidl_cmake_export_typesupport_targets-extras.cmake
[4.496s] -- Installing: /home/ryung/Desktop/strider_ws/install/watchdog_interfaces/share/watchdog_interfaces/cmake/ament_cmake_export_dependencies-extras.cmake
[4.498s] -- Installing: /home/ryung/Desktop/strider_ws/install/watchdog_interfaces/share/watchdog_interfaces/cmake/rosidl_cmake_export_typesupport_libraries-extras.cmake
[4.498s] -- Installing: /home/ryung/Desktop/strider_ws/install/watchdog_interfaces/share/watchdog_interfaces/cmake/watchdog_interfacesConfig.cmake
[4.499s] -- Installing: /home/ryung/Desktop/strider_ws/install/watchdog_interfaces/share/watchdog_interfaces/cmake/watchdog_interfacesConfig-version.cmake
[4.499s] -- Installing: /home/ryung/Desktop/strider_ws/install/watchdog_interfaces/share/watchdog_interfaces/package.xml
[4.499s] Invoked command in '/home/ryung/Desktop/strider_ws/build/watchdog_interfaces' returned '0': CMAKE_PREFIX_PATH=/opt/ros/humble /usr/bin/cmake --install /home/ryung/Desktop/strider_ws/build/watchdog_interfaces
