running egg_info
creating ../../build/launch_manager/launch_manager.egg-info
writing ../../build/launch_manager/launch_manager.egg-info/PKG-INFO
writing dependency_links to ../../build/launch_manager/launch_manager.egg-info/dependency_links.txt
writing entry points to ../../build/launch_manager/launch_manager.egg-info/entry_points.txt
writing requirements to ../../build/launch_manager/launch_manager.egg-info/requires.txt
writing top-level names to ../../build/launch_manager/launch_manager.egg-info/top_level.txt
writing manifest file '../../build/launch_manager/launch_manager.egg-info/SOURCES.txt'
reading manifest file '../../build/launch_manager/launch_manager.egg-info/SOURCES.txt'
writing manifest file '../../build/launch_manager/launch_manager.egg-info/SOURCES.txt'
running build
running install
running install_data
creating /home/ryung/Desktop/strider_ws/install/launch_manager/share/ament_index
creating /home/ryung/Desktop/strider_ws/install/launch_manager/share/ament_index/resource_index
creating /home/ryung/Desktop/strider_ws/install/launch_manager/share/ament_index/resource_index/packages
copying resource/launch_manager -> /home/ryung/Desktop/strider_ws/install/launch_manager/share/ament_index/resource_index/packages
copying package.xml -> /home/ryung/Desktop/strider_ws/install/launch_manager/share/launch_manager
creating /home/ryung/Desktop/strider_ws/install/launch_manager/share/launch_manager/launch
copying launch/launch.py -> /home/ryung/Desktop/strider_ws/install/launch_manager/share/launch_manager/launch
running install_egg_info
Copying ../../build/launch_manager/launch_manager.egg-info to /home/ryung/Desktop/strider_ws/install/launch_manager/lib/python3.10/site-packages/launch_manager-0.1.0-py3.10.egg-info
running install_scripts
writing list of installed files to '/home/ryung/Desktop/strider_ws/build/launch_manager/install.log'
