[0.424s] Invoking command in '/home/ryung/Desktop/strider_ws/src/Launch': PYTHONPATH=/home/ryung/Desktop/strider_ws/build/launch_manager/prefix_override:/usr/lib/python3/dist-packages/colcon_core/task/python/colcon_distutils_commands:/home/ryung/Desktop/strider_ws/install/launch_manager/lib/python3.10/site-packages:${PYTHONPATH} /usr/bin/python3 -W ignore:setup.py install is deprecated -W ignore:easy_install command is deprecated setup.py egg_info --egg-base ../../build/launch_manager build --build-base /home/ryung/Desktop/strider_ws/build/launch_manager/build install --record /home/ryung/Desktop/strider_ws/build/launch_manager/install.log --single-version-externally-managed install_data
[0.619s] running egg_info
[0.619s] creating ../../build/launch_manager/launch_manager.egg-info
[0.619s] writing ../../build/launch_manager/launch_manager.egg-info/PKG-INFO
[0.619s] writing dependency_links to ../../build/launch_manager/launch_manager.egg-info/dependency_links.txt
[0.619s] writing entry points to ../../build/launch_manager/launch_manager.egg-info/entry_points.txt
[0.619s] writing requirements to ../../build/launch_manager/launch_manager.egg-info/requires.txt
[0.620s] writing top-level names to ../../build/launch_manager/launch_manager.egg-info/top_level.txt
[0.620s] writing manifest file '../../build/launch_manager/launch_manager.egg-info/SOURCES.txt'
[0.620s] reading manifest file '../../build/launch_manager/launch_manager.egg-info/SOURCES.txt'
[0.620s] writing manifest file '../../build/launch_manager/launch_manager.egg-info/SOURCES.txt'
[0.620s] running build
[0.620s] running install
[0.620s] running install_data
[0.621s] creating /home/ryung/Desktop/strider_ws/install/launch_manager/share/ament_index
[0.621s] creating /home/ryung/Desktop/strider_ws/install/launch_manager/share/ament_index/resource_index
[0.621s] creating /home/ryung/Desktop/strider_ws/install/launch_manager/share/ament_index/resource_index/packages
[0.621s] copying resource/launch_manager -> /home/ryung/Desktop/strider_ws/install/launch_manager/share/ament_index/resource_index/packages
[0.621s] copying package.xml -> /home/ryung/Desktop/strider_ws/install/launch_manager/share/launch_manager
[0.621s] creating /home/ryung/Desktop/strider_ws/install/launch_manager/share/launch_manager/launch
[0.621s] copying launch/launch.py -> /home/ryung/Desktop/strider_ws/install/launch_manager/share/launch_manager/launch
[0.621s] running install_egg_info
[0.622s] Copying ../../build/launch_manager/launch_manager.egg-info to /home/ryung/Desktop/strider_ws/install/launch_manager/lib/python3.10/site-packages/launch_manager-0.1.0-py3.10.egg-info
[0.622s] running install_scripts
[0.635s] writing list of installed files to '/home/ryung/Desktop/strider_ws/build/launch_manager/install.log'
[0.650s] Invoked command in '/home/ryung/Desktop/strider_ws/src/Launch' returned '0': PYTHONPATH=/home/ryung/Desktop/strider_ws/build/launch_manager/prefix_override:/usr/lib/python3/dist-packages/colcon_core/task/python/colcon_distutils_commands:/home/ryung/Desktop/strider_ws/install/launch_manager/lib/python3.10/site-packages:${PYTHONPATH} /usr/bin/python3 -W ignore:setup.py install is deprecated -W ignore:easy_install command is deprecated setup.py egg_info --egg-base ../../build/launch_manager build --build-base /home/ryung/Desktop/strider_ws/build/launch_manager/build install --record /home/ryung/Desktop/strider_ws/build/launch_manager/install.log --single-version-externally-managed install_data
