-- The C compiler identification is GNU 11.4.0
-- The CXX compiler identification is GNU 11.4.0
-- Detecting C compiler ABI info
-- Detecting C compiler ABI info - done
-- Check for working C compiler: /usr/bin/cc - skipped
-- Detecting C compile features
-- Detecting C compile features - done
-- Detecting CXX compiler ABI info
-- Detecting CXX compiler ABI info - done
-- Check for working CXX compiler: /usr/bin/c++ - skipped
-- Detecting CXX compile features
-- Detecting CXX compile features - done
-- Found ament_cmake: 1.3.11 (/opt/ros/humble/share/ament_cmake/cmake)
-- Found Python3: /usr/bin/python3 (found version "3.10.12") found components: Interpreter 
-- Found rclcpp_components: 16.0.11 (/opt/ros/humble/share/rclcpp_components/cmake)
-- Found rosidl_generator_c: 3.1.6 (/opt/ros/humble/share/rosidl_generator_c/cmake)
-- Found rosidl_adapter: 3.1.6 (/opt/ros/humble/share/rosidl_adapter/cmake)
-- Found rosidl_generator_cpp: 3.1.6 (/opt/ros/humble/share/rosidl_generator_cpp/cmake)
-- Using all available rosidl_typesupport_c: rosidl_typesupport_fastrtps_c;rosidl_typesupport_introspection_c
-- Using all available rosidl_typesupport_cpp: rosidl_typesupport_fastrtps_cpp;rosidl_typesupport_introspection_cpp
-- Found rmw_implementation_cmake: 6.1.2 (/opt/ros/humble/share/rmw_implementation_cmake/cmake)
-- Found rmw_fastrtps_cpp: 6.2.7 (/opt/ros/humble/share/rmw_fastrtps_cpp/cmake)
-- Found OpenSSL: /usr/lib/x86_64-linux-gnu/libcrypto.so (found version "3.0.2")  
-- Found FastRTPS: /opt/ros/humble/include  
-- Using RMW implementation 'rmw_fastrtps_cpp' as default
-- Looking for pthread.h
-- Looking for pthread.h - found
-- Performing Test CMAKE_HAVE_LIBC_PTHREAD
-- Performing Test CMAKE_HAVE_LIBC_PTHREAD - Success
-- Found Threads: TRUE  
-- Found controller_interfaces: 0.0.0 (/home/ryung/Desktop/strider_ws/install/controller_interfaces/share/controller_interfaces/cmake)
-- Found allocator_interfaces: 0.0.0 (/home/ryung/Desktop/strider_ws/install/allocator_interfaces/share/allocator_interfaces/cmake)
-- Found watchdog_interfaces: 0.0.0 (/home/ryung/Desktop/strider_ws/install/watchdog_interfaces/share/watchdog_interfaces/cmake)
-- Configuring done
-- Generating done
-- Build files have been written to: /home/ryung/Desktop/strider_ws/build/allocator
[ 50%] [32mBuilding CXX object CMakeFiles/allocator_worker.dir/src/allocator_worker.cpp.o[0m
[100%] [32m[1mLinking CXX executable allocator_worker[0m
[100%] Built target allocator_worker
-- Install configuration: ""
-- Installing: /home/ryung/Desktop/strider_ws/install/allocator/lib/allocator/allocator_worker
-- Set runtime path of "/home/ryung/Desktop/strider_ws/install/allocator/lib/allocator/allocator_worker" to ""
-- Installing: /home/ryung/Desktop/strider_ws/install/allocator/include/
-- Installing: /home/ryung/Desktop/strider_ws/install/allocator/include//allocator_worker.hpp
-- Installing: /home/ryung/Desktop/strider_ws/install/allocator/share/ament_index/resource_index/package_run_dependencies/allocator
-- Installing: /home/ryung/Desktop/strider_ws/install/allocator/share/ament_index/resource_index/parent_prefix_path/allocator
-- Installing: /home/ryung/Desktop/strider_ws/install/allocator/share/allocator/environment/ament_prefix_path.sh
-- Installing: /home/ryung/Desktop/strider_ws/install/allocator/share/allocator/environment/ament_prefix_path.dsv
-- Installing: /home/ryung/Desktop/strider_ws/install/allocator/share/allocator/environment/path.sh
-- Installing: /home/ryung/Desktop/strider_ws/install/allocator/share/allocator/environment/path.dsv
-- Installing: /home/ryung/Desktop/strider_ws/install/allocator/share/allocator/local_setup.bash
-- Installing: /home/ryung/Desktop/strider_ws/install/allocator/share/allocator/local_setup.sh
-- Installing: /home/ryung/Desktop/strider_ws/install/allocator/share/allocator/local_setup.zsh
-- Installing: /home/ryung/Desktop/strider_ws/install/allocator/share/allocator/local_setup.dsv
-- Installing: /home/ryung/Desktop/strider_ws/install/allocator/share/allocator/package.dsv
-- Installing: /home/ryung/Desktop/strider_ws/install/allocator/share/ament_index/resource_index/packages/allocator
-- Installing: /home/ryung/Desktop/strider_ws/install/allocator/share/allocator/cmake/allocatorConfig.cmake
-- Installing: /home/ryung/Desktop/strider_ws/install/allocator/share/allocator/cmake/allocatorConfig-version.cmake
-- Installing: /home/ryung/Desktop/strider_ws/install/allocator/share/allocator/package.xml
