[0.011s] Invoking command in '/home/ryung/Desktop/strider_ws/build/allocator': AMENT_PREFIX_PATH=/home/ryung/Desktop/strider_ws/install/watchdog_interfaces:/home/ryung/Desktop/strider_ws/install/controller_interfaces:/home/ryung/Desktop/strider_ws/install/allocator_interfaces:${AMENT_PREFIX_PATH} CMAKE_PREFIX_PATH=/home/ryung/Desktop/strider_ws/install/watchdog_interfaces:/home/ryung/Desktop/strider_ws/install/controller_interfaces:/home/ryung/Desktop/strider_ws/install/allocator_interfaces:/opt/ros/humble LD_LIBRARY_PATH=/home/ryung/Desktop/strider_ws/install/watchdog_interfaces/lib:/home/ryung/Desktop/strider_ws/install/controller_interfaces/lib:/home/ryung/Desktop/strider_ws/install/allocator_interfaces/lib:${LD_LIBRARY_PATH} PYTHONPATH=/home/ryung/Desktop/strider_ws/install/watchdog_interfaces/local/lib/python3.10/dist-packages:/home/ryung/Desktop/strider_ws/install/controller_interfaces/local/lib/python3.10/dist-packages:/home/ryung/Desktop/strider_ws/install/allocator_interfaces/local/lib/python3.10/dist-packages:${PYTHONPATH} /usr/bin/cmake /home/ryung/Desktop/strider_ws/src/Allocator/allocator -DCMAKE_INSTALL_PREFIX=/home/ryung/Desktop/strider_ws/install/allocator
[0.048s] -- The C compiler identification is GNU 11.4.0
[0.089s] -- The CXX compiler identification is GNU 11.4.0
[0.093s] -- Detecting C compiler ABI info
[0.140s] -- Detecting C compiler ABI info - done
[0.145s] -- Check for working C compiler: /usr/bin/cc - skipped
[0.145s] -- Detecting C compile features
[0.145s] -- Detecting C compile features - done
[0.147s] -- Detecting CXX compiler ABI info
[0.197s] -- Detecting CXX compiler ABI info - done
[0.202s] -- Check for working CXX compiler: /usr/bin/c++ - skipped
[0.202s] -- Detecting CXX compile features
[0.202s] -- Detecting CXX compile features - done
[0.204s] -- Found ament_cmake: 1.3.11 (/opt/ros/humble/share/ament_cmake/cmake)
[0.340s] -- Found Python3: /usr/bin/python3 (found version "3.10.12") found components: Interpreter 
[0.404s] -- Found rclcpp_components: 16.0.11 (/opt/ros/humble/share/rclcpp_components/cmake)
[0.441s] -- Found rosidl_generator_c: 3.1.6 (/opt/ros/humble/share/rosidl_generator_c/cmake)
[0.445s] -- Found rosidl_adapter: 3.1.6 (/opt/ros/humble/share/rosidl_adapter/cmake)
[0.449s] -- Found rosidl_generator_cpp: 3.1.6 (/opt/ros/humble/share/rosidl_generator_cpp/cmake)
[0.457s] -- Using all available rosidl_typesupport_c: rosidl_typesupport_fastrtps_c;rosidl_typesupport_introspection_c
[0.465s] -- Using all available rosidl_typesupport_cpp: rosidl_typesupport_fastrtps_cpp;rosidl_typesupport_introspection_cpp
[0.505s] -- Found rmw_implementation_cmake: 6.1.2 (/opt/ros/humble/share/rmw_implementation_cmake/cmake)
[0.506s] -- Found rmw_fastrtps_cpp: 6.2.7 (/opt/ros/humble/share/rmw_fastrtps_cpp/cmake)
[0.571s] -- Found OpenSSL: /usr/lib/x86_64-linux-gnu/libcrypto.so (found version "3.0.2")  
[0.590s] -- Found FastRTPS: /opt/ros/humble/include  
[0.619s] -- Using RMW implementation 'rmw_fastrtps_cpp' as default
[0.624s] -- Looking for pthread.h
[0.692s] -- Looking for pthread.h - found
[0.692s] -- Performing Test CMAKE_HAVE_LIBC_PTHREAD
[0.761s] -- Performing Test CMAKE_HAVE_LIBC_PTHREAD - Success
[0.762s] -- Found Threads: TRUE  
[0.823s] -- Found controller_interfaces: 0.0.0 (/home/ryung/Desktop/strider_ws/install/controller_interfaces/share/controller_interfaces/cmake)
[0.831s] -- Found allocator_interfaces: 0.0.0 (/home/ryung/Desktop/strider_ws/install/allocator_interfaces/share/allocator_interfaces/cmake)
[0.838s] -- Found watchdog_interfaces: 0.0.0 (/home/ryung/Desktop/strider_ws/install/watchdog_interfaces/share/watchdog_interfaces/cmake)
[0.891s] -- Configuring done
[0.898s] -- Generating done
[0.901s] -- Build files have been written to: /home/ryung/Desktop/strider_ws/build/allocator
[0.909s] Invoked command in '/home/ryung/Desktop/strider_ws/build/allocator' returned '0': AMENT_PREFIX_PATH=/home/ryung/Desktop/strider_ws/install/watchdog_interfaces:/home/ryung/Desktop/strider_ws/install/controller_interfaces:/home/ryung/Desktop/strider_ws/install/allocator_interfaces:${AMENT_PREFIX_PATH} CMAKE_PREFIX_PATH=/home/ryung/Desktop/strider_ws/install/watchdog_interfaces:/home/ryung/Desktop/strider_ws/install/controller_interfaces:/home/ryung/Desktop/strider_ws/install/allocator_interfaces:/opt/ros/humble LD_LIBRARY_PATH=/home/ryung/Desktop/strider_ws/install/watchdog_interfaces/lib:/home/ryung/Desktop/strider_ws/install/controller_interfaces/lib:/home/ryung/Desktop/strider_ws/install/allocator_interfaces/lib:${LD_LIBRARY_PATH} PYTHONPATH=/home/ryung/Desktop/strider_ws/install/watchdog_interfaces/local/lib/python3.10/dist-packages:/home/ryung/Desktop/strider_ws/install/controller_interfaces/local/lib/python3.10/dist-packages:/home/ryung/Desktop/strider_ws/install/allocator_interfaces/local/lib/python3.10/dist-packages:${PYTHONPATH} /usr/bin/cmake /home/ryung/Desktop/strider_ws/src/Allocator/allocator -DCMAKE_INSTALL_PREFIX=/home/ryung/Desktop/strider_ws/install/allocator
[0.910s] Invoking command in '/home/ryung/Desktop/strider_ws/build/allocator': AMENT_PREFIX_PATH=/home/ryung/Desktop/strider_ws/install/watchdog_interfaces:/home/ryung/Desktop/strider_ws/install/controller_interfaces:/home/ryung/Desktop/strider_ws/install/allocator_interfaces:${AMENT_PREFIX_PATH} CMAKE_PREFIX_PATH=/home/ryung/Desktop/strider_ws/install/watchdog_interfaces:/home/ryung/Desktop/strider_ws/install/controller_interfaces:/home/ryung/Desktop/strider_ws/install/allocator_interfaces:/opt/ros/humble LD_LIBRARY_PATH=/home/ryung/Desktop/strider_ws/install/watchdog_interfaces/lib:/home/ryung/Desktop/strider_ws/install/controller_interfaces/lib:/home/ryung/Desktop/strider_ws/install/allocator_interfaces/lib:${LD_LIBRARY_PATH} PYTHONPATH=/home/ryung/Desktop/strider_ws/install/watchdog_interfaces/local/lib/python3.10/dist-packages:/home/ryung/Desktop/strider_ws/install/controller_interfaces/local/lib/python3.10/dist-packages:/home/ryung/Desktop/strider_ws/install/allocator_interfaces/local/lib/python3.10/dist-packages:${PYTHONPATH} /usr/bin/cmake --build /home/ryung/Desktop/strider_ws/build/allocator -- -j16 -l16
[0.943s] [ 50%] [32mBuilding CXX object CMakeFiles/allocator_worker.dir/src/allocator_worker.cpp.o[0m
[7.997s] [100%] [32m[1mLinking CXX executable allocator_worker[0m
[8.267s] [100%] Built target allocator_worker
[8.275s] Invoked command in '/home/ryung/Desktop/strider_ws/build/allocator' returned '0': AMENT_PREFIX_PATH=/home/ryung/Desktop/strider_ws/install/watchdog_interfaces:/home/ryung/Desktop/strider_ws/install/controller_interfaces:/home/ryung/Desktop/strider_ws/install/allocator_interfaces:${AMENT_PREFIX_PATH} CMAKE_PREFIX_PATH=/home/ryung/Desktop/strider_ws/install/watchdog_interfaces:/home/ryung/Desktop/strider_ws/install/controller_interfaces:/home/ryung/Desktop/strider_ws/install/allocator_interfaces:/opt/ros/humble LD_LIBRARY_PATH=/home/ryung/Desktop/strider_ws/install/watchdog_interfaces/lib:/home/ryung/Desktop/strider_ws/install/controller_interfaces/lib:/home/ryung/Desktop/strider_ws/install/allocator_interfaces/lib:${LD_LIBRARY_PATH} PYTHONPATH=/home/ryung/Desktop/strider_ws/install/watchdog_interfaces/local/lib/python3.10/dist-packages:/home/ryung/Desktop/strider_ws/install/controller_interfaces/local/lib/python3.10/dist-packages:/home/ryung/Desktop/strider_ws/install/allocator_interfaces/local/lib/python3.10/dist-packages:${PYTHONPATH} /usr/bin/cmake --build /home/ryung/Desktop/strider_ws/build/allocator -- -j16 -l16
[8.276s] Invoking command in '/home/ryung/Desktop/strider_ws/build/allocator': AMENT_PREFIX_PATH=/home/ryung/Desktop/strider_ws/install/watchdog_interfaces:/home/ryung/Desktop/strider_ws/install/controller_interfaces:/home/ryung/Desktop/strider_ws/install/allocator_interfaces:${AMENT_PREFIX_PATH} CMAKE_PREFIX_PATH=/home/ryung/Desktop/strider_ws/install/watchdog_interfaces:/home/ryung/Desktop/strider_ws/install/controller_interfaces:/home/ryung/Desktop/strider_ws/install/allocator_interfaces:/opt/ros/humble LD_LIBRARY_PATH=/home/ryung/Desktop/strider_ws/install/watchdog_interfaces/lib:/home/ryung/Desktop/strider_ws/install/controller_interfaces/lib:/home/ryung/Desktop/strider_ws/install/allocator_interfaces/lib:${LD_LIBRARY_PATH} PYTHONPATH=/home/ryung/Desktop/strider_ws/install/watchdog_interfaces/local/lib/python3.10/dist-packages:/home/ryung/Desktop/strider_ws/install/controller_interfaces/local/lib/python3.10/dist-packages:/home/ryung/Desktop/strider_ws/install/allocator_interfaces/local/lib/python3.10/dist-packages:${PYTHONPATH} /usr/bin/cmake --install /home/ryung/Desktop/strider_ws/build/allocator
[8.280s] -- Install configuration: ""
[8.280s] -- Installing: /home/ryung/Desktop/strider_ws/install/allocator/lib/allocator/allocator_worker
[8.282s] -- Set runtime path of "/home/ryung/Desktop/strider_ws/install/allocator/lib/allocator/allocator_worker" to ""
[8.282s] -- Installing: /home/ryung/Desktop/strider_ws/install/allocator/include/
[8.282s] -- Installing: /home/ryung/Desktop/strider_ws/install/allocator/include//allocator_worker.hpp
[8.282s] -- Installing: /home/ryung/Desktop/strider_ws/install/allocator/share/ament_index/resource_index/package_run_dependencies/allocator
[8.283s] -- Installing: /home/ryung/Desktop/strider_ws/install/allocator/share/ament_index/resource_index/parent_prefix_path/allocator
[8.283s] -- Installing: /home/ryung/Desktop/strider_ws/install/allocator/share/allocator/environment/ament_prefix_path.sh
[8.283s] -- Installing: /home/ryung/Desktop/strider_ws/install/allocator/share/allocator/environment/ament_prefix_path.dsv
[8.283s] -- Installing: /home/ryung/Desktop/strider_ws/install/allocator/share/allocator/environment/path.sh
[8.283s] -- Installing: /home/ryung/Desktop/strider_ws/install/allocator/share/allocator/environment/path.dsv
[8.283s] -- Installing: /home/ryung/Desktop/strider_ws/install/allocator/share/allocator/local_setup.bash
[8.283s] -- Installing: /home/ryung/Desktop/strider_ws/install/allocator/share/allocator/local_setup.sh
[8.283s] -- Installing: /home/ryung/Desktop/strider_ws/install/allocator/share/allocator/local_setup.zsh
[8.283s] -- Installing: /home/ryung/Desktop/strider_ws/install/allocator/share/allocator/local_setup.dsv
[8.283s] -- Installing: /home/ryung/Desktop/strider_ws/install/allocator/share/allocator/package.dsv
[8.283s] -- Installing: /home/ryung/Desktop/strider_ws/install/allocator/share/ament_index/resource_index/packages/allocator
[8.283s] -- Installing: /home/ryung/Desktop/strider_ws/install/allocator/share/allocator/cmake/allocatorConfig.cmake
[8.283s] -- Installing: /home/ryung/Desktop/strider_ws/install/allocator/share/allocator/cmake/allocatorConfig-version.cmake
[8.283s] -- Installing: /home/ryung/Desktop/strider_ws/install/allocator/share/allocator/package.xml
[8.284s] Invoked command in '/home/ryung/Desktop/strider_ws/build/allocator' returned '0': AMENT_PREFIX_PATH=/home/ryung/Desktop/strider_ws/install/watchdog_interfaces:/home/ryung/Desktop/strider_ws/install/controller_interfaces:/home/ryung/Desktop/strider_ws/install/allocator_interfaces:${AMENT_PREFIX_PATH} CMAKE_PREFIX_PATH=/home/ryung/Desktop/strider_ws/install/watchdog_interfaces:/home/ryung/Desktop/strider_ws/install/controller_interfaces:/home/ryung/Desktop/strider_ws/install/allocator_interfaces:/opt/ros/humble LD_LIBRARY_PATH=/home/ryung/Desktop/strider_ws/install/watchdog_interfaces/lib:/home/ryung/Desktop/strider_ws/install/controller_interfaces/lib:/home/ryung/Desktop/strider_ws/install/allocator_interfaces/lib:${LD_LIBRARY_PATH} PYTHONPATH=/home/ryung/Desktop/strider_ws/install/watchdog_interfaces/local/lib/python3.10/dist-packages:/home/ryung/Desktop/strider_ws/install/controller_interfaces/local/lib/python3.10/dist-packages:/home/ryung/Desktop/strider_ws/install/allocator_interfaces/local/lib/python3.10/dist-packages:${PYTHONPATH} /usr/bin/cmake --install /home/ryung/Desktop/strider_ws/build/allocator
