[0.009s] Invoking command in '/home/ryung/Desktop/strider_ws/build/dynamixel_worker': AMENT_PREFIX_PATH=/home/ryung/Desktop/strider_ws/install/watchdog_interfaces:/home/ryung/Desktop/strider_ws/install/allocator_interfaces:${AMENT_PREFIX_PATH} CMAKE_PREFIX_PATH=/home/ryung/Desktop/strider_ws/install/watchdog_interfaces:/home/ryung/Desktop/strider_ws/install/allocator_interfaces:/opt/ros/humble LD_LIBRARY_PATH=/home/ryung/Desktop/strider_ws/install/watchdog_interfaces/lib:/home/ryung/Desktop/strider_ws/install/allocator_interfaces/lib:${LD_LIBRARY_PATH} PYTHONPATH=/home/ryung/Desktop/strider_ws/install/watchdog_interfaces/local/lib/python3.10/dist-packages:/home/ryung/Desktop/strider_ws/install/allocator_interfaces/local/lib/python3.10/dist-packages:${PYTHONPATH} /usr/bin/cmake /home/ryung/Desktop/strider_ws/src/Dynamixel/dynamixel_worker -DCMAKE_INSTALL_PREFIX=/home/ryung/Desktop/strider_ws/install/dynamixel_worker
[0.050s] -- The C compiler identification is GNU 11.4.0
[0.085s] -- The CXX compiler identification is GNU 11.4.0
[0.090s] -- Detecting C compiler ABI info
[0.131s] -- Detecting C compiler ABI info - done
[0.136s] -- Check for working C compiler: /usr/bin/cc - skipped
[0.136s] -- Detecting C compile features
[0.137s] -- Detecting C compile features - done
[0.138s] -- Detecting CXX compiler ABI info
[0.189s] -- Detecting CXX compiler ABI info - done
[0.196s] -- Check for working CXX compiler: /usr/bin/c++ - skipped
[0.196s] -- Detecting CXX compile features
[0.197s] -- Detecting CXX compile features - done
[0.197s] -- Found ament_cmake: 1.3.11 (/opt/ros/humble/share/ament_cmake/cmake)
[0.334s] -- Found Python3: /usr/bin/python3 (found version "3.10.12") found components: Interpreter 
[0.395s] -- Found rclcpp_components: 16.0.11 (/opt/ros/humble/share/rclcpp_components/cmake)
[0.428s] -- Found rosidl_generator_c: 3.1.6 (/opt/ros/humble/share/rosidl_generator_c/cmake)
[0.431s] -- Found rosidl_adapter: 3.1.6 (/opt/ros/humble/share/rosidl_adapter/cmake)
[0.436s] -- Found rosidl_generator_cpp: 3.1.6 (/opt/ros/humble/share/rosidl_generator_cpp/cmake)
[0.444s] -- Using all available rosidl_typesupport_c: rosidl_typesupport_fastrtps_c;rosidl_typesupport_introspection_c
[0.452s] -- Using all available rosidl_typesupport_cpp: rosidl_typesupport_fastrtps_cpp;rosidl_typesupport_introspection_cpp
[0.492s] -- Found rmw_implementation_cmake: 6.1.2 (/opt/ros/humble/share/rmw_implementation_cmake/cmake)
[0.494s] -- Found rmw_fastrtps_cpp: 6.2.7 (/opt/ros/humble/share/rmw_fastrtps_cpp/cmake)
[0.551s] -- Found OpenSSL: /usr/lib/x86_64-linux-gnu/libcrypto.so (found version "3.0.2")  
[0.566s] -- Found FastRTPS: /opt/ros/humble/include  
[0.594s] -- Using RMW implementation 'rmw_fastrtps_cpp' as default
[0.598s] -- Looking for pthread.h
[0.653s] -- Looking for pthread.h - found
[0.653s] -- Performing Test CMAKE_HAVE_LIBC_PTHREAD
[0.701s] -- Performing Test CMAKE_HAVE_LIBC_PTHREAD - Success
[0.702s] -- Found Threads: TRUE  
[0.735s] -- Found dynamixel_sdk: 3.7.60 (/opt/ros/humble/share/dynamixel_sdk/cmake)
[0.737s] -- Found allocator_interfaces: 0.0.0 (/home/ryung/Desktop/strider_ws/install/allocator_interfaces/share/allocator_interfaces/cmake)
[0.744s] -- Found watchdog_interfaces: 0.0.0 (/home/ryung/Desktop/strider_ws/install/watchdog_interfaces/share/watchdog_interfaces/cmake)
[0.811s] -- Configuring done
[0.821s] -- Generating done
[0.825s] -- Build files have been written to: /home/ryung/Desktop/strider_ws/build/dynamixel_worker
[0.832s] Invoked command in '/home/ryung/Desktop/strider_ws/build/dynamixel_worker' returned '0': AMENT_PREFIX_PATH=/home/ryung/Desktop/strider_ws/install/watchdog_interfaces:/home/ryung/Desktop/strider_ws/install/allocator_interfaces:${AMENT_PREFIX_PATH} CMAKE_PREFIX_PATH=/home/ryung/Desktop/strider_ws/install/watchdog_interfaces:/home/ryung/Desktop/strider_ws/install/allocator_interfaces:/opt/ros/humble LD_LIBRARY_PATH=/home/ryung/Desktop/strider_ws/install/watchdog_interfaces/lib:/home/ryung/Desktop/strider_ws/install/allocator_interfaces/lib:${LD_LIBRARY_PATH} PYTHONPATH=/home/ryung/Desktop/strider_ws/install/watchdog_interfaces/local/lib/python3.10/dist-packages:/home/ryung/Desktop/strider_ws/install/allocator_interfaces/local/lib/python3.10/dist-packages:${PYTHONPATH} /usr/bin/cmake /home/ryung/Desktop/strider_ws/src/Dynamixel/dynamixel_worker -DCMAKE_INSTALL_PREFIX=/home/ryung/Desktop/strider_ws/install/dynamixel_worker
[0.833s] Invoking command in '/home/ryung/Desktop/strider_ws/build/dynamixel_worker': AMENT_PREFIX_PATH=/home/ryung/Desktop/strider_ws/install/watchdog_interfaces:/home/ryung/Desktop/strider_ws/install/allocator_interfaces:${AMENT_PREFIX_PATH} CMAKE_PREFIX_PATH=/home/ryung/Desktop/strider_ws/install/watchdog_interfaces:/home/ryung/Desktop/strider_ws/install/allocator_interfaces:/opt/ros/humble LD_LIBRARY_PATH=/home/ryung/Desktop/strider_ws/install/watchdog_interfaces/lib:/home/ryung/Desktop/strider_ws/install/allocator_interfaces/lib:${LD_LIBRARY_PATH} PYTHONPATH=/home/ryung/Desktop/strider_ws/install/watchdog_interfaces/local/lib/python3.10/dist-packages:/home/ryung/Desktop/strider_ws/install/allocator_interfaces/local/lib/python3.10/dist-packages:${PYTHONPATH} /usr/bin/cmake --build /home/ryung/Desktop/strider_ws/build/dynamixel_worker -- -j16 -l16
[0.881s] [ 50%] [32mBuilding CXX object CMakeFiles/dynamixel_worker.dir/src/dynamixel_worker.cpp.o[0m
[6.531s] [100%] [32m[1mLinking CXX executable dynamixel_worker[0m
[6.787s] [100%] Built target dynamixel_worker
[6.796s] Invoked command in '/home/ryung/Desktop/strider_ws/build/dynamixel_worker' returned '0': AMENT_PREFIX_PATH=/home/ryung/Desktop/strider_ws/install/watchdog_interfaces:/home/ryung/Desktop/strider_ws/install/allocator_interfaces:${AMENT_PREFIX_PATH} CMAKE_PREFIX_PATH=/home/ryung/Desktop/strider_ws/install/watchdog_interfaces:/home/ryung/Desktop/strider_ws/install/allocator_interfaces:/opt/ros/humble LD_LIBRARY_PATH=/home/ryung/Desktop/strider_ws/install/watchdog_interfaces/lib:/home/ryung/Desktop/strider_ws/install/allocator_interfaces/lib:${LD_LIBRARY_PATH} PYTHONPATH=/home/ryung/Desktop/strider_ws/install/watchdog_interfaces/local/lib/python3.10/dist-packages:/home/ryung/Desktop/strider_ws/install/allocator_interfaces/local/lib/python3.10/dist-packages:${PYTHONPATH} /usr/bin/cmake --build /home/ryung/Desktop/strider_ws/build/dynamixel_worker -- -j16 -l16
[6.797s] Invoking command in '/home/ryung/Desktop/strider_ws/build/dynamixel_worker': AMENT_PREFIX_PATH=/home/ryung/Desktop/strider_ws/install/watchdog_interfaces:/home/ryung/Desktop/strider_ws/install/allocator_interfaces:${AMENT_PREFIX_PATH} CMAKE_PREFIX_PATH=/home/ryung/Desktop/strider_ws/install/watchdog_interfaces:/home/ryung/Desktop/strider_ws/install/allocator_interfaces:/opt/ros/humble LD_LIBRARY_PATH=/home/ryung/Desktop/strider_ws/install/watchdog_interfaces/lib:/home/ryung/Desktop/strider_ws/install/allocator_interfaces/lib:${LD_LIBRARY_PATH} PYTHONPATH=/home/ryung/Desktop/strider_ws/install/watchdog_interfaces/local/lib/python3.10/dist-packages:/home/ryung/Desktop/strider_ws/install/allocator_interfaces/local/lib/python3.10/dist-packages:${PYTHONPATH} /usr/bin/cmake --install /home/ryung/Desktop/strider_ws/build/dynamixel_worker
[6.802s] -- Install configuration: ""
[6.802s] -- Installing: /home/ryung/Desktop/strider_ws/install/dynamixel_worker/lib/dynamixel_worker/dynamixel_worker
[6.804s] -- Set runtime path of "/home/ryung/Desktop/strider_ws/install/dynamixel_worker/lib/dynamixel_worker/dynamixel_worker" to ""
[6.804s] -- Installing: /home/ryung/Desktop/strider_ws/install/dynamixel_worker/include/
[6.804s] -- Installing: /home/ryung/Desktop/strider_ws/install/dynamixel_worker/include//dynamixel_worker.hpp
[6.804s] -- Installing: /home/ryung/Desktop/strider_ws/install/dynamixel_worker/share/ament_index/resource_index/package_run_dependencies/dynamixel_worker
[6.804s] -- Installing: /home/ryung/Desktop/strider_ws/install/dynamixel_worker/share/ament_index/resource_index/parent_prefix_path/dynamixel_worker
[6.804s] -- Installing: /home/ryung/Desktop/strider_ws/install/dynamixel_worker/share/dynamixel_worker/environment/ament_prefix_path.sh
[6.804s] -- Installing: /home/ryung/Desktop/strider_ws/install/dynamixel_worker/share/dynamixel_worker/environment/ament_prefix_path.dsv
[6.804s] -- Installing: /home/ryung/Desktop/strider_ws/install/dynamixel_worker/share/dynamixel_worker/environment/path.sh
[6.804s] -- Installing: /home/ryung/Desktop/strider_ws/install/dynamixel_worker/share/dynamixel_worker/environment/path.dsv
[6.804s] -- Installing: /home/ryung/Desktop/strider_ws/install/dynamixel_worker/share/dynamixel_worker/local_setup.bash
[6.804s] -- Installing: /home/ryung/Desktop/strider_ws/install/dynamixel_worker/share/dynamixel_worker/local_setup.sh
[6.804s] -- Installing: /home/ryung/Desktop/strider_ws/install/dynamixel_worker/share/dynamixel_worker/local_setup.zsh
[6.805s] -- Installing: /home/ryung/Desktop/strider_ws/install/dynamixel_worker/share/dynamixel_worker/local_setup.dsv
[6.805s] -- Installing: /home/ryung/Desktop/strider_ws/install/dynamixel_worker/share/dynamixel_worker/package.dsv
[6.805s] -- Installing: /home/ryung/Desktop/strider_ws/install/dynamixel_worker/share/ament_index/resource_index/packages/dynamixel_worker
[6.805s] -- Installing: /home/ryung/Desktop/strider_ws/install/dynamixel_worker/share/dynamixel_worker/cmake/dynamixel_workerConfig.cmake
[6.805s] -- Installing: /home/ryung/Desktop/strider_ws/install/dynamixel_worker/share/dynamixel_worker/cmake/dynamixel_workerConfig-version.cmake
[6.805s] -- Installing: /home/ryung/Desktop/strider_ws/install/dynamixel_worker/share/dynamixel_worker/package.xml
[6.806s] Invoked command in '/home/ryung/Desktop/strider_ws/build/dynamixel_worker' returned '0': AMENT_PREFIX_PATH=/home/ryung/Desktop/strider_ws/install/watchdog_interfaces:/home/ryung/Desktop/strider_ws/install/allocator_interfaces:${AMENT_PREFIX_PATH} CMAKE_PREFIX_PATH=/home/ryung/Desktop/strider_ws/install/watchdog_interfaces:/home/ryung/Desktop/strider_ws/install/allocator_interfaces:/opt/ros/humble LD_LIBRARY_PATH=/home/ryung/Desktop/strider_ws/install/watchdog_interfaces/lib:/home/ryung/Desktop/strider_ws/install/allocator_interfaces/lib:${LD_LIBRARY_PATH} PYTHONPATH=/home/ryung/Desktop/strider_ws/install/watchdog_interfaces/local/lib/python3.10/dist-packages:/home/ryung/Desktop/strider_ws/install/allocator_interfaces/local/lib/python3.10/dist-packages:${PYTHONPATH} /usr/bin/cmake --install /home/ryung/Desktop/strider_ws/build/dynamixel_worker
